{
"L:\\projects\\essencejs\\src\\Config.js":{"path":"L:\\projects\\essencejs\\src\\Config.js","s":{"1":1,"2":109,"3":1},"b":{"1":[109,1,108]},"f":{"1":109},"fnMap":{"1":{"name":"Config","line":18,"loc":{"start":{"line":18,"column":13},"end":{"line":18,"column":37}}}},"statementMap":{"1":{"start":{"line":18,"column":0},"end":{"line":24,"column":2}},"2":{"start":{"line":23,"column":4},"end":{"line":23,"column":55}},"3":{"start":{"line":26,"column":0},"end":{"line":26,"column":24}}},"branchMap":{"1":{"line":23,"type":"binary-expr","locations":[{"start":{"line":23,"column":20},"end":{"line":23,"column":26}},{"start":{"line":23,"column":30},"end":{"line":23,"column":44}},{"start":{"line":23,"column":49},"end":{"line":23,"column":54}}]}},"l":{"18":1,"23":109,"26":1}},
"L:\\projects\\essencejs\\src\\Resolvable.js":{"path":"L:\\projects\\essencejs\\src\\Resolvable.js","s":{"1":1,"2":724,"3":724,"4":724,"5":724,"6":724,"7":1,"8":129,"9":56,"10":73,"11":1,"12":694,"13":694,"14":694,"15":694,"16":1},"b":{"1":[724,722],"2":[724,722],"3":[724,722,700],"4":[724,722,722],"5":[724,722],"6":[56,73],"7":[129,77]},"f":{"1":724,"2":129,"3":694},"fnMap":{"1":{"name":"Resolvable","line":21,"loc":{"start":{"line":21,"column":17},"end":{"line":21,"column":45}}},"2":{"name":"get","line":72,"loc":{"start":{"line":72,"column":27},"end":{"line":72,"column":58}}},"3":{"name":"dispose","line":86,"loc":{"start":{"line":86,"column":31},"end":{"line":86,"column":50}}}},"statementMap":{"1":{"start":{"line":21,"column":0},"end":{"line":52,"column":2}},"2":{"start":{"line":26,"column":4},"end":{"line":26,"column":48}},"3":{"start":{"line":32,"column":4},"end":{"line":32,"column":36}},"4":{"start":{"line":39,"column":4},"end":{"line":39,"column":67}},"5":{"start":{"line":45,"column":4},"end":{"line":45,"column":54}},"6":{"start":{"line":51,"column":4},"end":{"line":51,"column":38}},"7":{"start":{"line":72,"column":0},"end":{"line":81,"column":2}},"8":{"start":{"line":73,"column":4},"end":{"line":80,"column":5}},"9":{"start":{"line":76,"column":8},"end":{"line":76,"column":36}},"10":{"start":{"line":79,"column":8},"end":{"line":79,"column":34}},"11":{"start":{"line":86,"column":0},"end":{"line":91,"column":2}},"12":{"start":{"line":87,"column":4},"end":{"line":87,"column":21}},"13":{"start":{"line":88,"column":4},"end":{"line":88,"column":30}},"14":{"start":{"line":89,"column":4},"end":{"line":89,"column":25}},"15":{"start":{"line":90,"column":4},"end":{"line":90,"column":21}},"16":{"start":{"line":93,"column":0},"end":{"line":93,"column":28}}},"branchMap":{"1":{"line":26,"type":"binary-expr","locations":[{"start":{"line":26,"column":21},"end":{"line":26,"column":27}},{"start":{"line":26,"column":31},"end":{"line":26,"column":47}}]},"2":{"line":32,"type":"binary-expr","locations":[{"start":{"line":32,"column":15},"end":{"line":32,"column":21}},{"start":{"line":32,"column":25},"end":{"line":32,"column":35}}]},"3":{"line":39,"type":"binary-expr","locations":[{"start":{"line":39,"column":26},"end":{"line":39,"column":32}},{"start":{"line":39,"column":36},"end":{"line":39,"column":56}},{"start":{"line":39,"column":61},"end":{"line":39,"column":66}}]},"4":{"line":45,"type":"binary-expr","locations":[{"start":{"line":45,"column":21},"end":{"line":45,"column":27}},{"start":{"line":45,"column":31},"end":{"line":45,"column":46}},{"start":{"line":45,"column":51},"end":{"line":45,"column":53}}]},"5":{"line":51,"type":"binary-expr","locations":[{"start":{"line":51,"column":16},"end":{"line":51,"column":22}},{"start":{"line":51,"column":26},"end":{"line":51,"column":37}}]},"6":{"line":73,"type":"if","locations":[{"start":{"line":73,"column":4},"end":{"line":73,"column":4}},{"start":{"line":73,"column":4},"end":{"line":73,"column":4}}]},"7":{"line":73,"type":"binary-expr","locations":[{"start":{"line":73,"column":8},"end":{"line":73,"column":39}},{"start":{"line":73,"column":43},"end":{"line":73,"column":85}}]}},"l":{"21":1,"26":724,"32":724,"39":724,"45":724,"51":724,"72":1,"73":129,"76":56,"79":73,"86":1,"87":694,"88":694,"89":694,"90":694,"93":1}},
"L:\\projects\\essencejs\\src\\Registration.js":{"path":"L:\\projects\\essencejs\\src\\Registration.js","s":{"1":1,"2":1,"3":119,"4":119,"5":128,"6":119,"7":119,"8":824,"9":824,"10":60,"11":824,"12":1,"13":721,"14":1,"15":720,"16":1,"17":719,"18":719,"19":0,"20":719,"21":2,"22":719,"23":1,"24":1073,"25":1073,"26":1073,"27":116,"28":1073,"29":812,"30":812,"31":75,"32":812,"33":1073,"34":3,"35":1070,"36":69,"37":1001,"38":7,"39":994,"40":1,"41":694,"42":694,"43":2,"44":2,"45":2,"46":2,"47":694,"48":692,"49":694,"50":694,"51":694,"52":1,"53":106,"54":106,"55":689,"56":106,"57":1},"b":{"1":[60,764],"2":[824,153],"3":[1,720],"4":[1,719],"5":[720,719],"6":[61,658],"7":[0,719],"8":[719,9],"9":[2,717],"10":[719,61,61,2],"11":[1073,760,313],"12":[743,17],"13":[116,957],"14":[1073,320],"15":[75,737],"16":[3,1070],"17":[69,1001],"18":[7,994],"19":[1001,9,9],"20":[694,2,692],"21":[1,1],"22":[2,0],"23":[692,2],"24":[694,693,693]},"f":{"1":119,"2":128,"3":119,"4":824,"5":721,"6":1073,"7":812,"8":694,"9":2,"10":694,"11":106,"12":689},"fnMap":{"1":{"name":"Registration","line":12,"loc":{"start":{"line":12,"column":19},"end":{"line":12,"column":43}}},"2":{"name":"(anonymous_2)","line":27,"loc":{"start":{"line":27,"column":14},"end":{"line":27,"column":26}}},"3":{"name":"(anonymous_3)","line":40,"loc":{"start":{"line":40,"column":14},"end":{"line":40,"column":26}}},"4":{"name":"(anonymous_4)","line":41,"loc":{"start":{"line":41,"column":36},"end":{"line":41,"column":63}}},"5":{"name":"add","line":59,"loc":{"start":{"line":59,"column":29},"end":{"line":59,"column":54}}},"6":{"name":"get","line":93,"loc":{"start":{"line":93,"column":29},"end":{"line":93,"column":59}}},"7":{"name":"(anonymous_7)","line":103,"loc":{"start":{"line":103,"column":36},"end":{"line":103,"column":66}}},"8":{"name":"remove","line":137,"loc":{"start":{"line":137,"column":32},"end":{"line":137,"column":65}}},"9":{"name":"(anonymous_9)","line":141,"loc":{"start":{"line":141,"column":36},"end":{"line":141,"column":66}}},"10":{"name":"(anonymous_10)","line":156,"loc":{"start":{"line":156,"column":20},"end":{"line":156,"column":35}}},"11":{"name":"dispose","line":165,"loc":{"start":{"line":165,"column":33},"end":{"line":165,"column":52}}},"12":{"name":"(anonymous_12)","line":169,"loc":{"start":{"line":169,"column":16},"end":{"line":169,"column":31}}}},"statementMap":{"1":{"start":{"line":5,"column":0},"end":{"line":6,"column":29}},"2":{"start":{"line":12,"column":0},"end":{"line":52,"column":2}},"3":{"start":{"line":17,"column":4},"end":{"line":17,"column":25}},"4":{"start":{"line":26,"column":4},"end":{"line":30,"column":7}},"5":{"start":{"line":28,"column":12},"end":{"line":28,"column":48}},"6":{"start":{"line":39,"column":4},"end":{"line":51,"column":7}},"7":{"start":{"line":41,"column":12},"end":{"line":50,"column":8}},"8":{"start":{"line":42,"column":16},"end":{"line":42,"column":63}},"9":{"start":{"line":44,"column":16},"end":{"line":46,"column":17}},"10":{"start":{"line":45,"column":20},"end":{"line":45,"column":60}},"11":{"start":{"line":48,"column":16},"end":{"line":48,"column":34}},"12":{"start":{"line":59,"column":0},"end":{"line":84,"column":2}},"13":{"start":{"line":60,"column":4},"end":{"line":60,"column":113}},"14":{"start":{"line":60,"column":47},"end":{"line":60,"column":111}},"15":{"start":{"line":61,"column":4},"end":{"line":61,"column":137}},"16":{"start":{"line":61,"column":67},"end":{"line":61,"column":135}},"17":{"start":{"line":63,"column":4},"end":{"line":64,"column":27}},"18":{"start":{"line":66,"column":4},"end":{"line":71,"column":5}},"19":{"start":{"line":70,"column":8},"end":{"line":70,"column":35}},"20":{"start":{"line":73,"column":4},"end":{"line":81,"column":5}},"21":{"start":{"line":80,"column":8},"end":{"line":80,"column":53}},"22":{"start":{"line":83,"column":4},"end":{"line":83,"column":48}},"23":{"start":{"line":93,"column":0},"end":{"line":131,"column":2}},"24":{"start":{"line":94,"column":4},"end":{"line":94,"column":20}},"25":{"start":{"line":96,"column":4},"end":{"line":96,"column":93}},"26":{"start":{"line":98,"column":4},"end":{"line":101,"column":5}},"27":{"start":{"line":100,"column":8},"end":{"line":100,"column":37}},"28":{"start":{"line":103,"column":4},"end":{"line":111,"column":11}},"29":{"start":{"line":104,"column":8},"end":{"line":105,"column":47}},"30":{"start":{"line":107,"column":8},"end":{"line":109,"column":9}},"31":{"start":{"line":108,"column":12},"end":{"line":108,"column":36}},"32":{"start":{"line":110,"column":8},"end":{"line":110,"column":23}},"33":{"start":{"line":113,"column":4},"end":{"line":116,"column":5}},"34":{"start":{"line":115,"column":8},"end":{"line":115,"column":99}},"35":{"start":{"line":118,"column":4},"end":{"line":121,"column":5}},"36":{"start":{"line":120,"column":8},"end":{"line":120,"column":43}},"37":{"start":{"line":123,"column":4},"end":{"line":127,"column":5}},"38":{"start":{"line":126,"column":8},"end":{"line":126,"column":67}},"39":{"start":{"line":130,"column":4},"end":{"line":130,"column":32}},"40":{"start":{"line":137,"column":0},"end":{"line":160,"column":2}},"41":{"start":{"line":138,"column":4},"end":{"line":138,"column":93}},"42":{"start":{"line":140,"column":4},"end":{"line":149,"column":11}},"43":{"start":{"line":142,"column":8},"end":{"line":143,"column":47}},"44":{"start":{"line":145,"column":8},"end":{"line":147,"column":9}},"45":{"start":{"line":146,"column":12},"end":{"line":146,"column":36}},"46":{"start":{"line":148,"column":8},"end":{"line":148,"column":23}},"47":{"start":{"line":151,"column":4},"end":{"line":154,"column":5}},"48":{"start":{"line":153,"column":8},"end":{"line":153,"column":26}},"49":{"start":{"line":156,"column":4},"end":{"line":159,"column":7}},"50":{"start":{"line":157,"column":8},"end":{"line":157,"column":95}},"51":{"start":{"line":158,"column":8},"end":{"line":158,"column":36}},"52":{"start":{"line":165,"column":0},"end":{"line":174,"column":2}},"53":{"start":{"line":166,"column":4},"end":{"line":166,"column":20}},"54":{"start":{"line":168,"column":4},"end":{"line":171,"column":11}},"55":{"start":{"line":170,"column":12},"end":{"line":170,"column":29}},"56":{"start":{"line":173,"column":4},"end":{"line":173,"column":27}},"57":{"start":{"line":176,"column":0},"end":{"line":176,"column":30}}},"branchMap":{"1":{"line":44,"type":"if","locations":[{"start":{"line":44,"column":16},"end":{"line":44,"column":16}},{"start":{"line":44,"column":16},"end":{"line":44,"column":16}}]},"2":{"line":44,"type":"binary-expr","locations":[{"start":{"line":44,"column":20},"end":{"line":44,"column":42}},{"start":{"line":44,"column":46},"end":{"line":44,"column":92}}]},"3":{"line":60,"type":"if","locations":[{"start":{"line":60,"column":4},"end":{"line":60,"column":4}},{"start":{"line":60,"column":4},"end":{"line":60,"column":4}}]},"4":{"line":61,"type":"if","locations":[{"start":{"line":61,"column":4},"end":{"line":61,"column":4}},{"start":{"line":61,"column":4},"end":{"line":61,"column":4}}]},"5":{"line":61,"type":"binary-expr","locations":[{"start":{"line":61,"column":8},"end":{"line":61,"column":36}},{"start":{"line":61,"column":40},"end":{"line":61,"column":63}}]},"6":{"line":63,"type":"cond-expr","locations":[{"start":{"line":63,"column":48},"end":{"line":63,"column":75}},{"start":{"line":63,"column":78},"end":{"line":63,"column":80}}]},"7":{"line":66,"type":"if","locations":[{"start":{"line":66,"column":4},"end":{"line":66,"column":4}},{"start":{"line":66,"column":4},"end":{"line":66,"column":4}}]},"8":{"line":66,"type":"binary-expr","locations":[{"start":{"line":66,"column":8},"end":{"line":66,"column":38}},{"start":{"line":67,"column":8},"end":{"line":67,"column":53}}]},"9":{"line":73,"type":"if","locations":[{"start":{"line":73,"column":4},"end":{"line":73,"column":4}},{"start":{"line":73,"column":4},"end":{"line":73,"column":4}}]},"10":{"line":73,"type":"binary-expr","locations":[{"start":{"line":73,"column":8},"end":{"line":73,"column":28}},{"start":{"line":74,"column":8},"end":{"line":74,"column":33}},{"start":{"line":75,"column":8},"end":{"line":75,"column":39}},{"start":{"line":75,"column":43},"end":{"line":75,"column":88}}]},"11":{"line":96,"type":"binary-expr","locations":[{"start":{"line":96,"column":17},"end":{"line":96,"column":27}},{"start":{"line":96,"column":32},"end":{"line":96,"column":85}},{"start":{"line":96,"column":90},"end":{"line":96,"column":92}}]},"12":{"line":96,"type":"cond-expr","locations":[{"start":{"line":96,"column":60},"end":{"line":96,"column":70}},{"start":{"line":96,"column":73},"end":{"line":96,"column":85}}]},"13":{"line":98,"type":"if","locations":[{"start":{"line":98,"column":4},"end":{"line":98,"column":4}},{"start":{"line":98,"column":4},"end":{"line":98,"column":4}}]},"14":{"line":98,"type":"binary-expr","locations":[{"start":{"line":98,"column":8},"end":{"line":98,"column":31}},{"start":{"line":98,"column":35},"end":{"line":98,"column":69}}]},"15":{"line":107,"type":"if","locations":[{"start":{"line":107,"column":8},"end":{"line":107,"column":8}},{"start":{"line":107,"column":8},"end":{"line":107,"column":8}}]},"16":{"line":113,"type":"if","locations":[{"start":{"line":113,"column":4},"end":{"line":113,"column":4}},{"start":{"line":113,"column":4},"end":{"line":113,"column":4}}]},"17":{"line":118,"type":"if","locations":[{"start":{"line":118,"column":4},"end":{"line":118,"column":4}},{"start":{"line":118,"column":4},"end":{"line":118,"column":4}}]},"18":{"line":123,"type":"if","locations":[{"start":{"line":123,"column":4},"end":{"line":123,"column":4}},{"start":{"line":123,"column":4},"end":{"line":123,"column":4}}]},"19":{"line":123,"type":"binary-expr","locations":[{"start":{"line":123,"column":8},"end":{"line":123,"column":22}},{"start":{"line":123,"column":26},"end":{"line":123,"column":53}},{"start":{"line":123,"column":57},"end":{"line":123,"column":91}}]},"20":{"line":138,"type":"binary-expr","locations":[{"start":{"line":138,"column":17},"end":{"line":138,"column":27}},{"start":{"line":138,"column":32},"end":{"line":138,"column":85}},{"start":{"line":138,"column":90},"end":{"line":138,"column":92}}]},"21":{"line":138,"type":"cond-expr","locations":[{"start":{"line":138,"column":60},"end":{"line":138,"column":70}},{"start":{"line":138,"column":73},"end":{"line":138,"column":85}}]},"22":{"line":145,"type":"if","locations":[{"start":{"line":145,"column":8},"end":{"line":145,"column":8}},{"start":{"line":145,"column":8},"end":{"line":145,"column":8}}]},"23":{"line":151,"type":"if","locations":[{"start":{"line":151,"column":4},"end":{"line":151,"column":4}},{"start":{"line":151,"column":4},"end":{"line":151,"column":4}}]},"24":{"line":157,"type":"binary-expr","locations":[{"start":{"line":157,"column":8},"end":{"line":157,"column":28}},{"start":{"line":157,"column":32},"end":{"line":157,"column":60}},{"start":{"line":157,"column":64},"end":{"line":157,"column":94}}]}},"l":{"5":1,"12":1,"17":119,"26":119,"28":128,"39":119,"41":119,"42":824,"44":824,"45":60,"48":824,"59":1,"60":721,"61":720,"63":719,"66":719,"70":0,"73":719,"80":2,"83":719,"93":1,"94":1073,"96":1073,"98":1073,"100":116,"103":1073,"104":812,"107":812,"108":75,"110":812,"113":1073,"115":3,"118":1070,"120":69,"123":1001,"126":7,"130":994,"137":1,"138":694,"140":694,"142":2,"145":2,"146":2,"148":2,"151":694,"153":692,"156":694,"157":694,"158":694,"165":1,"166":106,"168":106,"170":689,"173":106,"176":1}},
"L:\\projects\\essencejs\\src\\util.js":{"path":"L:\\projects\\essencejs\\src\\util.js","s":{"1":1,"2":1,"3":1,"4":18,"5":18,"6":18,"7":0,"8":18,"9":0,"10":18,"11":18,"12":1,"13":142,"14":138,"15":4,"16":1,"17":20,"18":20,"19":1,"20":1725,"21":1725,"22":1,"23":1725,"24":1725,"25":1725,"26":52,"27":1725,"28":1725,"29":1,"30":24,"31":1},"b":{"1":[18,2],"2":[0,18],"3":[0,18],"4":[18,18],"5":[138,4],"6":[142,142],"7":[138,104],"8":[20,20],"9":[1725,1722,1514],"10":[1725,1725],"11":[1725,1725],"12":[6,46],"13":[214,1511]},"f":{"1":18,"2":18,"3":142,"4":20,"5":20,"6":1725,"7":1725,"8":52,"9":24},"fnMap":{"1":{"name":"instantiateObject","line":15,"loc":{"start":{"line":15,"column":0},"end":{"line":15,"column":46}}},"2":{"name":"F","line":16,"loc":{"start":{"line":16,"column":4},"end":{"line":16,"column":17}}},"3":{"name":"isObjectConstructor","line":39,"loc":{"start":{"line":39,"column":0},"end":{"line":39,"column":34}}},"4":{"name":"lowerCaseFirst","line":56,"loc":{"start":{"line":56,"column":0},"end":{"line":56,"column":29}}},"5":{"name":"(anonymous_5)","line":57,"loc":{"start":{"line":57,"column":37},"end":{"line":57,"column":58}}},"6":{"name":"splitNamespaceKey","line":68,"loc":{"start":{"line":68,"column":0},"end":{"line":68,"column":32}}},"7":{"name":"NamespaceKey","line":73,"loc":{"start":{"line":73,"column":4},"end":{"line":73,"column":35}}},"8":{"name":"toString","line":78,"loc":{"start":{"line":78,"column":38},"end":{"line":78,"column":58}}},"9":{"name":"variableNameFromFilePath","line":96,"loc":{"start":{"line":96,"column":0},"end":{"line":96,"column":44}}}},"statementMap":{"1":{"start":{"line":6,"column":0},"end":{"line":6,"column":27}},"2":{"start":{"line":15,"column":0},"end":{"line":30,"column":1}},"3":{"start":{"line":16,"column":4},"end":{"line":18,"column":5}},"4":{"start":{"line":17,"column":8},"end":{"line":17,"column":38}},"5":{"start":{"line":20,"column":4},"end":{"line":20,"column":22}},"6":{"start":{"line":22,"column":4},"end":{"line":29,"column":5}},"7":{"start":{"line":23,"column":8},"end":{"line":23,"column":85}},"8":{"start":{"line":24,"column":11},"end":{"line":29,"column":5}},"9":{"start":{"line":25,"column":8},"end":{"line":25,"column":66}},"10":{"start":{"line":27,"column":8},"end":{"line":27,"column":44}},"11":{"start":{"line":28,"column":8},"end":{"line":28,"column":23}},"12":{"start":{"line":39,"column":0},"end":{"line":48,"column":1}},"13":{"start":{"line":40,"column":4},"end":{"line":45,"column":5}},"14":{"start":{"line":44,"column":8},"end":{"line":44,"column":83}},"15":{"start":{"line":47,"column":4},"end":{"line":47,"column":17}},"16":{"start":{"line":56,"column":0},"end":{"line":58,"column":1}},"17":{"start":{"line":57,"column":4},"end":{"line":57,"column":95}},"18":{"start":{"line":57,"column":60},"end":{"line":57,"column":91}},"19":{"start":{"line":68,"column":0},"end":{"line":88,"column":1}},"20":{"start":{"line":70,"column":4},"end":{"line":70,"column":36}},"21":{"start":{"line":71,"column":4},"end":{"line":71,"column":69}},"22":{"start":{"line":73,"column":4},"end":{"line":76,"column":5}},"23":{"start":{"line":74,"column":8},"end":{"line":74,"column":52}},"24":{"start":{"line":75,"column":8},"end":{"line":75,"column":40}},"25":{"start":{"line":78,"column":4},"end":{"line":80,"column":6}},"26":{"start":{"line":79,"column":8},"end":{"line":79,"column":72}},"27":{"start":{"line":82,"column":4},"end":{"line":82,"column":57}},"28":{"start":{"line":84,"column":4},"end":{"line":87,"column":7}},"29":{"start":{"line":96,"column":0},"end":{"line":99,"column":1}},"30":{"start":{"line":97,"column":4},"end":{"line":98,"column":39}},"31":{"start":{"line":105,"column":0},"end":{"line":111,"column":2}}},"branchMap":{"1":{"line":20,"type":"binary-expr","locations":[{"start":{"line":20,"column":11},"end":{"line":20,"column":15}},{"start":{"line":20,"column":19},"end":{"line":20,"column":21}}]},"2":{"line":22,"type":"if","locations":[{"start":{"line":22,"column":4},"end":{"line":22,"column":4}},{"start":{"line":22,"column":4},"end":{"line":22,"column":4}}]},"3":{"line":24,"type":"if","locations":[{"start":{"line":24,"column":11},"end":{"line":24,"column":11}},{"start":{"line":24,"column":11},"end":{"line":24,"column":11}}]},"4":{"line":24,"type":"binary-expr","locations":[{"start":{"line":24,"column":15},"end":{"line":24,"column":27}},{"start":{"line":24,"column":31},"end":{"line":24,"column":49}}]},"5":{"line":40,"type":"if","locations":[{"start":{"line":40,"column":4},"end":{"line":40,"column":4}},{"start":{"line":40,"column":4},"end":{"line":40,"column":4}}]},"6":{"line":40,"type":"binary-expr","locations":[{"start":{"line":40,"column":8},"end":{"line":40,"column":11}},{"start":{"line":40,"column":15},"end":{"line":40,"column":40}}]},"7":{"line":44,"type":"binary-expr","locations":[{"start":{"line":44,"column":15},"end":{"line":44,"column":41}},{"start":{"line":44,"column":45},"end":{"line":44,"column":82}}]},"8":{"line":57,"type":"binary-expr","locations":[{"start":{"line":57,"column":11},"end":{"line":57,"column":14}},{"start":{"line":57,"column":18},"end":{"line":57,"column":94}}]},"9":{"line":71,"type":"binary-expr","locations":[{"start":{"line":71,"column":15},"end":{"line":71,"column":27}},{"start":{"line":71,"column":31},"end":{"line":71,"column":60}},{"start":{"line":71,"column":65},"end":{"line":71,"column":68}}]},"10":{"line":74,"type":"binary-expr","locations":[{"start":{"line":74,"column":25},"end":{"line":74,"column":31}},{"start":{"line":74,"column":35},"end":{"line":74,"column":51}}]},"11":{"line":75,"type":"binary-expr","locations":[{"start":{"line":75,"column":19},"end":{"line":75,"column":25}},{"start":{"line":75,"column":29},"end":{"line":75,"column":39}}]},"12":{"line":79,"type":"cond-expr","locations":[{"start":{"line":79,"column":33},"end":{"line":79,"column":54}},{"start":{"line":79,"column":57},"end":{"line":79,"column":59}}]},"13":{"line":82,"type":"cond-expr","locations":[{"start":{"line":82,"column":39},"end":{"line":82,"column":51}},{"start":{"line":82,"column":54},"end":{"line":82,"column":56}}]}},"l":{"6":1,"15":1,"16":1,"17":18,"20":18,"22":18,"23":0,"24":18,"25":0,"27":18,"28":18,"39":1,"40":142,"44":138,"47":4,"56":1,"57":20,"68":1,"70":1725,"71":1725,"73":1,"74":1725,"75":1725,"78":1725,"79":52,"82":1725,"84":1725,"96":1,"97":24,"105":1}},
"L:\\projects\\essencejs\\src\\WaitFor.js":{"path":"L:\\projects\\essencejs\\src\\WaitFor.js","s":{"1":1,"2":24,"3":24,"4":1},"b":{"1":[24,23],"2":[24,23,2]},"f":{"1":24,"2":2},"fnMap":{"1":{"name":"WaitFor","line":18,"loc":{"start":{"line":18,"column":14},"end":{"line":18,"column":39}}},"2":{"name":"noop","line":29,"loc":{"start":{"line":29,"column":51},"end":{"line":29,"column":67}}}},"statementMap":{"1":{"start":{"line":18,"column":0},"end":{"line":30,"column":2}},"2":{"start":{"line":23,"column":4},"end":{"line":23,"column":54}},"3":{"start":{"line":29,"column":4},"end":{"line":29,"column":70}},"4":{"start":{"line":32,"column":0},"end":{"line":32,"column":25}}},"branchMap":{"1":{"line":23,"type":"binary-expr","locations":[{"start":{"line":23,"column":24},"end":{"line":23,"column":30}},{"start":{"line":23,"column":34},"end":{"line":23,"column":53}}]},"2":{"line":29,"type":"binary-expr","locations":[{"start":{"line":29,"column":21},"end":{"line":29,"column":27}},{"start":{"line":29,"column":31},"end":{"line":29,"column":46}},{"start":{"line":29,"column":51},"end":{"line":29,"column":69}}]}},"l":{"18":1,"23":24,"29":24,"32":1}},
"L:\\projects\\essencejs\\src\\BaseError.js":{"path":"L:\\projects\\essencejs\\src\\BaseError.js","s":{"1":1,"2":25,"3":1},"b":{"1":[25,20,19]},"f":{"1":25},"fnMap":{"1":{"name":"BaseError","line":18,"loc":{"start":{"line":18,"column":16},"end":{"line":18,"column":43}}}},"statementMap":{"1":{"start":{"line":18,"column":0},"end":{"line":24,"column":2}},"2":{"start":{"line":23,"column":4},"end":{"line":23,"column":70}},"3":{"start":{"line":26,"column":0},"end":{"line":26,"column":27}}},"branchMap":{"1":{"line":23,"type":"binary-expr","locations":[{"start":{"line":23,"column":20},"end":{"line":23,"column":26}},{"start":{"line":23,"column":30},"end":{"line":23,"column":44}},{"start":{"line":23,"column":49},"end":{"line":23,"column":69}}]}},"l":{"18":1,"23":25,"26":1}},
"L:\\projects\\essencejs\\src\\CancelError.js":{"path":"L:\\projects\\essencejs\\src\\CancelError.js","s":{"1":1,"2":1,"3":4,"4":4,"5":1,"6":1,"7":1},"b":{"1":[4,3,1]},"f":{"1":4},"fnMap":{"1":{"name":"CancelError","line":21,"loc":{"start":{"line":21,"column":18},"end":{"line":21,"column":47}}}},"statementMap":{"1":{"start":{"line":7,"column":0},"end":{"line":7,"column":39}},"2":{"start":{"line":21,"column":0},"end":{"line":29,"column":2}},"3":{"start":{"line":22,"column":4},"end":{"line":22,"column":33}},"4":{"start":{"line":28,"column":4},"end":{"line":28,"column":62}},"5":{"start":{"line":31,"column":0},"end":{"line":31,"column":40}},"6":{"start":{"line":32,"column":0},"end":{"line":32,"column":48}},"7":{"start":{"line":34,"column":0},"end":{"line":34,"column":29}}},"branchMap":{"1":{"line":28,"type":"binary-expr","locations":[{"start":{"line":28,"column":20},"end":{"line":28,"column":26}},{"start":{"line":28,"column":30},"end":{"line":28,"column":44}},{"start":{"line":28,"column":49},"end":{"line":28,"column":61}}]}},"l":{"7":1,"21":1,"22":4,"28":4,"31":1,"32":1,"34":1}},
"L:\\projects\\essencejs\\src\\ResolveError.js":{"path":"L:\\projects\\essencejs\\src\\ResolveError.js","s":{"1":1,"2":1,"3":17,"4":17,"5":17,"6":17,"7":1,"8":1,"9":1,"10":1,"11":1},"b":{"1":[17,16,15],"2":[17,16,16],"3":[17,16,2]},"f":{"1":17,"2":1},"fnMap":{"1":{"name":"ResolveError","line":20,"loc":{"start":{"line":20,"column":19},"end":{"line":20,"column":49}}},"2":{"name":"toString","line":48,"loc":{"start":{"line":48,"column":34},"end":{"line":48,"column":54}}}},"statementMap":{"1":{"start":{"line":7,"column":0},"end":{"line":7,"column":39}},"2":{"start":{"line":20,"column":0},"end":{"line":40,"column":2}},"3":{"start":{"line":21,"column":4},"end":{"line":21,"column":33}},"4":{"start":{"line":27,"column":4},"end":{"line":27,"column":95}},"5":{"start":{"line":33,"column":4},"end":{"line":33,"column":58}},"6":{"start":{"line":39,"column":4},"end":{"line":39,"column":62}},"7":{"start":{"line":42,"column":0},"end":{"line":42,"column":41}},"8":{"start":{"line":43,"column":0},"end":{"line":43,"column":50}},"9":{"start":{"line":48,"column":0},"end":{"line":54,"column":2}},"10":{"start":{"line":49,"column":4},"end":{"line":53,"column":37}},"11":{"start":{"line":56,"column":0},"end":{"line":56,"column":30}}},"branchMap":{"1":{"line":27,"type":"binary-expr","locations":[{"start":{"line":27,"column":20},"end":{"line":27,"column":26}},{"start":{"line":27,"column":30},"end":{"line":27,"column":44}},{"start":{"line":27,"column":49},"end":{"line":27,"column":94}}]},"2":{"line":33,"type":"binary-expr","locations":[{"start":{"line":33,"column":23},"end":{"line":33,"column":29}},{"start":{"line":33,"column":33},"end":{"line":33,"column":50}},{"start":{"line":33,"column":55},"end":{"line":33,"column":57}}]},"3":{"line":39,"type":"binary-expr","locations":[{"start":{"line":39,"column":25},"end":{"line":39,"column":31}},{"start":{"line":39,"column":35},"end":{"line":39,"column":54}},{"start":{"line":39,"column":59},"end":{"line":39,"column":61}}]}},"l":{"7":1,"20":1,"21":17,"27":17,"33":17,"39":17,"42":1,"43":1,"48":1,"49":1,"56":1}},
"L:\\projects\\essencejs\\src\\EssenceJs.js":{"path":"L:\\projects\\essencejs\\src\\EssenceJs.js","s":{"1":1,"2":1,"3":107,"4":107,"5":107,"6":107,"7":107,"8":107,"9":107,"10":2,"11":107,"12":1,"13":107,"14":1,"15":107,"16":1,"17":1,"18":142,"19":142,"20":132,"21":142,"22":1,"23":132,"24":14,"25":14,"26":132,"27":132,"28":1,"29":106,"30":106,"31":106,"32":10,"33":15,"34":106,"35":106,"36":106,"37":106,"38":2544,"39":2120,"40":1,"41":106,"42":106,"43":2,"44":1,"45":27,"46":27,"47":27,"48":5,"49":5,"50":0,"51":5,"52":5,"53":0,"54":27,"55":27,"56":27,"57":27,"58":27,"59":29,"60":0,"61":29,"62":2,"63":27,"64":3,"65":3,"66":27,"67":27,"68":27,"69":1,"70":7,"71":7,"72":1,"73":8,"74":8,"75":2,"76":8,"77":6,"78":1,"79":6,"80":6,"81":6,"82":1,"83":21,"84":12,"85":21,"86":1,"87":21,"88":21,"89":21,"90":13,"91":13,"92":13,"93":13,"94":8,"95":8,"96":6,"97":1,"98":5,"99":5,"100":5,"101":4,"102":10,"103":1,"104":109,"105":109,"106":21,"107":21,"108":109,"109":109,"110":109,"111":109,"112":109,"113":0,"114":109,"115":28,"116":28,"117":81,"118":80,"119":18,"120":18,"121":62,"122":1,"123":90,"124":16,"125":16,"126":0,"127":74,"128":74,"129":45,"130":1,"131":1,"132":1,"133":40,"134":1,"135":10,"136":1,"137":3,"138":1,"139":687,"140":687,"141":3,"142":3,"143":0,"144":3,"145":687,"146":687,"147":687,"148":687,"149":687,"150":2,"151":2,"152":2,"153":2,"154":2,"155":2,"156":685,"157":685,"158":685,"159":685,"160":685,"161":10,"162":11,"163":11,"164":10,"165":1,"166":1,"167":3,"168":1,"169":8,"170":8,"171":8,"172":4,"173":4,"174":4,"175":8,"176":8,"177":8,"178":8,"179":8,"180":25,"181":25,"182":8,"183":1,"184":4,"185":1,"186":1,"187":1,"188":110,"189":110,"190":110,"191":110,"192":110,"193":150,"194":40,"195":150,"196":150,"197":150,"198":149,"199":1,"200":150,"201":110,"202":14,"203":14,"204":17,"205":14,"206":14,"207":14,"208":14,"209":110,"210":150,"211":1,"212":128,"213":208,"214":40,"215":40,"216":88,"217":88,"218":88,"219":1,"220":12,"221":0,"222":12,"223":12,"224":12,"225":12,"226":149,"227":7,"228":7,"229":7,"230":142,"231":11,"232":8,"233":8,"234":0,"235":0,"236":8,"237":8,"238":3,"239":3,"240":11,"241":131,"242":21,"243":21,"244":131,"245":22,"246":13,"247":13,"248":2,"249":11,"250":11,"251":22,"252":0,"253":22,"254":22,"255":109,"256":109,"257":10,"258":10,"259":99,"260":99,"261":99,"262":1,"263":22,"264":22,"265":22,"266":5,"267":5,"268":0,"269":5,"270":5,"271":0,"272":22,"273":22,"274":22,"275":22,"276":22,"277":27,"278":6,"279":21,"280":2,"281":2,"282":19,"283":3,"284":3,"285":19,"286":19,"287":19,"288":19,"289":1},"b":{"1":[132,10],"2":[10,96],"3":[106,106],"4":[106,106],"5":[2120,424],"6":[2544,2226,2226],"7":[27,23],"8":[5,22],"9":[5,0],"10":[0,5],"11":[27,26],"12":[8,19],"13":[0,29],"14":[2,27],"15":[3,24],"16":[3,0],"17":[7,7,0],"18":[1,6],"19":[2,6],"20":[6,0],"21":[6,0],"22":[6,4],"23":[12,9],"24":[13,8],"25":[13,0],"26":[5,1],"27":[4,4,3],"28":[21,88],"29":[109,25],"30":[59,50],"31":[109,60],"32":[0,109],"33":[109,60],"34":[109,60,103],"35":[109,60,105],"36":[0,109],"37":[28,81],"38":[18,62],"39":[18,18],"40":[81,45],"41":[16,74],"42":[45,29],"43":[3,684],"44":[3,0],"45":[687,8,679],"46":[2,685],"47":[2,0],"48":[2,2],"49":[2,1],"50":[2,0],"51":[10,675],"52":[685,11],"53":[10,675],"54":[10,10],"55":[8,1],"56":[8,2],"57":[2,2],"58":[4,4],"59":[4,4,0],"60":[8,2],"61":[8,0],"62":[8,0],"63":[8,8],"64":[110,103],"65":[92,18],"66":[110,110],"67":[110,85],"68":[40,110],"69":[31,118],"70":[149,119],"71":[14,3],"72":[14,14],"73":[14,2],"74":[40,168],"75":[88,88],"76":[0,12],"77":[12,7],"78":[7,142],"79":[11,131],"80":[8,3],"81":[0,8],"82":[21,110],"83":[22,109],"84":[2,11],"85":[0,0],"86":[10,99],"87":[99,0],"88":[99,99],"89":[22,18],"90":[5,17],"91":[5,0],"92":[0,5],"93":[22,21],"94":[9,13],"95":[6,21],"96":[27,27],"97":[2,19],"98":[3,16],"99":[3,0]},"f":{"1":107,"2":2,"3":1,"4":1,"5":1,"6":142,"7":132,"8":14,"9":106,"10":15,"11":1,"12":2,"13":27,"14":27,"15":29,"16":27,"17":7,"18":8,"19":6,"20":21,"21":21,"22":13,"23":5,"24":10,"25":109,"26":80,"27":90,"28":1,"29":40,"30":10,"31":3,"32":687,"33":2,"34":11,"35":3,"36":8,"37":4,"38":8,"39":25,"40":25,"41":8,"42":4,"43":1,"44":110,"45":150,"46":14,"47":17,"48":150,"49":128,"50":12,"51":8,"52":13,"53":0,"54":109,"55":22,"56":22,"57":27,"58":19},"fnMap":{"1":{"name":"EssenceJs","line":24,"loc":{"start":{"line":24,"column":16},"end":{"line":24,"column":37}}},"2":{"name":"(anonymous_2)","line":54,"loc":{"start":{"line":54,"column":30},"end":{"line":54,"column":42}}},"3":{"name":"(anonymous_3)","line":55,"loc":{"start":{"line":55,"column":29},"end":{"line":55,"column":41}}},"4":{"name":"(anonymous_4)","line":56,"loc":{"start":{"line":56,"column":31},"end":{"line":56,"column":43}}},"5":{"name":"(anonymous_5)","line":57,"loc":{"start":{"line":57,"column":32},"end":{"line":57,"column":44}}},"6":{"name":"(anonymous_6)","line":64,"loc":{"start":{"line":64,"column":35},"end":{"line":64,"column":55}}},"7":{"name":"(anonymous_7)","line":78,"loc":{"start":{"line":78,"column":33},"end":{"line":78,"column":59}}},"8":{"name":"(anonymous_8)","line":80,"loc":{"start":{"line":80,"column":30},"end":{"line":80,"column":42}}},"9":{"name":"dispose","line":95,"loc":{"start":{"line":95,"column":30},"end":{"line":95,"column":49}}},"10":{"name":"(anonymous_10)","line":108,"loc":{"start":{"line":108,"column":23},"end":{"line":108,"column":40}}},"11":{"name":"(anonymous_11)","line":123,"loc":{"start":{"line":123,"column":27},"end":{"line":123,"column":39}}},"12":{"name":"(anonymous_12)","line":130,"loc":{"start":{"line":130,"column":22},"end":{"line":130,"column":34}}},"13":{"name":"factory","line":148,"loc":{"start":{"line":148,"column":30},"end":{"line":148,"column":72}}},"14":{"name":"(anonymous_14)","line":171,"loc":{"start":{"line":171,"column":5},"end":{"line":171,"column":17}}},"15":{"name":"__essencejs_container","line":183,"loc":{"start":{"line":183,"column":47},"end":{"line":183,"column":96}}},"16":{"name":"(anonymous_16)","line":197,"loc":{"start":{"line":197,"column":46},"end":{"line":197,"column":68}}},"17":{"name":"getKeys","line":212,"loc":{"start":{"line":212,"column":30},"end":{"line":212,"column":58}}},"18":{"name":"(anonymous_18)","line":216,"loc":{"start":{"line":216,"column":27},"end":{"line":216,"column":52}}},"19":{"name":"imports","line":243,"loc":{"start":{"line":243,"column":30},"end":{"line":243,"column":74}}},"20":{"name":"normaliseFilePath","line":251,"loc":{"start":{"line":251,"column":4},"end":{"line":251,"column":41}}},"21":{"name":"importsStrategy","line":259,"loc":{"start":{"line":259,"column":4},"end":{"line":259,"column":49}}},"22":{"name":"(anonymous_22)","line":265,"loc":{"start":{"line":265,"column":34},"end":{"line":265,"column":57}}},"23":{"name":"importPackageJson","line":290,"loc":{"start":{"line":290,"column":40},"end":{"line":290,"column":92}}},"24":{"name":"(anonymous_24)","line":299,"loc":{"start":{"line":299,"column":50},"end":{"line":299,"column":72}}},"25":{"name":"inject","line":327,"loc":{"start":{"line":327,"column":29},"end":{"line":327,"column":69}}},"26":{"name":"(anonymous_26)","line":359,"loc":{"start":{"line":359,"column":59},"end":{"line":359,"column":88}}},"27":{"name":"invoke","line":383,"loc":{"start":{"line":383,"column":29},"end":{"line":383,"column":84}}},"28":{"name":"isDisposed","line":406,"loc":{"start":{"line":406,"column":33},"end":{"line":406,"column":55}}},"29":{"name":"isRegistered","line":416,"loc":{"start":{"line":416,"column":35},"end":{"line":416,"column":74}}},"30":{"name":"(anonymous_30)","line":426,"loc":{"start":{"line":426,"column":25},"end":{"line":426,"column":52}}},"31":{"name":"(anonymous_31)","line":436,"loc":{"start":{"line":436,"column":27},"end":{"line":436,"column":54}}},"32":{"name":"register","line":457,"loc":{"start":{"line":457,"column":31},"end":{"line":457,"column":74}}},"33":{"name":"(anonymous_33)","line":485,"loc":{"start":{"line":485,"column":70},"end":{"line":485,"column":89}}},"34":{"name":"(anonymous_34)","line":523,"loc":{"start":{"line":523,"column":85},"end":{"line":523,"column":104}}},"35":{"name":"listeners","line":544,"loc":{"start":{"line":544,"column":32},"end":{"line":544,"column":58}}},"36":{"name":"registerByStrategy","line":586,"loc":{"start":{"line":586,"column":41},"end":{"line":586,"column":107}}},"37":{"name":"defaultStrategy","line":591,"loc":{"start":{"line":591,"column":27},"end":{"line":591,"column":72}}},"38":{"name":"(anonymous_38)","line":605,"loc":{"start":{"line":605,"column":27},"end":{"line":605,"column":49}}},"39":{"name":"(anonymous_39)","line":610,"loc":{"start":{"line":610,"column":26},"end":{"line":610,"column":46}}},"40":{"name":"(anonymous_40)","line":611,"loc":{"start":{"line":611,"column":27},"end":{"line":611,"column":47}}},"41":{"name":"done","line":615,"loc":{"start":{"line":615,"column":14},"end":{"line":615,"column":40}}},"42":{"name":"remove","line":627,"loc":{"start":{"line":627,"column":29},"end":{"line":627,"column":62}}},"43":{"name":"(anonymous_43)","line":637,"loc":{"start":{"line":637,"column":37},"end":{"line":637,"column":64}}},"44":{"name":"resolveArgs","line":662,"loc":{"start":{"line":662,"column":34},"end":{"line":662,"column":117}}},"45":{"name":"(anonymous_45)","line":675,"loc":{"start":{"line":675,"column":24},"end":{"line":675,"column":47}}},"46":{"name":"(anonymous_46)","line":695,"loc":{"start":{"line":695,"column":28},"end":{"line":695,"column":40}}},"47":{"name":"(anonymous_47)","line":700,"loc":{"start":{"line":700,"column":21},"end":{"line":700,"column":39}}},"48":{"name":"(anonymous_48)","line":718,"loc":{"start":{"line":718,"column":13},"end":{"line":718,"column":31}}},"49":{"name":"notifyIfComplete","line":722,"loc":{"start":{"line":722,"column":8},"end":{"line":722,"column":36}}},"50":{"name":"notifyIfError","line":748,"loc":{"start":{"line":748,"column":8},"end":{"line":748,"column":36}}},"51":{"name":"(anonymous_51)","line":777,"loc":{"start":{"line":777,"column":54},"end":{"line":777,"column":76}}},"52":{"name":"deferredResolveCallback","line":811,"loc":{"start":{"line":811,"column":31},"end":{"line":811,"column":76}}},"53":{"name":"(anonymous_53)","line":823,"loc":{"start":{"line":823,"column":45},"end":{"line":823,"column":57}}},"54":{"name":"(anonymous_54)","line":841,"loc":{"start":{"line":841,"column":15},"end":{"line":841,"column":37}}},"55":{"name":"singleton","line":872,"loc":{"start":{"line":872,"column":32},"end":{"line":872,"column":76}}},"56":{"name":"(anonymous_56)","line":895,"loc":{"start":{"line":895,"column":5},"end":{"line":895,"column":17}}},"57":{"name":"__essencejs_container","line":908,"loc":{"start":{"line":908,"column":47},"end":{"line":908,"column":96}}},"58":{"name":"(anonymous_58)","line":922,"loc":{"start":{"line":922,"column":46},"end":{"line":922,"column":68}}}},"statementMap":{"1":{"start":{"line":5,"column":0},"end":{"line":18,"column":35}},"2":{"start":{"line":24,"column":0},"end":{"line":58,"column":2}},"3":{"start":{"line":25,"column":4},"end":{"line":25,"column":20}},"4":{"start":{"line":31,"column":4},"end":{"line":31,"column":31}},"5":{"start":{"line":37,"column":4},"end":{"line":37,"column":44}},"6":{"start":{"line":44,"column":4},"end":{"line":44,"column":22}},"7":{"start":{"line":50,"column":4},"end":{"line":50,"column":39}},"8":{"start":{"line":53,"column":4},"end":{"line":53,"column":38}},"9":{"start":{"line":54,"column":4},"end":{"line":54,"column":91}},"10":{"start":{"line":54,"column":44},"end":{"line":54,"column":87}},"11":{"start":{"line":55,"column":4},"end":{"line":55,"column":89}},"12":{"start":{"line":55,"column":43},"end":{"line":55,"column":85}},"13":{"start":{"line":56,"column":4},"end":{"line":56,"column":93}},"14":{"start":{"line":56,"column":45},"end":{"line":56,"column":89}},"15":{"start":{"line":57,"column":4},"end":{"line":57,"column":95}},"16":{"start":{"line":57,"column":46},"end":{"line":57,"column":91}},"17":{"start":{"line":64,"column":0},"end":{"line":71,"column":2}},"18":{"start":{"line":65,"column":4},"end":{"line":65,"column":20}},"19":{"start":{"line":67,"column":4},"end":{"line":69,"column":5}},"20":{"start":{"line":68,"column":8},"end":{"line":68,"column":63}},"21":{"start":{"line":70,"column":4},"end":{"line":70,"column":27}},"22":{"start":{"line":78,"column":0},"end":{"line":88,"column":2}},"23":{"start":{"line":79,"column":4},"end":{"line":83,"column":21}},"24":{"start":{"line":81,"column":12},"end":{"line":81,"column":40}},"25":{"start":{"line":82,"column":12},"end":{"line":82,"column":19}},"26":{"start":{"line":85,"column":4},"end":{"line":85,"column":32}},"27":{"start":{"line":87,"column":4},"end":{"line":87,"column":20}},"28":{"start":{"line":95,"column":0},"end":{"line":131,"column":2}},"29":{"start":{"line":96,"column":4},"end":{"line":98,"column":30}},"30":{"start":{"line":105,"column":4},"end":{"line":105,"column":42}},"31":{"start":{"line":107,"column":4},"end":{"line":111,"column":5}},"32":{"start":{"line":108,"column":8},"end":{"line":110,"column":11}},"33":{"start":{"line":109,"column":12},"end":{"line":109,"column":37}},"34":{"start":{"line":113,"column":4},"end":{"line":113,"column":55}},"35":{"start":{"line":114,"column":4},"end":{"line":114,"column":30}},"36":{"start":{"line":116,"column":4},"end":{"line":116,"column":39}},"37":{"start":{"line":118,"column":4},"end":{"line":127,"column":5}},"38":{"start":{"line":119,"column":8},"end":{"line":126,"column":9}},"39":{"start":{"line":123,"column":12},"end":{"line":126,"column":8}},"40":{"start":{"line":124,"column":16},"end":{"line":124,"column":43}},"41":{"start":{"line":129,"column":4},"end":{"line":129,"column":25}},"42":{"start":{"line":130,"column":4},"end":{"line":130,"column":51}},"43":{"start":{"line":130,"column":36},"end":{"line":130,"column":48}},"44":{"start":{"line":148,"column":0},"end":{"line":205,"column":2}},"45":{"start":{"line":149,"column":4},"end":{"line":151,"column":17}},"46":{"start":{"line":153,"column":4},"end":{"line":153,"column":26}},"47":{"start":{"line":155,"column":4},"end":{"line":169,"column":5}},"48":{"start":{"line":157,"column":8},"end":{"line":162,"column":9}},"49":{"start":{"line":158,"column":12},"end":{"line":158,"column":33}},"50":{"start":{"line":160,"column":12},"end":{"line":162,"column":8}},"51":{"start":{"line":164,"column":8},"end":{"line":164,"column":25}},"52":{"start":{"line":166,"column":8},"end":{"line":168,"column":9}},"53":{"start":{"line":167,"column":12},"end":{"line":167,"column":76}},"54":{"start":{"line":171,"column":4},"end":{"line":204,"column":9}},"55":{"start":{"line":172,"column":8},"end":{"line":174,"column":41}},"56":{"start":{"line":176,"column":8},"end":{"line":176,"column":76}},"57":{"start":{"line":180,"column":8},"end":{"line":180,"column":117}},"58":{"start":{"line":183,"column":8},"end":{"line":203,"column":11}},"59":{"start":{"line":184,"column":12},"end":{"line":202,"column":13}},"60":{"start":{"line":185,"column":16},"end":{"line":185,"column":32}},"61":{"start":{"line":188,"column":16},"end":{"line":201,"column":17}},"62":{"start":{"line":189,"column":20},"end":{"line":189,"column":48}},"63":{"start":{"line":191,"column":20},"end":{"line":194,"column":21}},"64":{"start":{"line":192,"column":24},"end":{"line":192,"column":46}},"65":{"start":{"line":193,"column":24},"end":{"line":193,"column":53}},"66":{"start":{"line":197,"column":20},"end":{"line":200,"column":23}},"67":{"start":{"line":198,"column":24},"end":{"line":198,"column":36}},"68":{"start":{"line":199,"column":24},"end":{"line":199,"column":47}},"69":{"start":{"line":212,"column":0},"end":{"line":228,"column":2}},"70":{"start":{"line":213,"column":4},"end":{"line":213,"column":69}},"71":{"start":{"line":215,"column":4},"end":{"line":225,"column":5}},"72":{"start":{"line":216,"column":8},"end":{"line":224,"column":15}},"73":{"start":{"line":217,"column":12},"end":{"line":217,"column":59}},"74":{"start":{"line":219,"column":12},"end":{"line":221,"column":13}},"75":{"start":{"line":220,"column":16},"end":{"line":220,"column":48}},"76":{"start":{"line":223,"column":12},"end":{"line":223,"column":28}},"77":{"start":{"line":227,"column":4},"end":{"line":227,"column":16}},"78":{"start":{"line":243,"column":0},"end":{"line":282,"column":2}},"79":{"start":{"line":244,"column":4},"end":{"line":244,"column":26}},"80":{"start":{"line":246,"column":4},"end":{"line":247,"column":74}},"81":{"start":{"line":249,"column":4},"end":{"line":249,"column":45}},"82":{"start":{"line":251,"column":4},"end":{"line":257,"column":5}},"83":{"start":{"line":252,"column":8},"end":{"line":254,"column":9}},"84":{"start":{"line":253,"column":12},"end":{"line":253,"column":55}},"85":{"start":{"line":256,"column":8},"end":{"line":256,"column":24}},"86":{"start":{"line":259,"column":4},"end":{"line":277,"column":5}},"87":{"start":{"line":260,"column":8},"end":{"line":260,"column":85}},"88":{"start":{"line":261,"column":8},"end":{"line":261,"column":60}},"89":{"start":{"line":263,"column":8},"end":{"line":276,"column":9}},"90":{"start":{"line":265,"column":12},"end":{"line":271,"column":15}},"91":{"start":{"line":266,"column":16},"end":{"line":268,"column":17}},"92":{"start":{"line":267,"column":20},"end":{"line":267,"column":56}},"93":{"start":{"line":270,"column":16},"end":{"line":270,"column":38}},"94":{"start":{"line":274,"column":12},"end":{"line":274,"column":50}},"95":{"start":{"line":275,"column":12},"end":{"line":275,"column":37}},"96":{"start":{"line":279,"column":4},"end":{"line":281,"column":17}},"97":{"start":{"line":290,"column":0},"end":{"line":304,"column":2}},"98":{"start":{"line":291,"column":4},"end":{"line":292,"column":16}},"99":{"start":{"line":294,"column":4},"end":{"line":294,"column":82}},"100":{"start":{"line":296,"column":4},"end":{"line":296,"column":53}},"101":{"start":{"line":298,"column":4},"end":{"line":303,"column":11}},"102":{"start":{"line":300,"column":12},"end":{"line":302,"column":45}},"103":{"start":{"line":327,"column":0},"end":{"line":367,"column":2}},"104":{"start":{"line":328,"column":4},"end":{"line":333,"column":18}},"105":{"start":{"line":335,"column":4},"end":{"line":339,"column":5}},"106":{"start":{"line":337,"column":8},"end":{"line":337,"column":26}},"107":{"start":{"line":338,"column":8},"end":{"line":338,"column":22}},"108":{"start":{"line":341,"column":4},"end":{"line":341,"column":89}},"109":{"start":{"line":342,"column":4},"end":{"line":342,"column":66}},"110":{"start":{"line":343,"column":4},"end":{"line":343,"column":53}},"111":{"start":{"line":344,"column":4},"end":{"line":344,"column":55}},"112":{"start":{"line":346,"column":4},"end":{"line":349,"column":5}},"113":{"start":{"line":348,"column":8},"end":{"line":348,"column":37}},"114":{"start":{"line":351,"column":4},"end":{"line":356,"column":5}},"115":{"start":{"line":353,"column":8},"end":{"line":353,"column":51}},"116":{"start":{"line":355,"column":8},"end":{"line":355,"column":15}},"117":{"start":{"line":359,"column":4},"end":{"line":366,"column":38}},"118":{"start":{"line":360,"column":8},"end":{"line":363,"column":9}},"119":{"start":{"line":361,"column":12},"end":{"line":361,"column":38}},"120":{"start":{"line":362,"column":12},"end":{"line":362,"column":19}},"121":{"start":{"line":365,"column":8},"end":{"line":365,"column":59}},"122":{"start":{"line":383,"column":0},"end":{"line":400,"column":2}},"123":{"start":{"line":384,"column":4},"end":{"line":399,"column":5}},"124":{"start":{"line":385,"column":8},"end":{"line":391,"column":9}},"125":{"start":{"line":387,"column":12},"end":{"line":387,"column":82}},"126":{"start":{"line":390,"column":12},"end":{"line":390,"column":35}},"127":{"start":{"line":393,"column":8},"end":{"line":393,"column":55}},"128":{"start":{"line":395,"column":8},"end":{"line":398,"column":9}},"129":{"start":{"line":397,"column":12},"end":{"line":397,"column":46}},"130":{"start":{"line":406,"column":0},"end":{"line":408,"column":2}},"131":{"start":{"line":407,"column":4},"end":{"line":407,"column":17}},"132":{"start":{"line":416,"column":0},"end":{"line":418,"column":2}},"133":{"start":{"line":417,"column":4},"end":{"line":417,"column":53}},"134":{"start":{"line":426,"column":0},"end":{"line":428,"column":2}},"135":{"start":{"line":427,"column":4},"end":{"line":427,"column":45}},"136":{"start":{"line":436,"column":0},"end":{"line":438,"column":2}},"137":{"start":{"line":437,"column":4},"end":{"line":437,"column":47}},"138":{"start":{"line":457,"column":0},"end":{"line":531,"column":2}},"139":{"start":{"line":458,"column":4},"end":{"line":462,"column":18}},"140":{"start":{"line":464,"column":4},"end":{"line":474,"column":5}},"141":{"start":{"line":466,"column":8},"end":{"line":471,"column":9}},"142":{"start":{"line":467,"column":12},"end":{"line":467,"column":33}},"143":{"start":{"line":469,"column":12},"end":{"line":471,"column":8}},"144":{"start":{"line":473,"column":8},"end":{"line":473,"column":25}},"145":{"start":{"line":476,"column":4},"end":{"line":476,"column":47}},"146":{"start":{"line":477,"column":4},"end":{"line":477,"column":71}},"147":{"start":{"line":478,"column":4},"end":{"line":478,"column":27}},"148":{"start":{"line":480,"column":4},"end":{"line":480,"column":58}},"149":{"start":{"line":482,"column":4},"end":{"line":530,"column":5}},"150":{"start":{"line":483,"column":8},"end":{"line":499,"column":9}},"151":{"start":{"line":485,"column":12},"end":{"line":498,"column":15}},"152":{"start":{"line":486,"column":16},"end":{"line":488,"column":19}},"153":{"start":{"line":490,"column":16},"end":{"line":490,"column":46}},"154":{"start":{"line":497,"column":16},"end":{"line":497,"column":78}},"155":{"start":{"line":501,"column":8},"end":{"line":501,"column":61}},"156":{"start":{"line":503,"column":8},"end":{"line":504,"column":28}},"157":{"start":{"line":506,"column":8},"end":{"line":510,"column":11}},"158":{"start":{"line":512,"column":8},"end":{"line":512,"column":48}},"159":{"start":{"line":519,"column":8},"end":{"line":519,"column":58}},"160":{"start":{"line":521,"column":8},"end":{"line":529,"column":9}},"161":{"start":{"line":523,"column":12},"end":{"line":526,"column":15}},"162":{"start":{"line":524,"column":16},"end":{"line":524,"column":74}},"163":{"start":{"line":525,"column":16},"end":{"line":525,"column":55}},"164":{"start":{"line":528,"column":12},"end":{"line":528,"column":41}},"165":{"start":{"line":538,"column":0},"end":{"line":538,"column":60}},"166":{"start":{"line":544,"column":0},"end":{"line":546,"column":2}},"167":{"start":{"line":545,"column":4},"end":{"line":545,"column":42}},"168":{"start":{"line":586,"column":0},"end":{"line":620,"column":2}},"169":{"start":{"line":587,"column":4},"end":{"line":587,"column":20}},"170":{"start":{"line":589,"column":4},"end":{"line":589,"column":28}},"171":{"start":{"line":591,"column":4},"end":{"line":600,"column":6}},"172":{"start":{"line":592,"column":8},"end":{"line":595,"column":60}},"173":{"start":{"line":597,"column":8},"end":{"line":597,"column":71}},"174":{"start":{"line":599,"column":8},"end":{"line":599,"column":33}},"175":{"start":{"line":603,"column":4},"end":{"line":603,"column":47}},"176":{"start":{"line":605,"column":4},"end":{"line":619,"column":7}},"177":{"start":{"line":606,"column":8},"end":{"line":606,"column":28}},"178":{"start":{"line":608,"column":8},"end":{"line":618,"column":9}},"179":{"start":{"line":609,"column":12},"end":{"line":617,"column":15}},"180":{"start":{"line":611,"column":20},"end":{"line":614,"column":16}},"181":{"start":{"line":612,"column":24},"end":{"line":612,"column":64}},"182":{"start":{"line":616,"column":16},"end":{"line":616,"column":49}},"183":{"start":{"line":627,"column":0},"end":{"line":629,"column":2}},"184":{"start":{"line":628,"column":4},"end":{"line":628,"column":47}},"185":{"start":{"line":637,"column":0},"end":{"line":639,"column":2}},"186":{"start":{"line":638,"column":4},"end":{"line":638,"column":57}},"187":{"start":{"line":662,"column":0},"end":{"line":855,"column":2}},"188":{"start":{"line":663,"column":4},"end":{"line":663,"column":32}},"189":{"start":{"line":664,"column":4},"end":{"line":664,"column":99}},"190":{"start":{"line":665,"column":4},"end":{"line":665,"column":38}},"191":{"start":{"line":667,"column":4},"end":{"line":670,"column":20}},"192":{"start":{"line":673,"column":4},"end":{"line":693,"column":60}},"193":{"start":{"line":676,"column":16},"end":{"line":676,"column":54}},"194":{"start":{"line":676,"column":37},"end":{"line":676,"column":52}},"195":{"start":{"line":678,"column":16},"end":{"line":678,"column":31}},"196":{"start":{"line":680,"column":16},"end":{"line":688,"column":17}},"197":{"start":{"line":681,"column":20},"end":{"line":681,"column":73}},"198":{"start":{"line":683,"column":20},"end":{"line":683,"column":91}},"199":{"start":{"line":687,"column":20},"end":{"line":687,"column":40}},"200":{"start":{"line":690,"column":16},"end":{"line":690,"column":30}},"201":{"start":{"line":695,"column":4},"end":{"line":716,"column":16}},"202":{"start":{"line":696,"column":8},"end":{"line":698,"column":11}},"203":{"start":{"line":700,"column":8},"end":{"line":705,"column":11}},"204":{"start":{"line":701,"column":12},"end":{"line":704,"column":13}},"205":{"start":{"line":703,"column":16},"end":{"line":703,"column":43}},"206":{"start":{"line":707,"column":8},"end":{"line":707,"column":36}},"207":{"start":{"line":708,"column":8},"end":{"line":708,"column":24}},"208":{"start":{"line":715,"column":8},"end":{"line":715,"column":67}},"209":{"start":{"line":718,"column":4},"end":{"line":854,"column":7}},"210":{"start":{"line":719,"column":8},"end":{"line":720,"column":65}},"211":{"start":{"line":722,"column":8},"end":{"line":746,"column":9}},"212":{"start":{"line":726,"column":12},"end":{"line":739,"column":13}},"213":{"start":{"line":727,"column":16},"end":{"line":738,"column":17}},"214":{"start":{"line":735,"column":20},"end":{"line":735,"column":59}},"215":{"start":{"line":737,"column":20},"end":{"line":737,"column":27}},"216":{"start":{"line":742,"column":12},"end":{"line":742,"column":37}},"217":{"start":{"line":744,"column":12},"end":{"line":744,"column":47}},"218":{"start":{"line":745,"column":12},"end":{"line":745,"column":28}},"219":{"start":{"line":748,"column":8},"end":{"line":761,"column":9}},"220":{"start":{"line":749,"column":12},"end":{"line":751,"column":13}},"221":{"start":{"line":750,"column":16},"end":{"line":750,"column":23}},"222":{"start":{"line":753,"column":12},"end":{"line":753,"column":33}},"223":{"start":{"line":756,"column":12},"end":{"line":756,"column":37}},"224":{"start":{"line":759,"column":12},"end":{"line":759,"column":46}},"225":{"start":{"line":760,"column":12},"end":{"line":760,"column":28}},"226":{"start":{"line":763,"column":8},"end":{"line":770,"column":9}},"227":{"start":{"line":766,"column":12},"end":{"line":766,"column":39}},"228":{"start":{"line":767,"column":12},"end":{"line":767,"column":31}},"229":{"start":{"line":769,"column":12},"end":{"line":769,"column":19}},"230":{"start":{"line":772,"column":8},"end":{"line":793,"column":9}},"231":{"start":{"line":776,"column":12},"end":{"line":790,"column":13}},"232":{"start":{"line":777,"column":16},"end":{"line":786,"column":19}},"233":{"start":{"line":779,"column":20},"end":{"line":782,"column":21}},"234":{"start":{"line":780,"column":24},"end":{"line":780,"column":35}},"235":{"start":{"line":781,"column":24},"end":{"line":781,"column":37}},"236":{"start":{"line":784,"column":20},"end":{"line":784,"column":38}},"237":{"start":{"line":785,"column":20},"end":{"line":785,"column":39}},"238":{"start":{"line":788,"column":16},"end":{"line":788,"column":33}},"239":{"start":{"line":789,"column":16},"end":{"line":789,"column":35}},"240":{"start":{"line":792,"column":12},"end":{"line":792,"column":19}},"241":{"start":{"line":796,"column":8},"end":{"line":804,"column":9}},"242":{"start":{"line":798,"column":12},"end":{"line":802,"column":16}},"243":{"start":{"line":803,"column":12},"end":{"line":803,"column":79}},"244":{"start":{"line":806,"column":8},"end":{"line":853,"column":9}},"245":{"start":{"line":808,"column":12},"end":{"line":821,"column":24}},"246":{"start":{"line":812,"column":24},"end":{"line":812,"column":58}},"247":{"start":{"line":814,"column":24},"end":{"line":820,"column":25}},"248":{"start":{"line":816,"column":28},"end":{"line":816,"column":47}},"249":{"start":{"line":818,"column":28},"end":{"line":818,"column":46}},"250":{"start":{"line":819,"column":28},"end":{"line":819,"column":47}},"251":{"start":{"line":823,"column":12},"end":{"line":826,"column":24}},"252":{"start":{"line":824,"column":16},"end":{"line":825,"column":88}},"253":{"start":{"line":833,"column":12},"end":{"line":833,"column":58}},"254":{"start":{"line":835,"column":12},"end":{"line":835,"column":46}},"255":{"start":{"line":838,"column":12},"end":{"line":852,"column":15}},"256":{"start":{"line":842,"column":16},"end":{"line":845,"column":17}},"257":{"start":{"line":843,"column":20},"end":{"line":843,"column":39}},"258":{"start":{"line":844,"column":20},"end":{"line":844,"column":27}},"259":{"start":{"line":847,"column":16},"end":{"line":851,"column":17}},"260":{"start":{"line":849,"column":20},"end":{"line":849,"column":38}},"261":{"start":{"line":850,"column":20},"end":{"line":850,"column":39}},"262":{"start":{"line":872,"column":0},"end":{"line":931,"column":2}},"263":{"start":{"line":873,"column":4},"end":{"line":875,"column":17}},"264":{"start":{"line":877,"column":4},"end":{"line":877,"column":26}},"265":{"start":{"line":879,"column":4},"end":{"line":893,"column":5}},"266":{"start":{"line":881,"column":8},"end":{"line":886,"column":9}},"267":{"start":{"line":882,"column":12},"end":{"line":882,"column":33}},"268":{"start":{"line":884,"column":12},"end":{"line":886,"column":8}},"269":{"start":{"line":888,"column":8},"end":{"line":888,"column":25}},"270":{"start":{"line":890,"column":8},"end":{"line":892,"column":9}},"271":{"start":{"line":891,"column":12},"end":{"line":891,"column":78}},"272":{"start":{"line":895,"column":4},"end":{"line":930,"column":9}},"273":{"start":{"line":896,"column":8},"end":{"line":899,"column":41}},"274":{"start":{"line":901,"column":8},"end":{"line":901,"column":76}},"275":{"start":{"line":905,"column":8},"end":{"line":905,"column":117}},"276":{"start":{"line":908,"column":8},"end":{"line":929,"column":11}},"277":{"start":{"line":909,"column":12},"end":{"line":928,"column":13}},"278":{"start":{"line":910,"column":16},"end":{"line":910,"column":42}},"279":{"start":{"line":913,"column":16},"end":{"line":927,"column":17}},"280":{"start":{"line":914,"column":20},"end":{"line":914,"column":43}},"281":{"start":{"line":915,"column":20},"end":{"line":915,"column":45}},"282":{"start":{"line":917,"column":20},"end":{"line":920,"column":21}},"283":{"start":{"line":918,"column":24},"end":{"line":918,"column":46}},"284":{"start":{"line":919,"column":24},"end":{"line":919,"column":53}},"285":{"start":{"line":922,"column":20},"end":{"line":926,"column":23}},"286":{"start":{"line":923,"column":24},"end":{"line":923,"column":36}},"287":{"start":{"line":924,"column":24},"end":{"line":924,"column":41}},"288":{"start":{"line":925,"column":24},"end":{"line":925,"column":50}},"289":{"start":{"line":933,"column":0},"end":{"line":933,"column":27}}},"branchMap":{"1":{"line":67,"type":"if","locations":[{"start":{"line":67,"column":4},"end":{"line":67,"column":4}},{"start":{"line":67,"column":4},"end":{"line":67,"column":4}}]},"2":{"line":107,"type":"if","locations":[{"start":{"line":107,"column":4},"end":{"line":107,"column":4}},{"start":{"line":107,"column":4},"end":{"line":107,"column":4}}]},"3":{"line":107,"type":"binary-expr","locations":[{"start":{"line":107,"column":8},"end":{"line":107,"column":20}},{"start":{"line":107,"column":24},"end":{"line":107,"column":43}}]},"4":{"line":113,"type":"binary-expr","locations":[{"start":{"line":113,"column":4},"end":{"line":113,"column":22}},{"start":{"line":113,"column":26},"end":{"line":113,"column":54}}]},"5":{"line":119,"type":"if","locations":[{"start":{"line":119,"column":8},"end":{"line":119,"column":8}},{"start":{"line":119,"column":8},"end":{"line":119,"column":8}}]},"6":{"line":119,"type":"binary-expr","locations":[{"start":{"line":119,"column":12},"end":{"line":119,"column":40}},{"start":{"line":120,"column":12},"end":{"line":120,"column":46}},{"start":{"line":121,"column":12},"end":{"line":121,"column":48}}]},"7":{"line":153,"type":"binary-expr","locations":[{"start":{"line":153,"column":13},"end":{"line":153,"column":19}},{"start":{"line":153,"column":23},"end":{"line":153,"column":25}}]},"8":{"line":155,"type":"if","locations":[{"start":{"line":155,"column":4},"end":{"line":155,"column":4}},{"start":{"line":155,"column":4},"end":{"line":155,"column":4}}]},"9":{"line":157,"type":"if","locations":[{"start":{"line":157,"column":8},"end":{"line":157,"column":8}},{"start":{"line":157,"column":8},"end":{"line":157,"column":8}}]},"10":{"line":166,"type":"if","locations":[{"start":{"line":166,"column":8},"end":{"line":166,"column":8}},{"start":{"line":166,"column":8},"end":{"line":166,"column":8}}]},"11":{"line":176,"type":"binary-expr","locations":[{"start":{"line":176,"column":33},"end":{"line":176,"column":49}},{"start":{"line":176,"column":53},"end":{"line":176,"column":75}}]},"12":{"line":180,"type":"cond-expr","locations":[{"start":{"line":180,"column":60},"end":{"line":180,"column":97}},{"start":{"line":180,"column":100},"end":{"line":180,"column":116}}]},"13":{"line":184,"type":"if","locations":[{"start":{"line":184,"column":12},"end":{"line":184,"column":12}},{"start":{"line":184,"column":12},"end":{"line":184,"column":12}}]},"14":{"line":188,"type":"if","locations":[{"start":{"line":188,"column":16},"end":{"line":188,"column":16}},{"start":{"line":188,"column":16},"end":{"line":188,"column":16}}]},"15":{"line":191,"type":"if","locations":[{"start":{"line":191,"column":20},"end":{"line":191,"column":20}},{"start":{"line":191,"column":20},"end":{"line":191,"column":20}}]},"16":{"line":192,"type":"binary-expr","locations":[{"start":{"line":192,"column":33},"end":{"line":192,"column":39}},{"start":{"line":192,"column":43},"end":{"line":192,"column":45}}]},"17":{"line":213,"type":"binary-expr","locations":[{"start":{"line":213,"column":16},"end":{"line":213,"column":34}},{"start":{"line":213,"column":38},"end":{"line":213,"column":61}},{"start":{"line":213,"column":66},"end":{"line":213,"column":68}}]},"18":{"line":215,"type":"if","locations":[{"start":{"line":215,"column":4},"end":{"line":215,"column":4}},{"start":{"line":215,"column":4},"end":{"line":215,"column":4}}]},"19":{"line":219,"type":"if","locations":[{"start":{"line":219,"column":12},"end":{"line":219,"column":12}},{"start":{"line":219,"column":12},"end":{"line":219,"column":12}}]},"20":{"line":244,"type":"binary-expr","locations":[{"start":{"line":244,"column":13},"end":{"line":244,"column":19}},{"start":{"line":244,"column":23},"end":{"line":244,"column":25}}]},"21":{"line":247,"type":"cond-expr","locations":[{"start":{"line":247,"column":45},"end":{"line":247,"column":68}},{"start":{"line":247,"column":71},"end":{"line":247,"column":73}}]},"22":{"line":249,"type":"binary-expr","locations":[{"start":{"line":249,"column":17},"end":{"line":249,"column":27}},{"start":{"line":249,"column":31},"end":{"line":249,"column":44}}]},"23":{"line":252,"type":"if","locations":[{"start":{"line":252,"column":8},"end":{"line":252,"column":8}},{"start":{"line":252,"column":8},"end":{"line":252,"column":8}}]},"24":{"line":263,"type":"if","locations":[{"start":{"line":263,"column":8},"end":{"line":263,"column":8}},{"start":{"line":263,"column":8},"end":{"line":263,"column":8}}]},"25":{"line":266,"type":"if","locations":[{"start":{"line":266,"column":16},"end":{"line":266,"column":16}},{"start":{"line":266,"column":16},"end":{"line":266,"column":16}}]},"26":{"line":294,"type":"binary-expr","locations":[{"start":{"line":294,"column":22},"end":{"line":294,"column":37}},{"start":{"line":294,"column":41},"end":{"line":294,"column":81}}]},"27":{"line":298,"type":"binary-expr","locations":[{"start":{"line":298,"column":4},"end":{"line":298,"column":11}},{"start":{"line":298,"column":15},"end":{"line":298,"column":35}},{"start":{"line":299,"column":8},"end":{"line":303,"column":10}}]},"28":{"line":335,"type":"if","locations":[{"start":{"line":335,"column":4},"end":{"line":335,"column":4}},{"start":{"line":335,"column":4},"end":{"line":335,"column":4}}]},"29":{"line":335,"type":"binary-expr","locations":[{"start":{"line":335,"column":8},"end":{"line":335,"column":30}},{"start":{"line":335,"column":34},"end":{"line":335,"column":62}}]},"30":{"line":341,"type":"cond-expr","locations":[{"start":{"line":341,"column":64},"end":{"line":341,"column":78}},{"start":{"line":341,"column":81},"end":{"line":341,"column":88}}]},"31":{"line":341,"type":"binary-expr","locations":[{"start":{"line":341,"column":14},"end":{"line":341,"column":20}},{"start":{"line":341,"column":24},"end":{"line":341,"column":61}}]},"32":{"line":342,"type":"cond-expr","locations":[{"start":{"line":342,"column":41},"end":{"line":342,"column":55}},{"start":{"line":342,"column":58},"end":{"line":342,"column":65}}]},"33":{"line":342,"type":"binary-expr","locations":[{"start":{"line":342,"column":14},"end":{"line":342,"column":20}},{"start":{"line":342,"column":24},"end":{"line":342,"column":38}}]},"34":{"line":343,"type":"binary-expr","locations":[{"start":{"line":343,"column":17},"end":{"line":343,"column":23}},{"start":{"line":343,"column":27},"end":{"line":343,"column":43}},{"start":{"line":343,"column":48},"end":{"line":343,"column":52}}]},"35":{"line":344,"type":"binary-expr","locations":[{"start":{"line":344,"column":18},"end":{"line":344,"column":24}},{"start":{"line":344,"column":28},"end":{"line":344,"column":45}},{"start":{"line":344,"column":50},"end":{"line":344,"column":54}}]},"36":{"line":346,"type":"if","locations":[{"start":{"line":346,"column":4},"end":{"line":346,"column":4}},{"start":{"line":346,"column":4},"end":{"line":346,"column":4}}]},"37":{"line":351,"type":"if","locations":[{"start":{"line":351,"column":4},"end":{"line":351,"column":4}},{"start":{"line":351,"column":4},"end":{"line":351,"column":4}}]},"38":{"line":360,"type":"if","locations":[{"start":{"line":360,"column":8},"end":{"line":360,"column":8}},{"start":{"line":360,"column":8},"end":{"line":360,"column":8}}]},"39":{"line":361,"type":"binary-expr","locations":[{"start":{"line":361,"column":12},"end":{"line":361,"column":20}},{"start":{"line":361,"column":24},"end":{"line":361,"column":37}}]},"40":{"line":366,"type":"binary-expr","locations":[{"start":{"line":366,"column":7},"end":{"line":366,"column":13}},{"start":{"line":366,"column":17},"end":{"line":366,"column":36}}]},"41":{"line":384,"type":"if","locations":[{"start":{"line":384,"column":4},"end":{"line":384,"column":4}},{"start":{"line":384,"column":4},"end":{"line":384,"column":4}}]},"42":{"line":395,"type":"if","locations":[{"start":{"line":395,"column":8},"end":{"line":395,"column":8}},{"start":{"line":395,"column":8},"end":{"line":395,"column":8}}]},"43":{"line":464,"type":"if","locations":[{"start":{"line":464,"column":4},"end":{"line":464,"column":4}},{"start":{"line":464,"column":4},"end":{"line":464,"column":4}}]},"44":{"line":466,"type":"if","locations":[{"start":{"line":466,"column":8},"end":{"line":466,"column":8}},{"start":{"line":466,"column":8},"end":{"line":466,"column":8}}]},"45":{"line":477,"type":"binary-expr","locations":[{"start":{"line":477,"column":17},"end":{"line":477,"column":23}},{"start":{"line":477,"column":27},"end":{"line":477,"column":43}},{"start":{"line":477,"column":48},"end":{"line":477,"column":70}}]},"46":{"line":482,"type":"if","locations":[{"start":{"line":482,"column":4},"end":{"line":482,"column":4}},{"start":{"line":482,"column":4},"end":{"line":482,"column":4}}]},"47":{"line":483,"type":"if","locations":[{"start":{"line":483,"column":8},"end":{"line":483,"column":8}},{"start":{"line":483,"column":8},"end":{"line":483,"column":8}}]},"48":{"line":483,"type":"binary-expr","locations":[{"start":{"line":483,"column":12},"end":{"line":483,"column":22}},{"start":{"line":483,"column":26},"end":{"line":483,"column":50}}]},"49":{"line":497,"type":"binary-expr","locations":[{"start":{"line":497,"column":16},"end":{"line":497,"column":29}},{"start":{"line":497,"column":33},"end":{"line":497,"column":77}}]},"50":{"line":501,"type":"binary-expr","locations":[{"start":{"line":501,"column":8},"end":{"line":501,"column":26}},{"start":{"line":501,"column":30},"end":{"line":501,"column":60}}]},"51":{"line":503,"type":"cond-expr","locations":[{"start":{"line":503,"column":77},"end":{"line":503,"column":87}},{"start":{"line":503,"column":90},"end":{"line":503,"column":94}}]},"52":{"line":503,"type":"binary-expr","locations":[{"start":{"line":503,"column":36},"end":{"line":503,"column":46}},{"start":{"line":503,"column":50},"end":{"line":503,"column":74}}]},"53":{"line":521,"type":"if","locations":[{"start":{"line":521,"column":8},"end":{"line":521,"column":8}},{"start":{"line":521,"column":8},"end":{"line":521,"column":8}}]},"54":{"line":523,"type":"binary-expr","locations":[{"start":{"line":523,"column":12},"end":{"line":523,"column":42}},{"start":{"line":523,"column":46},"end":{"line":526,"column":14}}]},"55":{"line":589,"type":"binary-expr","locations":[{"start":{"line":589,"column":14},"end":{"line":589,"column":21}},{"start":{"line":589,"column":25},"end":{"line":589,"column":27}}]},"56":{"line":591,"type":"binary-expr","locations":[{"start":{"line":591,"column":15},"end":{"line":591,"column":23}},{"start":{"line":591,"column":27},"end":{"line":600,"column":5}}]},"57":{"line":593,"type":"cond-expr","locations":[{"start":{"line":593,"column":48},"end":{"line":593,"column":72}},{"start":{"line":593,"column":75},"end":{"line":593,"column":77}}]},"58":{"line":593,"type":"binary-expr","locations":[{"start":{"line":593,"column":17},"end":{"line":593,"column":24}},{"start":{"line":593,"column":28},"end":{"line":593,"column":45}}]},"59":{"line":595,"type":"binary-expr","locations":[{"start":{"line":595,"column":19},"end":{"line":595,"column":26}},{"start":{"line":595,"column":30},"end":{"line":595,"column":41}},{"start":{"line":595,"column":46},"end":{"line":595,"column":59}}]},"60":{"line":603,"type":"binary-expr","locations":[{"start":{"line":603,"column":18},"end":{"line":603,"column":29}},{"start":{"line":603,"column":33},"end":{"line":603,"column":46}}]},"61":{"line":606,"type":"binary-expr","locations":[{"start":{"line":606,"column":16},"end":{"line":606,"column":21}},{"start":{"line":606,"column":25},"end":{"line":606,"column":27}}]},"62":{"line":608,"type":"if","locations":[{"start":{"line":608,"column":8},"end":{"line":608,"column":8}},{"start":{"line":608,"column":8},"end":{"line":608,"column":8}}]},"63":{"line":616,"type":"binary-expr","locations":[{"start":{"line":616,"column":16},"end":{"line":616,"column":24}},{"start":{"line":616,"column":28},"end":{"line":616,"column":48}}]},"64":{"line":663,"type":"binary-expr","locations":[{"start":{"line":663,"column":16},"end":{"line":663,"column":25}},{"start":{"line":663,"column":29},"end":{"line":663,"column":31}}]},"65":{"line":664,"type":"cond-expr","locations":[{"start":{"line":664,"column":69},"end":{"line":664,"column":76}},{"start":{"line":664,"column":79},"end":{"line":664,"column":98}}]},"66":{"line":664,"type":"binary-expr","locations":[{"start":{"line":664,"column":15},"end":{"line":664,"column":45}},{"start":{"line":664,"column":50},"end":{"line":664,"column":66}}]},"67":{"line":665,"type":"binary-expr","locations":[{"start":{"line":665,"column":19},"end":{"line":665,"column":31}},{"start":{"line":665,"column":35},"end":{"line":665,"column":37}}]},"68":{"line":676,"type":"if","locations":[{"start":{"line":676,"column":16},"end":{"line":676,"column":16}},{"start":{"line":676,"column":16},"end":{"line":676,"column":16}}]},"69":{"line":683,"type":"cond-expr","locations":[{"start":{"line":683,"column":75},"end":{"line":683,"column":78}},{"start":{"line":683,"column":81},"end":{"line":683,"column":83}}]},"70":{"line":683,"type":"binary-expr","locations":[{"start":{"line":683,"column":32},"end":{"line":683,"column":43}},{"start":{"line":683,"column":47},"end":{"line":683,"column":71}}]},"71":{"line":701,"type":"if","locations":[{"start":{"line":701,"column":12},"end":{"line":701,"column":12}},{"start":{"line":701,"column":12},"end":{"line":701,"column":12}}]},"72":{"line":707,"type":"binary-expr","locations":[{"start":{"line":707,"column":8},"end":{"line":707,"column":16}},{"start":{"line":707,"column":20},"end":{"line":707,"column":35}}]},"73":{"line":715,"type":"binary-expr","locations":[{"start":{"line":715,"column":8},"end":{"line":715,"column":21}},{"start":{"line":715,"column":25},"end":{"line":715,"column":66}}]},"74":{"line":727,"type":"if","locations":[{"start":{"line":727,"column":16},"end":{"line":727,"column":16}},{"start":{"line":727,"column":16},"end":{"line":727,"column":16}}]},"75":{"line":744,"type":"binary-expr","locations":[{"start":{"line":744,"column":12},"end":{"line":744,"column":20}},{"start":{"line":744,"column":24},"end":{"line":744,"column":46}}]},"76":{"line":749,"type":"if","locations":[{"start":{"line":749,"column":12},"end":{"line":749,"column":12}},{"start":{"line":749,"column":12},"end":{"line":749,"column":12}}]},"77":{"line":759,"type":"binary-expr","locations":[{"start":{"line":759,"column":12},"end":{"line":759,"column":20}},{"start":{"line":759,"column":24},"end":{"line":759,"column":45}}]},"78":{"line":763,"type":"if","locations":[{"start":{"line":763,"column":8},"end":{"line":763,"column":8}},{"start":{"line":763,"column":8},"end":{"line":763,"column":8}}]},"79":{"line":772,"type":"if","locations":[{"start":{"line":772,"column":8},"end":{"line":772,"column":8}},{"start":{"line":772,"column":8},"end":{"line":772,"column":8}}]},"80":{"line":776,"type":"if","locations":[{"start":{"line":776,"column":12},"end":{"line":776,"column":12}},{"start":{"line":776,"column":12},"end":{"line":776,"column":12}}]},"81":{"line":779,"type":"if","locations":[{"start":{"line":779,"column":20},"end":{"line":779,"column":20}},{"start":{"line":779,"column":20},"end":{"line":779,"column":20}}]},"82":{"line":796,"type":"if","locations":[{"start":{"line":796,"column":8},"end":{"line":796,"column":8}},{"start":{"line":796,"column":8},"end":{"line":796,"column":8}}]},"83":{"line":806,"type":"if","locations":[{"start":{"line":806,"column":8},"end":{"line":806,"column":8}},{"start":{"line":806,"column":8},"end":{"line":806,"column":8}}]},"84":{"line":814,"type":"if","locations":[{"start":{"line":814,"column":24},"end":{"line":814,"column":24}},{"start":{"line":814,"column":24},"end":{"line":814,"column":24}}]},"85":{"line":824,"type":"binary-expr","locations":[{"start":{"line":824,"column":16},"end":{"line":824,"column":35}},{"start":{"line":825,"column":20},"end":{"line":825,"column":87}}]},"86":{"line":842,"type":"if","locations":[{"start":{"line":842,"column":16},"end":{"line":842,"column":16}},{"start":{"line":842,"column":16},"end":{"line":842,"column":16}}]},"87":{"line":847,"type":"if","locations":[{"start":{"line":847,"column":16},"end":{"line":847,"column":16}},{"start":{"line":847,"column":16},"end":{"line":847,"column":16}}]},"88":{"line":847,"type":"binary-expr","locations":[{"start":{"line":847,"column":20},"end":{"line":847,"column":39}},{"start":{"line":847,"column":43},"end":{"line":847,"column":68}}]},"89":{"line":877,"type":"binary-expr","locations":[{"start":{"line":877,"column":13},"end":{"line":877,"column":19}},{"start":{"line":877,"column":23},"end":{"line":877,"column":25}}]},"90":{"line":879,"type":"if","locations":[{"start":{"line":879,"column":4},"end":{"line":879,"column":4}},{"start":{"line":879,"column":4},"end":{"line":879,"column":4}}]},"91":{"line":881,"type":"if","locations":[{"start":{"line":881,"column":8},"end":{"line":881,"column":8}},{"start":{"line":881,"column":8},"end":{"line":881,"column":8}}]},"92":{"line":890,"type":"if","locations":[{"start":{"line":890,"column":8},"end":{"line":890,"column":8}},{"start":{"line":890,"column":8},"end":{"line":890,"column":8}}]},"93":{"line":901,"type":"binary-expr","locations":[{"start":{"line":901,"column":33},"end":{"line":901,"column":49}},{"start":{"line":901,"column":53},"end":{"line":901,"column":75}}]},"94":{"line":905,"type":"cond-expr","locations":[{"start":{"line":905,"column":60},"end":{"line":905,"column":97}},{"start":{"line":905,"column":100},"end":{"line":905,"column":116}}]},"95":{"line":909,"type":"if","locations":[{"start":{"line":909,"column":12},"end":{"line":909,"column":12}},{"start":{"line":909,"column":12},"end":{"line":909,"column":12}}]},"96":{"line":909,"type":"binary-expr","locations":[{"start":{"line":909,"column":16},"end":{"line":909,"column":21}},{"start":{"line":909,"column":25},"end":{"line":909,"column":33}}]},"97":{"line":913,"type":"if","locations":[{"start":{"line":913,"column":16},"end":{"line":913,"column":16}},{"start":{"line":913,"column":16},"end":{"line":913,"column":16}}]},"98":{"line":917,"type":"if","locations":[{"start":{"line":917,"column":20},"end":{"line":917,"column":20}},{"start":{"line":917,"column":20},"end":{"line":917,"column":20}}]},"99":{"line":918,"type":"binary-expr","locations":[{"start":{"line":918,"column":33},"end":{"line":918,"column":39}},{"start":{"line":918,"column":43},"end":{"line":918,"column":45}}]}},"l":{"5":1,"24":1,"25":107,"31":107,"37":107,"44":107,"50":107,"53":107,"54":107,"55":107,"56":107,"57":107,"64":1,"65":142,"67":142,"68":132,"70":142,"78":1,"79":132,"81":14,"82":14,"85":132,"87":132,"95":1,"96":106,"105":106,"107":106,"108":10,"109":15,"113":106,"114":106,"116":106,"118":106,"119":2544,"123":2120,"124":1,"129":106,"130":106,"148":1,"149":27,"153":27,"155":27,"157":5,"158":5,"160":0,"164":5,"166":5,"167":0,"171":27,"172":27,"176":27,"180":27,"183":27,"184":29,"185":0,"188":29,"189":2,"191":27,"192":3,"193":3,"197":27,"198":27,"199":27,"212":1,"213":7,"215":7,"216":1,"217":8,"219":8,"220":2,"223":8,"227":6,"243":1,"244":6,"246":6,"249":6,"251":1,"252":21,"253":12,"256":21,"259":1,"260":21,"261":21,"263":21,"265":13,"266":13,"267":13,"270":13,"274":8,"275":8,"279":6,"290":1,"291":5,"294":5,"296":5,"298":4,"300":10,"327":1,"328":109,"335":109,"337":21,"338":21,"341":109,"342":109,"343":109,"344":109,"346":109,"348":0,"351":109,"353":28,"355":28,"359":81,"360":80,"361":18,"362":18,"365":62,"383":1,"384":90,"385":16,"387":16,"390":0,"393":74,"395":74,"397":45,"406":1,"407":1,"416":1,"417":40,"426":1,"427":10,"436":1,"437":3,"457":1,"458":687,"464":687,"466":3,"467":3,"469":0,"473":3,"476":687,"477":687,"478":687,"480":687,"482":687,"483":2,"485":2,"486":2,"490":2,"497":2,"501":2,"503":685,"506":685,"512":685,"519":685,"521":685,"523":10,"524":11,"525":11,"528":10,"538":1,"544":1,"545":3,"586":1,"587":8,"589":8,"591":8,"592":4,"597":4,"599":4,"603":8,"605":8,"606":8,"608":8,"609":8,"611":25,"612":25,"616":8,"627":1,"628":4,"637":1,"638":1,"662":1,"663":110,"664":110,"665":110,"667":110,"673":110,"676":150,"678":150,"680":150,"681":150,"683":149,"687":1,"690":150,"695":110,"696":14,"700":14,"701":17,"703":14,"707":14,"708":14,"715":14,"718":110,"719":150,"722":1,"726":128,"727":208,"735":40,"737":40,"742":88,"744":88,"745":88,"748":1,"749":12,"750":0,"753":12,"756":12,"759":12,"760":12,"763":149,"766":7,"767":7,"769":7,"772":142,"776":11,"777":8,"779":8,"780":0,"781":0,"784":8,"785":8,"788":3,"789":3,"792":11,"796":131,"798":21,"803":21,"806":131,"808":22,"812":13,"814":13,"816":2,"818":11,"819":11,"823":22,"824":0,"833":22,"835":22,"838":109,"842":109,"843":10,"844":10,"847":99,"849":99,"850":99,"872":1,"873":22,"877":22,"879":22,"881":5,"882":5,"884":0,"888":5,"890":5,"891":0,"895":22,"896":22,"901":22,"905":22,"908":22,"909":27,"910":6,"913":21,"914":2,"915":2,"917":19,"918":3,"919":3,"922":19,"923":19,"924":19,"925":19,"933":1}},
"L:\\projects\\essencejs\\src\\parser.js":{"path":"L:\\projects\\essencejs\\src\\parser.js","s":{"1":1,"2":1,"3":120,"4":5,"5":1,"6":4,"7":115,"8":115,"9":115,"10":142,"11":113,"12":142,"13":0,"14":1},"b":{"1":[5,115],"2":[120,120],"3":[1,4],"4":[5,5],"5":[115,0],"6":[113,29]},"f":{"1":120,"2":142},"fnMap":{"1":{"name":"getArgs","line":20,"loc":{"start":{"line":20,"column":0},"end":{"line":20,"column":34}}},"2":{"name":"(anonymous_2)","line":34,"loc":{"start":{"line":34,"column":19},"end":{"line":34,"column":40}}}},"statementMap":{"1":{"start":{"line":11,"column":0},"end":{"line":12,"column":55}},"2":{"start":{"line":20,"column":0},"end":{"line":43,"column":1}},"3":{"start":{"line":21,"column":4},"end":{"line":42,"column":5}},"4":{"start":{"line":22,"column":8},"end":{"line":24,"column":9}},"5":{"start":{"line":23,"column":12},"end":{"line":23,"column":62}},"6":{"start":{"line":26,"column":8},"end":{"line":26,"column":68}},"7":{"start":{"line":27,"column":11},"end":{"line":42,"column":5}},"8":{"start":{"line":28,"column":8},"end":{"line":28,"column":46}},"9":{"start":{"line":30,"column":8},"end":{"line":39,"column":19}},"10":{"start":{"line":35,"column":16},"end":{"line":37,"column":17}},"11":{"start":{"line":36,"column":20},"end":{"line":36,"column":42}},"12":{"start":{"line":38,"column":16},"end":{"line":38,"column":28}},"13":{"start":{"line":41,"column":8},"end":{"line":41,"column":18}},"14":{"start":{"line":49,"column":0},"end":{"line":51,"column":2}}},"branchMap":{"1":{"line":21,"type":"if","locations":[{"start":{"line":21,"column":4},"end":{"line":21,"column":4}},{"start":{"line":21,"column":4},"end":{"line":21,"column":4}}]},"2":{"line":21,"type":"binary-expr","locations":[{"start":{"line":21,"column":8},"end":{"line":21,"column":23}},{"start":{"line":21,"column":27},"end":{"line":21,"column":64}}]},"3":{"line":22,"type":"if","locations":[{"start":{"line":22,"column":8},"end":{"line":22,"column":8}},{"start":{"line":22,"column":8},"end":{"line":22,"column":8}}]},"4":{"line":22,"type":"binary-expr","locations":[{"start":{"line":22,"column":12},"end":{"line":22,"column":35}},{"start":{"line":22,"column":39},"end":{"line":22,"column":104}}]},"5":{"line":27,"type":"if","locations":[{"start":{"line":27,"column":11},"end":{"line":27,"column":11}},{"start":{"line":27,"column":11},"end":{"line":27,"column":11}}]},"6":{"line":35,"type":"if","locations":[{"start":{"line":35,"column":16},"end":{"line":35,"column":16}},{"start":{"line":35,"column":16},"end":{"line":35,"column":16}}]}},"l":{"11":1,"20":1,"21":120,"22":5,"23":1,"26":4,"27":115,"28":115,"30":115,"35":142,"36":113,"38":142,"41":0,"49":1}}}
