{
"/Users/allen/Projects/github/essencejs/src/Config.js":{"path":"/Users/allen/Projects/github/essencejs/src/Config.js","s":{"1":1,"2":90,"3":1},"b":{"1":[90,1,89]},"f":{"1":90},"fnMap":{"1":{"name":"Config","line":18,"loc":{"start":{"line":18,"column":13},"end":{"line":18,"column":37}}}},"statementMap":{"1":{"start":{"line":18,"column":0},"end":{"line":24,"column":2}},"2":{"start":{"line":23,"column":4},"end":{"line":23,"column":55}},"3":{"start":{"line":26,"column":0},"end":{"line":26,"column":24}}},"branchMap":{"1":{"line":23,"type":"binary-expr","locations":[{"start":{"line":23,"column":20},"end":{"line":23,"column":26}},{"start":{"line":23,"column":30},"end":{"line":23,"column":44}},{"start":{"line":23,"column":49},"end":{"line":23,"column":54}}]}},"l":{"18":1,"23":90,"26":1}},
"/Users/allen/Projects/github/essencejs/src/Resolvable.js":{"path":"/Users/allen/Projects/github/essencejs/src/Resolvable.js","s":{"1":1,"2":248,"3":248,"4":248,"5":248,"6":248,"7":1,"8":118,"9":62,"10":56,"11":1,"12":225,"13":225,"14":225,"15":225,"16":1},"b":{"1":[248,246],"2":[248,246],"3":[248,246,230],"4":[248,246,246],"5":[248,246],"6":[62,56],"7":[118,78]},"f":{"1":248,"2":118,"3":225},"fnMap":{"1":{"name":"Resolvable","line":21,"loc":{"start":{"line":21,"column":17},"end":{"line":21,"column":45}}},"2":{"name":"get","line":72,"loc":{"start":{"line":72,"column":27},"end":{"line":72,"column":58}}},"3":{"name":"dispose","line":86,"loc":{"start":{"line":86,"column":31},"end":{"line":86,"column":50}}}},"statementMap":{"1":{"start":{"line":21,"column":0},"end":{"line":52,"column":2}},"2":{"start":{"line":26,"column":4},"end":{"line":26,"column":48}},"3":{"start":{"line":32,"column":4},"end":{"line":32,"column":36}},"4":{"start":{"line":39,"column":4},"end":{"line":39,"column":67}},"5":{"start":{"line":45,"column":4},"end":{"line":45,"column":54}},"6":{"start":{"line":51,"column":4},"end":{"line":51,"column":38}},"7":{"start":{"line":72,"column":0},"end":{"line":81,"column":2}},"8":{"start":{"line":73,"column":4},"end":{"line":80,"column":5}},"9":{"start":{"line":76,"column":8},"end":{"line":76,"column":36}},"10":{"start":{"line":79,"column":8},"end":{"line":79,"column":34}},"11":{"start":{"line":86,"column":0},"end":{"line":91,"column":2}},"12":{"start":{"line":87,"column":4},"end":{"line":87,"column":21}},"13":{"start":{"line":88,"column":4},"end":{"line":88,"column":30}},"14":{"start":{"line":89,"column":4},"end":{"line":89,"column":25}},"15":{"start":{"line":90,"column":4},"end":{"line":90,"column":21}},"16":{"start":{"line":93,"column":0},"end":{"line":93,"column":28}}},"branchMap":{"1":{"line":26,"type":"binary-expr","locations":[{"start":{"line":26,"column":21},"end":{"line":26,"column":27}},{"start":{"line":26,"column":31},"end":{"line":26,"column":47}}]},"2":{"line":32,"type":"binary-expr","locations":[{"start":{"line":32,"column":15},"end":{"line":32,"column":21}},{"start":{"line":32,"column":25},"end":{"line":32,"column":35}}]},"3":{"line":39,"type":"binary-expr","locations":[{"start":{"line":39,"column":26},"end":{"line":39,"column":32}},{"start":{"line":39,"column":36},"end":{"line":39,"column":56}},{"start":{"line":39,"column":61},"end":{"line":39,"column":66}}]},"4":{"line":45,"type":"binary-expr","locations":[{"start":{"line":45,"column":21},"end":{"line":45,"column":27}},{"start":{"line":45,"column":31},"end":{"line":45,"column":46}},{"start":{"line":45,"column":51},"end":{"line":45,"column":53}}]},"5":{"line":51,"type":"binary-expr","locations":[{"start":{"line":51,"column":16},"end":{"line":51,"column":22}},{"start":{"line":51,"column":26},"end":{"line":51,"column":37}}]},"6":{"line":73,"type":"if","locations":[{"start":{"line":73,"column":4},"end":{"line":73,"column":4}},{"start":{"line":73,"column":4},"end":{"line":73,"column":4}}]},"7":{"line":73,"type":"binary-expr","locations":[{"start":{"line":73,"column":8},"end":{"line":73,"column":39}},{"start":{"line":73,"column":43},"end":{"line":73,"column":85}}]}},"l":{"21":1,"26":248,"32":248,"39":248,"45":248,"51":248,"72":1,"73":118,"76":62,"79":56,"86":1,"87":225,"88":225,"89":225,"90":225,"93":1}},
"/Users/allen/Projects/github/essencejs/src/Registration.js":{"path":"/Users/allen/Projects/github/essencejs/src/Registration.js","s":{"1":1,"2":1,"3":99,"4":99,"5":100,"6":99,"7":82,"8":222,"9":222,"10":39,"11":222,"12":1,"13":245,"14":1,"15":244,"16":1,"17":243,"18":243,"19":0,"20":243,"21":1,"22":540,"23":540,"24":540,"25":79,"26":540,"27":318,"28":318,"29":62,"30":318,"31":540,"32":3,"33":537,"34":56,"35":481,"36":1,"37":225,"38":225,"39":2,"40":2,"41":2,"42":2,"43":225,"44":223,"45":225,"46":225,"47":225,"48":1,"49":87,"50":87,"51":220,"52":87,"53":1},"b":{"1":[39,183],"2":[222,69],"3":[1,244],"4":[1,243],"5":[244,243],"6":[51,192],"7":[0,243],"8":[243,8],"9":[540,281,259],"10":[270,11],"11":[79,461],"12":[540,260],"13":[62,256],"14":[3,537],"15":[56,481],"16":[225,2,223],"17":[1,1],"18":[2,0],"19":[223,2],"20":[225,224,224]},"f":{"1":99,"2":100,"3":82,"4":222,"5":245,"6":540,"7":318,"8":225,"9":2,"10":225,"11":87,"12":220},"fnMap":{"1":{"name":"Registration","line":12,"loc":{"start":{"line":12,"column":19},"end":{"line":12,"column":43}}},"2":{"name":"(anonymous_2)","line":27,"loc":{"start":{"line":27,"column":14},"end":{"line":27,"column":26}}},"3":{"name":"(anonymous_3)","line":40,"loc":{"start":{"line":40,"column":14},"end":{"line":40,"column":26}}},"4":{"name":"(anonymous_4)","line":41,"loc":{"start":{"line":41,"column":36},"end":{"line":41,"column":63}}},"5":{"name":"add","line":59,"loc":{"start":{"line":59,"column":29},"end":{"line":59,"column":54}}},"6":{"name":"get","line":83,"loc":{"start":{"line":83,"column":29},"end":{"line":83,"column":59}}},"7":{"name":"(anonymous_7)","line":93,"loc":{"start":{"line":93,"column":36},"end":{"line":93,"column":66}}},"8":{"name":"remove","line":121,"loc":{"start":{"line":121,"column":32},"end":{"line":121,"column":65}}},"9":{"name":"(anonymous_9)","line":125,"loc":{"start":{"line":125,"column":36},"end":{"line":125,"column":66}}},"10":{"name":"(anonymous_10)","line":140,"loc":{"start":{"line":140,"column":20},"end":{"line":140,"column":35}}},"11":{"name":"dispose","line":149,"loc":{"start":{"line":149,"column":33},"end":{"line":149,"column":52}}},"12":{"name":"(anonymous_12)","line":153,"loc":{"start":{"line":153,"column":16},"end":{"line":153,"column":31}}}},"statementMap":{"1":{"start":{"line":5,"column":0},"end":{"line":6,"column":29}},"2":{"start":{"line":12,"column":0},"end":{"line":52,"column":2}},"3":{"start":{"line":17,"column":4},"end":{"line":17,"column":25}},"4":{"start":{"line":26,"column":4},"end":{"line":30,"column":7}},"5":{"start":{"line":28,"column":12},"end":{"line":28,"column":48}},"6":{"start":{"line":39,"column":4},"end":{"line":51,"column":7}},"7":{"start":{"line":41,"column":12},"end":{"line":50,"column":8}},"8":{"start":{"line":42,"column":16},"end":{"line":42,"column":63}},"9":{"start":{"line":44,"column":16},"end":{"line":46,"column":17}},"10":{"start":{"line":45,"column":20},"end":{"line":45,"column":60}},"11":{"start":{"line":48,"column":16},"end":{"line":48,"column":34}},"12":{"start":{"line":59,"column":0},"end":{"line":74,"column":2}},"13":{"start":{"line":60,"column":4},"end":{"line":60,"column":113}},"14":{"start":{"line":60,"column":47},"end":{"line":60,"column":111}},"15":{"start":{"line":61,"column":4},"end":{"line":61,"column":137}},"16":{"start":{"line":61,"column":67},"end":{"line":61,"column":135}},"17":{"start":{"line":63,"column":4},"end":{"line":64,"column":27}},"18":{"start":{"line":66,"column":4},"end":{"line":71,"column":5}},"19":{"start":{"line":70,"column":8},"end":{"line":70,"column":35}},"20":{"start":{"line":73,"column":4},"end":{"line":73,"column":48}},"21":{"start":{"line":83,"column":0},"end":{"line":115,"column":2}},"22":{"start":{"line":84,"column":4},"end":{"line":84,"column":20}},"23":{"start":{"line":86,"column":4},"end":{"line":86,"column":93}},"24":{"start":{"line":88,"column":4},"end":{"line":91,"column":5}},"25":{"start":{"line":90,"column":8},"end":{"line":90,"column":37}},"26":{"start":{"line":93,"column":4},"end":{"line":101,"column":11}},"27":{"start":{"line":94,"column":8},"end":{"line":95,"column":47}},"28":{"start":{"line":97,"column":8},"end":{"line":99,"column":9}},"29":{"start":{"line":98,"column":12},"end":{"line":98,"column":36}},"30":{"start":{"line":100,"column":8},"end":{"line":100,"column":23}},"31":{"start":{"line":103,"column":4},"end":{"line":106,"column":5}},"32":{"start":{"line":105,"column":8},"end":{"line":105,"column":99}},"33":{"start":{"line":108,"column":4},"end":{"line":111,"column":5}},"34":{"start":{"line":110,"column":8},"end":{"line":110,"column":43}},"35":{"start":{"line":114,"column":4},"end":{"line":114,"column":32}},"36":{"start":{"line":121,"column":0},"end":{"line":144,"column":2}},"37":{"start":{"line":122,"column":4},"end":{"line":122,"column":93}},"38":{"start":{"line":124,"column":4},"end":{"line":133,"column":11}},"39":{"start":{"line":126,"column":8},"end":{"line":127,"column":47}},"40":{"start":{"line":129,"column":8},"end":{"line":131,"column":9}},"41":{"start":{"line":130,"column":12},"end":{"line":130,"column":36}},"42":{"start":{"line":132,"column":8},"end":{"line":132,"column":23}},"43":{"start":{"line":135,"column":4},"end":{"line":138,"column":5}},"44":{"start":{"line":137,"column":8},"end":{"line":137,"column":26}},"45":{"start":{"line":140,"column":4},"end":{"line":143,"column":7}},"46":{"start":{"line":141,"column":8},"end":{"line":141,"column":95}},"47":{"start":{"line":142,"column":8},"end":{"line":142,"column":36}},"48":{"start":{"line":149,"column":0},"end":{"line":158,"column":2}},"49":{"start":{"line":150,"column":4},"end":{"line":150,"column":20}},"50":{"start":{"line":152,"column":4},"end":{"line":155,"column":11}},"51":{"start":{"line":154,"column":12},"end":{"line":154,"column":29}},"52":{"start":{"line":157,"column":4},"end":{"line":157,"column":27}},"53":{"start":{"line":160,"column":0},"end":{"line":160,"column":30}}},"branchMap":{"1":{"line":44,"type":"if","locations":[{"start":{"line":44,"column":16},"end":{"line":44,"column":16}},{"start":{"line":44,"column":16},"end":{"line":44,"column":16}}]},"2":{"line":44,"type":"binary-expr","locations":[{"start":{"line":44,"column":20},"end":{"line":44,"column":42}},{"start":{"line":44,"column":46},"end":{"line":44,"column":92}}]},"3":{"line":60,"type":"if","locations":[{"start":{"line":60,"column":4},"end":{"line":60,"column":4}},{"start":{"line":60,"column":4},"end":{"line":60,"column":4}}]},"4":{"line":61,"type":"if","locations":[{"start":{"line":61,"column":4},"end":{"line":61,"column":4}},{"start":{"line":61,"column":4},"end":{"line":61,"column":4}}]},"5":{"line":61,"type":"binary-expr","locations":[{"start":{"line":61,"column":8},"end":{"line":61,"column":36}},{"start":{"line":61,"column":40},"end":{"line":61,"column":63}}]},"6":{"line":63,"type":"cond-expr","locations":[{"start":{"line":63,"column":48},"end":{"line":63,"column":75}},{"start":{"line":63,"column":78},"end":{"line":63,"column":80}}]},"7":{"line":66,"type":"if","locations":[{"start":{"line":66,"column":4},"end":{"line":66,"column":4}},{"start":{"line":66,"column":4},"end":{"line":66,"column":4}}]},"8":{"line":66,"type":"binary-expr","locations":[{"start":{"line":66,"column":8},"end":{"line":66,"column":38}},{"start":{"line":67,"column":8},"end":{"line":67,"column":53}}]},"9":{"line":86,"type":"binary-expr","locations":[{"start":{"line":86,"column":17},"end":{"line":86,"column":27}},{"start":{"line":86,"column":32},"end":{"line":86,"column":85}},{"start":{"line":86,"column":90},"end":{"line":86,"column":92}}]},"10":{"line":86,"type":"cond-expr","locations":[{"start":{"line":86,"column":60},"end":{"line":86,"column":70}},{"start":{"line":86,"column":73},"end":{"line":86,"column":85}}]},"11":{"line":88,"type":"if","locations":[{"start":{"line":88,"column":4},"end":{"line":88,"column":4}},{"start":{"line":88,"column":4},"end":{"line":88,"column":4}}]},"12":{"line":88,"type":"binary-expr","locations":[{"start":{"line":88,"column":8},"end":{"line":88,"column":31}},{"start":{"line":88,"column":35},"end":{"line":88,"column":69}}]},"13":{"line":97,"type":"if","locations":[{"start":{"line":97,"column":8},"end":{"line":97,"column":8}},{"start":{"line":97,"column":8},"end":{"line":97,"column":8}}]},"14":{"line":103,"type":"if","locations":[{"start":{"line":103,"column":4},"end":{"line":103,"column":4}},{"start":{"line":103,"column":4},"end":{"line":103,"column":4}}]},"15":{"line":108,"type":"if","locations":[{"start":{"line":108,"column":4},"end":{"line":108,"column":4}},{"start":{"line":108,"column":4},"end":{"line":108,"column":4}}]},"16":{"line":122,"type":"binary-expr","locations":[{"start":{"line":122,"column":17},"end":{"line":122,"column":27}},{"start":{"line":122,"column":32},"end":{"line":122,"column":85}},{"start":{"line":122,"column":90},"end":{"line":122,"column":92}}]},"17":{"line":122,"type":"cond-expr","locations":[{"start":{"line":122,"column":60},"end":{"line":122,"column":70}},{"start":{"line":122,"column":73},"end":{"line":122,"column":85}}]},"18":{"line":129,"type":"if","locations":[{"start":{"line":129,"column":8},"end":{"line":129,"column":8}},{"start":{"line":129,"column":8},"end":{"line":129,"column":8}}]},"19":{"line":135,"type":"if","locations":[{"start":{"line":135,"column":4},"end":{"line":135,"column":4}},{"start":{"line":135,"column":4},"end":{"line":135,"column":4}}]},"20":{"line":141,"type":"binary-expr","locations":[{"start":{"line":141,"column":8},"end":{"line":141,"column":28}},{"start":{"line":141,"column":32},"end":{"line":141,"column":60}},{"start":{"line":141,"column":64},"end":{"line":141,"column":94}}]}},"l":{"5":1,"12":1,"17":99,"26":99,"28":100,"39":99,"41":82,"42":222,"44":222,"45":39,"48":222,"59":1,"60":245,"61":244,"63":243,"66":243,"70":0,"73":243,"83":1,"84":540,"86":540,"88":540,"90":79,"93":540,"94":318,"97":318,"98":62,"100":318,"103":540,"105":3,"108":537,"110":56,"114":481,"121":1,"122":225,"124":225,"126":2,"129":2,"130":2,"132":2,"135":225,"137":223,"140":225,"141":225,"142":225,"149":1,"150":87,"152":87,"154":220,"157":87,"160":1}},
"/Users/allen/Projects/github/essencejs/src/util.js":{"path":"/Users/allen/Projects/github/essencejs/src/util.js","s":{"1":1,"2":1,"3":1,"4":23,"5":23,"6":23,"7":0,"8":23,"9":0,"10":23,"11":23,"12":1,"13":145,"14":141,"15":4,"16":1,"17":23,"18":23,"19":1,"20":638,"21":638,"22":1,"23":638,"24":638,"25":638,"26":55,"27":638,"28":638,"29":1,"30":12,"31":1},"b":{"1":[23,2],"2":[0,23],"3":[0,23],"4":[23,23],"5":[141,4],"6":[145,145],"7":[141,99],"8":[23,23],"9":[638,636,513],"10":[638,638],"11":[638,638],"12":[10,45],"13":[127,511]},"f":{"1":23,"2":23,"3":145,"4":23,"5":23,"6":638,"7":638,"8":55,"9":12},"fnMap":{"1":{"name":"instantiateObject","line":15,"loc":{"start":{"line":15,"column":0},"end":{"line":15,"column":46}}},"2":{"name":"F","line":16,"loc":{"start":{"line":16,"column":4},"end":{"line":16,"column":17}}},"3":{"name":"isObjectConstructor","line":39,"loc":{"start":{"line":39,"column":0},"end":{"line":39,"column":34}}},"4":{"name":"lowerCaseFirst","line":56,"loc":{"start":{"line":56,"column":0},"end":{"line":56,"column":29}}},"5":{"name":"(anonymous_5)","line":57,"loc":{"start":{"line":57,"column":37},"end":{"line":57,"column":58}}},"6":{"name":"splitNamespaceKey","line":68,"loc":{"start":{"line":68,"column":0},"end":{"line":68,"column":32}}},"7":{"name":"NamespaceKey","line":73,"loc":{"start":{"line":73,"column":4},"end":{"line":73,"column":35}}},"8":{"name":"toString","line":78,"loc":{"start":{"line":78,"column":38},"end":{"line":78,"column":58}}},"9":{"name":"variableNameFromFilePath","line":96,"loc":{"start":{"line":96,"column":0},"end":{"line":96,"column":44}}}},"statementMap":{"1":{"start":{"line":6,"column":0},"end":{"line":6,"column":27}},"2":{"start":{"line":15,"column":0},"end":{"line":30,"column":1}},"3":{"start":{"line":16,"column":4},"end":{"line":18,"column":5}},"4":{"start":{"line":17,"column":8},"end":{"line":17,"column":38}},"5":{"start":{"line":20,"column":4},"end":{"line":20,"column":22}},"6":{"start":{"line":22,"column":4},"end":{"line":29,"column":5}},"7":{"start":{"line":23,"column":8},"end":{"line":23,"column":85}},"8":{"start":{"line":24,"column":11},"end":{"line":29,"column":5}},"9":{"start":{"line":25,"column":8},"end":{"line":25,"column":66}},"10":{"start":{"line":27,"column":8},"end":{"line":27,"column":44}},"11":{"start":{"line":28,"column":8},"end":{"line":28,"column":23}},"12":{"start":{"line":39,"column":0},"end":{"line":48,"column":1}},"13":{"start":{"line":40,"column":4},"end":{"line":45,"column":5}},"14":{"start":{"line":44,"column":8},"end":{"line":44,"column":83}},"15":{"start":{"line":47,"column":4},"end":{"line":47,"column":17}},"16":{"start":{"line":56,"column":0},"end":{"line":58,"column":1}},"17":{"start":{"line":57,"column":4},"end":{"line":57,"column":95}},"18":{"start":{"line":57,"column":60},"end":{"line":57,"column":91}},"19":{"start":{"line":68,"column":0},"end":{"line":88,"column":1}},"20":{"start":{"line":70,"column":4},"end":{"line":70,"column":36}},"21":{"start":{"line":71,"column":4},"end":{"line":71,"column":69}},"22":{"start":{"line":73,"column":4},"end":{"line":76,"column":5}},"23":{"start":{"line":74,"column":8},"end":{"line":74,"column":52}},"24":{"start":{"line":75,"column":8},"end":{"line":75,"column":40}},"25":{"start":{"line":78,"column":4},"end":{"line":80,"column":6}},"26":{"start":{"line":79,"column":8},"end":{"line":79,"column":72}},"27":{"start":{"line":82,"column":4},"end":{"line":82,"column":57}},"28":{"start":{"line":84,"column":4},"end":{"line":87,"column":7}},"29":{"start":{"line":96,"column":0},"end":{"line":99,"column":1}},"30":{"start":{"line":97,"column":4},"end":{"line":98,"column":39}},"31":{"start":{"line":105,"column":0},"end":{"line":111,"column":2}}},"branchMap":{"1":{"line":20,"type":"binary-expr","locations":[{"start":{"line":20,"column":11},"end":{"line":20,"column":15}},{"start":{"line":20,"column":19},"end":{"line":20,"column":21}}]},"2":{"line":22,"type":"if","locations":[{"start":{"line":22,"column":4},"end":{"line":22,"column":4}},{"start":{"line":22,"column":4},"end":{"line":22,"column":4}}]},"3":{"line":24,"type":"if","locations":[{"start":{"line":24,"column":11},"end":{"line":24,"column":11}},{"start":{"line":24,"column":11},"end":{"line":24,"column":11}}]},"4":{"line":24,"type":"binary-expr","locations":[{"start":{"line":24,"column":15},"end":{"line":24,"column":27}},{"start":{"line":24,"column":31},"end":{"line":24,"column":49}}]},"5":{"line":40,"type":"if","locations":[{"start":{"line":40,"column":4},"end":{"line":40,"column":4}},{"start":{"line":40,"column":4},"end":{"line":40,"column":4}}]},"6":{"line":40,"type":"binary-expr","locations":[{"start":{"line":40,"column":8},"end":{"line":40,"column":11}},{"start":{"line":40,"column":15},"end":{"line":40,"column":40}}]},"7":{"line":44,"type":"binary-expr","locations":[{"start":{"line":44,"column":15},"end":{"line":44,"column":41}},{"start":{"line":44,"column":45},"end":{"line":44,"column":82}}]},"8":{"line":57,"type":"binary-expr","locations":[{"start":{"line":57,"column":11},"end":{"line":57,"column":14}},{"start":{"line":57,"column":18},"end":{"line":57,"column":94}}]},"9":{"line":71,"type":"binary-expr","locations":[{"start":{"line":71,"column":15},"end":{"line":71,"column":27}},{"start":{"line":71,"column":31},"end":{"line":71,"column":60}},{"start":{"line":71,"column":65},"end":{"line":71,"column":68}}]},"10":{"line":74,"type":"binary-expr","locations":[{"start":{"line":74,"column":25},"end":{"line":74,"column":31}},{"start":{"line":74,"column":35},"end":{"line":74,"column":51}}]},"11":{"line":75,"type":"binary-expr","locations":[{"start":{"line":75,"column":19},"end":{"line":75,"column":25}},{"start":{"line":75,"column":29},"end":{"line":75,"column":39}}]},"12":{"line":79,"type":"cond-expr","locations":[{"start":{"line":79,"column":33},"end":{"line":79,"column":54}},{"start":{"line":79,"column":57},"end":{"line":79,"column":59}}]},"13":{"line":82,"type":"cond-expr","locations":[{"start":{"line":82,"column":39},"end":{"line":82,"column":51}},{"start":{"line":82,"column":54},"end":{"line":82,"column":56}}]}},"l":{"6":1,"15":1,"16":1,"17":23,"20":23,"22":23,"23":0,"24":23,"25":0,"27":23,"28":23,"39":1,"40":145,"44":141,"47":4,"56":1,"57":23,"68":1,"70":638,"71":638,"73":1,"74":638,"75":638,"78":638,"79":55,"82":638,"84":638,"96":1,"97":12,"105":1}},
"/Users/allen/Projects/github/essencejs/src/WaitFor.js":{"path":"/Users/allen/Projects/github/essencejs/src/WaitFor.js","s":{"1":1,"2":17,"3":17,"4":1},"b":{"1":[17,17],"2":[17,17,0]},"f":{"1":17,"2":0},"fnMap":{"1":{"name":"WaitFor","line":18,"loc":{"start":{"line":18,"column":14},"end":{"line":18,"column":39}}},"2":{"name":"noop","line":29,"loc":{"start":{"line":29,"column":51},"end":{"line":29,"column":67}}}},"statementMap":{"1":{"start":{"line":18,"column":0},"end":{"line":30,"column":2}},"2":{"start":{"line":23,"column":4},"end":{"line":23,"column":54}},"3":{"start":{"line":29,"column":4},"end":{"line":29,"column":70}},"4":{"start":{"line":32,"column":0},"end":{"line":32,"column":25}}},"branchMap":{"1":{"line":23,"type":"binary-expr","locations":[{"start":{"line":23,"column":24},"end":{"line":23,"column":30}},{"start":{"line":23,"column":34},"end":{"line":23,"column":53}}]},"2":{"line":29,"type":"binary-expr","locations":[{"start":{"line":29,"column":21},"end":{"line":29,"column":27}},{"start":{"line":29,"column":31},"end":{"line":29,"column":46}},{"start":{"line":29,"column":51},"end":{"line":29,"column":69}}]}},"l":{"18":1,"23":17,"29":17,"32":1}},
"/Users/allen/Projects/github/essencejs/src/BaseError.js":{"path":"/Users/allen/Projects/github/essencejs/src/BaseError.js","s":{"1":1,"2":20,"3":1},"b":{"1":[20,14,16]},"f":{"1":20},"fnMap":{"1":{"name":"BaseError","line":18,"loc":{"start":{"line":18,"column":16},"end":{"line":18,"column":43}}}},"statementMap":{"1":{"start":{"line":18,"column":0},"end":{"line":24,"column":2}},"2":{"start":{"line":23,"column":4},"end":{"line":23,"column":70}},"3":{"start":{"line":26,"column":0},"end":{"line":26,"column":27}}},"branchMap":{"1":{"line":23,"type":"binary-expr","locations":[{"start":{"line":23,"column":20},"end":{"line":23,"column":26}},{"start":{"line":23,"column":30},"end":{"line":23,"column":44}},{"start":{"line":23,"column":49},"end":{"line":23,"column":69}}]}},"l":{"18":1,"23":20,"26":1}},
"/Users/allen/Projects/github/essencejs/src/CancelError.js":{"path":"/Users/allen/Projects/github/essencejs/src/CancelError.js","s":{"1":1,"2":1,"3":3,"4":3,"5":1,"6":1,"7":1},"b":{"1":[3,1,2]},"f":{"1":3},"fnMap":{"1":{"name":"CancelError","line":21,"loc":{"start":{"line":21,"column":18},"end":{"line":21,"column":47}}}},"statementMap":{"1":{"start":{"line":7,"column":0},"end":{"line":7,"column":39}},"2":{"start":{"line":21,"column":0},"end":{"line":29,"column":2}},"3":{"start":{"line":22,"column":4},"end":{"line":22,"column":33}},"4":{"start":{"line":28,"column":4},"end":{"line":28,"column":62}},"5":{"start":{"line":31,"column":0},"end":{"line":31,"column":40}},"6":{"start":{"line":32,"column":0},"end":{"line":32,"column":48}},"7":{"start":{"line":34,"column":0},"end":{"line":34,"column":29}}},"branchMap":{"1":{"line":28,"type":"binary-expr","locations":[{"start":{"line":28,"column":20},"end":{"line":28,"column":26}},{"start":{"line":28,"column":30},"end":{"line":28,"column":44}},{"start":{"line":28,"column":49},"end":{"line":28,"column":61}}]}},"l":{"7":1,"21":1,"22":3,"28":3,"31":1,"32":1,"34":1}},
"/Users/allen/Projects/github/essencejs/src/ResolveError.js":{"path":"/Users/allen/Projects/github/essencejs/src/ResolveError.js","s":{"1":1,"2":1,"3":13,"4":13,"5":13,"6":13,"7":1,"8":1,"9":1,"10":1,"11":1},"b":{"1":[13,12,11],"2":[13,12,12],"3":[13,12,2]},"f":{"1":13,"2":1},"fnMap":{"1":{"name":"ResolveError","line":20,"loc":{"start":{"line":20,"column":19},"end":{"line":20,"column":49}}},"2":{"name":"toString","line":48,"loc":{"start":{"line":48,"column":34},"end":{"line":48,"column":54}}}},"statementMap":{"1":{"start":{"line":7,"column":0},"end":{"line":7,"column":39}},"2":{"start":{"line":20,"column":0},"end":{"line":40,"column":2}},"3":{"start":{"line":21,"column":4},"end":{"line":21,"column":33}},"4":{"start":{"line":27,"column":4},"end":{"line":27,"column":95}},"5":{"start":{"line":33,"column":4},"end":{"line":33,"column":58}},"6":{"start":{"line":39,"column":4},"end":{"line":39,"column":62}},"7":{"start":{"line":42,"column":0},"end":{"line":42,"column":41}},"8":{"start":{"line":43,"column":0},"end":{"line":43,"column":50}},"9":{"start":{"line":48,"column":0},"end":{"line":54,"column":2}},"10":{"start":{"line":49,"column":4},"end":{"line":53,"column":37}},"11":{"start":{"line":56,"column":0},"end":{"line":56,"column":30}}},"branchMap":{"1":{"line":27,"type":"binary-expr","locations":[{"start":{"line":27,"column":20},"end":{"line":27,"column":26}},{"start":{"line":27,"column":30},"end":{"line":27,"column":44}},{"start":{"line":27,"column":49},"end":{"line":27,"column":94}}]},"2":{"line":33,"type":"binary-expr","locations":[{"start":{"line":33,"column":23},"end":{"line":33,"column":29}},{"start":{"line":33,"column":33},"end":{"line":33,"column":50}},{"start":{"line":33,"column":55},"end":{"line":33,"column":57}}]},"3":{"line":39,"type":"binary-expr","locations":[{"start":{"line":39,"column":25},"end":{"line":39,"column":31}},{"start":{"line":39,"column":35},"end":{"line":39,"column":54}},{"start":{"line":39,"column":59},"end":{"line":39,"column":61}}]}},"l":{"7":1,"20":1,"21":13,"27":13,"33":13,"39":13,"42":1,"43":1,"48":1,"49":1,"56":1}},
"/Users/allen/Projects/github/essencejs/src/EssenceJs.js":{"path":"/Users/allen/Projects/github/essencejs/src/EssenceJs.js","s":{"1":1,"2":1,"3":88,"4":88,"5":88,"6":88,"7":1,"8":120,"9":120,"10":114,"11":120,"12":1,"13":114,"14":10,"15":10,"16":114,"17":114,"18":1,"19":87,"20":87,"21":8,"22":11,"23":87,"24":87,"25":87,"26":1827,"27":1566,"28":1,"29":87,"30":2,"31":1,"32":27,"33":27,"34":27,"35":3,"36":3,"37":0,"38":3,"39":3,"40":0,"41":27,"42":27,"43":27,"44":27,"45":27,"46":31,"47":0,"48":31,"49":2,"50":29,"51":3,"52":3,"53":29,"54":29,"55":29,"56":1,"57":16,"58":16,"59":1,"60":4,"61":4,"62":2,"63":4,"64":15,"65":1,"66":3,"67":3,"68":1,"69":9,"70":9,"71":9,"72":5,"73":5,"74":5,"75":5,"76":4,"77":4,"78":3,"79":1,"80":103,"81":103,"82":16,"83":16,"84":103,"85":103,"86":103,"87":103,"88":103,"89":0,"90":103,"91":33,"92":33,"93":70,"94":69,"95":12,"96":12,"97":57,"98":1,"99":90,"100":21,"101":21,"102":0,"103":69,"104":69,"105":48,"106":1,"107":1,"108":1,"109":20,"110":1,"111":217,"112":217,"113":3,"114":3,"115":0,"116":3,"117":217,"118":217,"119":217,"120":217,"121":217,"122":1,"123":1,"124":1,"125":1,"126":216,"127":216,"128":216,"129":8,"130":9,"131":9,"132":8,"133":1,"134":1,"135":14,"136":14,"137":4,"138":4,"139":4,"140":14,"141":14,"142":14,"143":14,"144":31,"145":31,"146":14,"147":1,"148":3,"149":2,"150":2,"151":3,"152":3,"153":6,"154":6,"155":6,"156":1,"157":3,"158":1,"159":1,"160":3,"161":3,"162":6,"163":6,"164":6,"165":1,"166":3,"167":1,"168":1,"169":3,"170":3,"171":6,"172":6,"173":6,"174":1,"175":4,"176":1,"177":97,"178":97,"179":97,"180":97,"181":97,"182":136,"183":39,"184":136,"185":136,"186":136,"187":135,"188":1,"189":136,"190":97,"191":10,"192":10,"193":13,"194":10,"195":10,"196":10,"197":97,"198":136,"199":1,"200":121,"201":199,"202":39,"203":82,"204":82,"205":82,"206":1,"207":7,"208":0,"209":7,"210":7,"211":7,"212":7,"213":135,"214":7,"215":7,"216":7,"217":128,"218":11,"219":8,"220":8,"221":0,"222":0,"223":8,"224":8,"225":3,"226":3,"227":11,"228":117,"229":16,"230":16,"231":117,"232":17,"233":10,"234":10,"235":1,"236":9,"237":9,"238":17,"239":0,"240":17,"241":100,"242":100,"243":6,"244":6,"245":94,"246":94,"247":94,"248":1,"249":25,"250":25,"251":25,"252":4,"253":4,"254":0,"255":4,"256":4,"257":0,"258":25,"259":25,"260":25,"261":25,"262":25,"263":31,"264":6,"265":25,"266":2,"267":2,"268":23,"269":3,"270":3,"271":23,"272":23,"273":23,"274":23,"275":1},"b":{"1":[114,6],"2":[8,79],"3":[87,87],"4":[87,87],"5":[1566,261],"6":[1827,1653,1653],"7":[27,23],"8":[3,24],"9":[3,0],"10":[0,3],"11":[27,26],"12":[9,18],"13":[0,31],"14":[2,29],"15":[3,26],"16":[3,0],"17":[16,16,0],"18":[1,15],"19":[2,2],"20":[3,0],"21":[3,0],"22":[5,4],"23":[5,0],"24":[16,87],"25":[103,20],"26":[64,39],"27":[103,68],"28":[0,103],"29":[103,68],"30":[103,68,97],"31":[103,68,96],"32":[0,103],"33":[33,70],"34":[12,57],"35":[12,12],"36":[70,42],"37":[21,69],"38":[48,21],"39":[3,214],"40":[3,0],"41":[217,5,212],"42":[1,216],"43":[1,0],"44":[1,1],"45":[1,0],"46":[8,208],"47":[216,8],"48":[8,208],"49":[8,8],"50":[14,7,14],"51":[14,2],"52":[2,2],"53":[4,2],"54":[14,0],"55":[14,0],"56":[14,14],"57":[2,1],"58":[3,2],"59":[3,1,3],"60":[2,4],"61":[6,2],"62":[1,2],"63":[3,1],"64":[3,1,3],"65":[2,4],"66":[6,2],"67":[1,2],"68":[3,1],"69":[3,1,3],"70":[2,4],"71":[6,2],"72":[97,90],"73":[79,18],"74":[97,97],"75":[97,76],"76":[39,97],"77":[26,109],"78":[135,110],"79":[10,3],"80":[10,10],"81":[39,160],"82":[82,82],"83":[0,7],"84":[7,4],"85":[7,128],"86":[11,117],"87":[8,3],"88":[0,8],"89":[16,101],"90":[17,100],"91":[1,9],"92":[0,0],"93":[6,94],"94":[94,0],"95":[94,94],"96":[25,21],"97":[4,21],"98":[4,0],"99":[0,4],"100":[25,24],"101":[11,14],"102":[6,25],"103":[31,31],"104":[2,23],"105":[3,20],"106":[3,0]},"f":{"1":88,"2":120,"3":114,"4":10,"5":87,"6":11,"7":1,"8":2,"9":27,"10":27,"11":31,"12":29,"13":16,"14":4,"15":3,"16":9,"17":5,"18":103,"19":69,"20":90,"21":1,"22":20,"23":217,"24":1,"25":9,"26":14,"27":4,"28":14,"29":31,"30":31,"31":14,"32":3,"33":6,"34":3,"35":6,"36":3,"37":6,"38":4,"39":97,"40":136,"41":10,"42":13,"43":136,"44":121,"45":7,"46":8,"47":10,"48":0,"49":100,"50":25,"51":25,"52":31,"53":23},"fnMap":{"1":{"name":"EssenceJs","line":22,"loc":{"start":{"line":22,"column":16},"end":{"line":22,"column":37}}},"2":{"name":"(anonymous_2)","line":51,"loc":{"start":{"line":51,"column":35},"end":{"line":51,"column":55}}},"3":{"name":"(anonymous_3)","line":65,"loc":{"start":{"line":65,"column":33},"end":{"line":65,"column":59}}},"4":{"name":"(anonymous_4)","line":67,"loc":{"start":{"line":67,"column":30},"end":{"line":67,"column":42}}},"5":{"name":"dispose","line":80,"loc":{"start":{"line":80,"column":30},"end":{"line":80,"column":49}}},"6":{"name":"(anonymous_6)","line":86,"loc":{"start":{"line":86,"column":23},"end":{"line":86,"column":40}}},"7":{"name":"(anonymous_7)","line":99,"loc":{"start":{"line":99,"column":27},"end":{"line":99,"column":39}}},"8":{"name":"(anonymous_8)","line":105,"loc":{"start":{"line":105,"column":22},"end":{"line":105,"column":34}}},"9":{"name":"factory","line":123,"loc":{"start":{"line":123,"column":30},"end":{"line":123,"column":72}}},"10":{"name":"(anonymous_10)","line":146,"loc":{"start":{"line":146,"column":5},"end":{"line":146,"column":17}}},"11":{"name":"__essencejs_container","line":158,"loc":{"start":{"line":158,"column":47},"end":{"line":158,"column":96}}},"12":{"name":"(anonymous_12)","line":172,"loc":{"start":{"line":172,"column":46},"end":{"line":172,"column":68}}},"13":{"name":"getKeys","line":187,"loc":{"start":{"line":187,"column":30},"end":{"line":187,"column":58}}},"14":{"name":"(anonymous_14)","line":191,"loc":{"start":{"line":191,"column":27},"end":{"line":191,"column":52}}},"15":{"name":"imports","line":217,"loc":{"start":{"line":217,"column":30},"end":{"line":217,"column":74}}},"16":{"name":"importsStrategy","line":223,"loc":{"start":{"line":223,"column":4},"end":{"line":223,"column":49}}},"17":{"name":"(anonymous_17)","line":229,"loc":{"start":{"line":229,"column":34},"end":{"line":229,"column":57}}},"18":{"name":"inject","line":267,"loc":{"start":{"line":267,"column":29},"end":{"line":267,"column":69}}},"19":{"name":"(anonymous_19)","line":299,"loc":{"start":{"line":299,"column":59},"end":{"line":299,"column":88}}},"20":{"name":"invoke","line":323,"loc":{"start":{"line":323,"column":29},"end":{"line":323,"column":84}}},"21":{"name":"isDisposed","line":346,"loc":{"start":{"line":346,"column":33},"end":{"line":346,"column":55}}},"22":{"name":"isRegistered","line":356,"loc":{"start":{"line":356,"column":35},"end":{"line":356,"column":74}}},"23":{"name":"register","line":374,"loc":{"start":{"line":374,"column":31},"end":{"line":374,"column":74}}},"24":{"name":"(anonymous_24)","line":402,"loc":{"start":{"line":402,"column":70},"end":{"line":402,"column":89}}},"25":{"name":"(anonymous_25)","line":420,"loc":{"start":{"line":420,"column":85},"end":{"line":420,"column":104}}},"26":{"name":"registerByStrategy","line":475,"loc":{"start":{"line":475,"column":41},"end":{"line":475,"column":107}}},"27":{"name":"defaultStrategy","line":479,"loc":{"start":{"line":479,"column":27},"end":{"line":479,"column":72}}},"28":{"name":"(anonymous_28)","line":489,"loc":{"start":{"line":489,"column":27},"end":{"line":489,"column":49}}},"29":{"name":"(anonymous_29)","line":494,"loc":{"start":{"line":494,"column":26},"end":{"line":494,"column":46}}},"30":{"name":"(anonymous_30)","line":495,"loc":{"start":{"line":495,"column":27},"end":{"line":495,"column":47}}},"31":{"name":"done","line":499,"loc":{"start":{"line":499,"column":14},"end":{"line":499,"column":40}}},"32":{"name":"registerPath","line":512,"loc":{"start":{"line":512,"column":35},"end":{"line":512,"column":85}}},"33":{"name":"exactStrategy","line":520,"loc":{"start":{"line":520,"column":37},"end":{"line":520,"column":80}}},"34":{"name":"registerSingletons","line":537,"loc":{"start":{"line":537,"column":41},"end":{"line":537,"column":97}}},"35":{"name":"singletonStrategy","line":545,"loc":{"start":{"line":545,"column":37},"end":{"line":545,"column":84}}},"36":{"name":"registerFactories","line":565,"loc":{"start":{"line":565,"column":40},"end":{"line":565,"column":95}}},"37":{"name":"factoryStrategy","line":573,"loc":{"start":{"line":573,"column":37},"end":{"line":573,"column":82}}},"38":{"name":"remove","line":592,"loc":{"start":{"line":592,"column":29},"end":{"line":592,"column":62}}},"39":{"name":"resolveArgs","line":614,"loc":{"start":{"line":614,"column":34},"end":{"line":614,"column":117}}},"40":{"name":"(anonymous_40)","line":627,"loc":{"start":{"line":627,"column":24},"end":{"line":627,"column":47}}},"41":{"name":"(anonymous_41)","line":647,"loc":{"start":{"line":647,"column":28},"end":{"line":647,"column":40}}},"42":{"name":"(anonymous_42)","line":652,"loc":{"start":{"line":652,"column":21},"end":{"line":652,"column":39}}},"43":{"name":"(anonymous_43)","line":663,"loc":{"start":{"line":663,"column":13},"end":{"line":663,"column":31}}},"44":{"name":"notifyIfComplete","line":667,"loc":{"start":{"line":667,"column":8},"end":{"line":667,"column":36}}},"45":{"name":"notifyIfError","line":685,"loc":{"start":{"line":685,"column":8},"end":{"line":685,"column":36}}},"46":{"name":"(anonymous_46)","line":714,"loc":{"start":{"line":714,"column":54},"end":{"line":714,"column":76}}},"47":{"name":"deferredResolveCallback","line":748,"loc":{"start":{"line":748,"column":31},"end":{"line":748,"column":76}}},"48":{"name":"(anonymous_48)","line":760,"loc":{"start":{"line":760,"column":45},"end":{"line":760,"column":57}}},"49":{"name":"(anonymous_49)","line":771,"loc":{"start":{"line":771,"column":15},"end":{"line":771,"column":37}}},"50":{"name":"singleton","line":802,"loc":{"start":{"line":802,"column":32},"end":{"line":802,"column":76}}},"51":{"name":"(anonymous_51)","line":825,"loc":{"start":{"line":825,"column":5},"end":{"line":825,"column":17}}},"52":{"name":"__essencejs_container","line":838,"loc":{"start":{"line":838,"column":47},"end":{"line":838,"column":96}}},"53":{"name":"(anonymous_53)","line":852,"loc":{"start":{"line":852,"column":46},"end":{"line":852,"column":68}}}},"statementMap":{"1":{"start":{"line":5,"column":0},"end":{"line":16,"column":35}},"2":{"start":{"line":22,"column":0},"end":{"line":45,"column":2}},"3":{"start":{"line":27,"column":4},"end":{"line":27,"column":31}},"4":{"start":{"line":33,"column":4},"end":{"line":33,"column":44}},"5":{"start":{"line":40,"column":4},"end":{"line":40,"column":22}},"6":{"start":{"line":44,"column":4},"end":{"line":44,"column":36}},"7":{"start":{"line":51,"column":0},"end":{"line":58,"column":2}},"8":{"start":{"line":52,"column":4},"end":{"line":52,"column":20}},"9":{"start":{"line":54,"column":4},"end":{"line":56,"column":5}},"10":{"start":{"line":55,"column":8},"end":{"line":55,"column":63}},"11":{"start":{"line":57,"column":4},"end":{"line":57,"column":27}},"12":{"start":{"line":65,"column":0},"end":{"line":75,"column":2}},"13":{"start":{"line":66,"column":4},"end":{"line":70,"column":21}},"14":{"start":{"line":68,"column":12},"end":{"line":68,"column":40}},"15":{"start":{"line":69,"column":12},"end":{"line":69,"column":19}},"16":{"start":{"line":72,"column":4},"end":{"line":72,"column":32}},"17":{"start":{"line":74,"column":4},"end":{"line":74,"column":20}},"18":{"start":{"line":80,"column":0},"end":{"line":106,"column":2}},"19":{"start":{"line":81,"column":4},"end":{"line":83,"column":30}},"20":{"start":{"line":85,"column":4},"end":{"line":89,"column":5}},"21":{"start":{"line":86,"column":8},"end":{"line":88,"column":11}},"22":{"start":{"line":87,"column":12},"end":{"line":87,"column":37}},"23":{"start":{"line":91,"column":4},"end":{"line":91,"column":55}},"24":{"start":{"line":92,"column":4},"end":{"line":92,"column":30}},"25":{"start":{"line":94,"column":4},"end":{"line":103,"column":5}},"26":{"start":{"line":95,"column":8},"end":{"line":102,"column":9}},"27":{"start":{"line":99,"column":12},"end":{"line":102,"column":8}},"28":{"start":{"line":100,"column":16},"end":{"line":100,"column":43}},"29":{"start":{"line":105,"column":4},"end":{"line":105,"column":51}},"30":{"start":{"line":105,"column":36},"end":{"line":105,"column":48}},"31":{"start":{"line":123,"column":0},"end":{"line":180,"column":2}},"32":{"start":{"line":124,"column":4},"end":{"line":126,"column":17}},"33":{"start":{"line":128,"column":4},"end":{"line":128,"column":26}},"34":{"start":{"line":130,"column":4},"end":{"line":144,"column":5}},"35":{"start":{"line":132,"column":8},"end":{"line":137,"column":9}},"36":{"start":{"line":133,"column":12},"end":{"line":133,"column":33}},"37":{"start":{"line":135,"column":12},"end":{"line":137,"column":8}},"38":{"start":{"line":139,"column":8},"end":{"line":139,"column":25}},"39":{"start":{"line":141,"column":8},"end":{"line":143,"column":9}},"40":{"start":{"line":142,"column":12},"end":{"line":142,"column":76}},"41":{"start":{"line":146,"column":4},"end":{"line":179,"column":9}},"42":{"start":{"line":147,"column":8},"end":{"line":149,"column":41}},"43":{"start":{"line":151,"column":8},"end":{"line":151,"column":76}},"44":{"start":{"line":155,"column":8},"end":{"line":155,"column":117}},"45":{"start":{"line":158,"column":8},"end":{"line":178,"column":11}},"46":{"start":{"line":159,"column":12},"end":{"line":177,"column":13}},"47":{"start":{"line":160,"column":16},"end":{"line":160,"column":32}},"48":{"start":{"line":163,"column":16},"end":{"line":176,"column":17}},"49":{"start":{"line":164,"column":20},"end":{"line":164,"column":48}},"50":{"start":{"line":166,"column":20},"end":{"line":169,"column":21}},"51":{"start":{"line":167,"column":24},"end":{"line":167,"column":46}},"52":{"start":{"line":168,"column":24},"end":{"line":168,"column":53}},"53":{"start":{"line":172,"column":20},"end":{"line":175,"column":23}},"54":{"start":{"line":173,"column":24},"end":{"line":173,"column":36}},"55":{"start":{"line":174,"column":24},"end":{"line":174,"column":47}},"56":{"start":{"line":187,"column":0},"end":{"line":203,"column":2}},"57":{"start":{"line":188,"column":4},"end":{"line":188,"column":69}},"58":{"start":{"line":190,"column":4},"end":{"line":200,"column":5}},"59":{"start":{"line":191,"column":8},"end":{"line":199,"column":15}},"60":{"start":{"line":192,"column":12},"end":{"line":192,"column":59}},"61":{"start":{"line":194,"column":12},"end":{"line":196,"column":13}},"62":{"start":{"line":195,"column":16},"end":{"line":195,"column":48}},"63":{"start":{"line":198,"column":12},"end":{"line":198,"column":28}},"64":{"start":{"line":202,"column":4},"end":{"line":202,"column":16}},"65":{"start":{"line":217,"column":0},"end":{"line":244,"column":2}},"66":{"start":{"line":218,"column":4},"end":{"line":218,"column":26}},"67":{"start":{"line":220,"column":4},"end":{"line":221,"column":74}},"68":{"start":{"line":223,"column":4},"end":{"line":241,"column":5}},"69":{"start":{"line":224,"column":8},"end":{"line":224,"column":85}},"70":{"start":{"line":225,"column":8},"end":{"line":225,"column":41}},"71":{"start":{"line":227,"column":8},"end":{"line":240,"column":9}},"72":{"start":{"line":229,"column":12},"end":{"line":235,"column":15}},"73":{"start":{"line":230,"column":16},"end":{"line":232,"column":17}},"74":{"start":{"line":231,"column":20},"end":{"line":231,"column":56}},"75":{"start":{"line":234,"column":16},"end":{"line":234,"column":38}},"76":{"start":{"line":238,"column":12},"end":{"line":238,"column":50}},"77":{"start":{"line":239,"column":12},"end":{"line":239,"column":37}},"78":{"start":{"line":243,"column":4},"end":{"line":243,"column":68}},"79":{"start":{"line":267,"column":0},"end":{"line":307,"column":2}},"80":{"start":{"line":268,"column":4},"end":{"line":273,"column":18}},"81":{"start":{"line":275,"column":4},"end":{"line":279,"column":5}},"82":{"start":{"line":277,"column":8},"end":{"line":277,"column":26}},"83":{"start":{"line":278,"column":8},"end":{"line":278,"column":22}},"84":{"start":{"line":281,"column":4},"end":{"line":281,"column":89}},"85":{"start":{"line":282,"column":4},"end":{"line":282,"column":66}},"86":{"start":{"line":283,"column":4},"end":{"line":283,"column":53}},"87":{"start":{"line":284,"column":4},"end":{"line":284,"column":55}},"88":{"start":{"line":286,"column":4},"end":{"line":289,"column":5}},"89":{"start":{"line":288,"column":8},"end":{"line":288,"column":37}},"90":{"start":{"line":291,"column":4},"end":{"line":296,"column":5}},"91":{"start":{"line":293,"column":8},"end":{"line":293,"column":51}},"92":{"start":{"line":295,"column":8},"end":{"line":295,"column":15}},"93":{"start":{"line":299,"column":4},"end":{"line":306,"column":38}},"94":{"start":{"line":300,"column":8},"end":{"line":303,"column":9}},"95":{"start":{"line":301,"column":12},"end":{"line":301,"column":38}},"96":{"start":{"line":302,"column":12},"end":{"line":302,"column":19}},"97":{"start":{"line":305,"column":8},"end":{"line":305,"column":59}},"98":{"start":{"line":323,"column":0},"end":{"line":340,"column":2}},"99":{"start":{"line":324,"column":4},"end":{"line":339,"column":5}},"100":{"start":{"line":325,"column":8},"end":{"line":331,"column":9}},"101":{"start":{"line":327,"column":12},"end":{"line":327,"column":82}},"102":{"start":{"line":330,"column":12},"end":{"line":330,"column":35}},"103":{"start":{"line":333,"column":8},"end":{"line":333,"column":55}},"104":{"start":{"line":335,"column":8},"end":{"line":338,"column":9}},"105":{"start":{"line":337,"column":12},"end":{"line":337,"column":46}},"106":{"start":{"line":346,"column":0},"end":{"line":348,"column":2}},"107":{"start":{"line":347,"column":4},"end":{"line":347,"column":17}},"108":{"start":{"line":356,"column":0},"end":{"line":358,"column":2}},"109":{"start":{"line":357,"column":4},"end":{"line":357,"column":53}},"110":{"start":{"line":374,"column":0},"end":{"line":428,"column":2}},"111":{"start":{"line":375,"column":4},"end":{"line":379,"column":18}},"112":{"start":{"line":381,"column":4},"end":{"line":391,"column":5}},"113":{"start":{"line":383,"column":8},"end":{"line":388,"column":9}},"114":{"start":{"line":384,"column":12},"end":{"line":384,"column":33}},"115":{"start":{"line":386,"column":12},"end":{"line":388,"column":8}},"116":{"start":{"line":390,"column":8},"end":{"line":390,"column":25}},"117":{"start":{"line":393,"column":4},"end":{"line":393,"column":47}},"118":{"start":{"line":394,"column":4},"end":{"line":394,"column":71}},"119":{"start":{"line":395,"column":4},"end":{"line":395,"column":27}},"120":{"start":{"line":397,"column":4},"end":{"line":397,"column":58}},"121":{"start":{"line":399,"column":4},"end":{"line":427,"column":5}},"122":{"start":{"line":400,"column":8},"end":{"line":405,"column":9}},"123":{"start":{"line":402,"column":12},"end":{"line":404,"column":15}},"124":{"start":{"line":403,"column":16},"end":{"line":403,"column":52}},"125":{"start":{"line":407,"column":8},"end":{"line":407,"column":61}},"126":{"start":{"line":409,"column":8},"end":{"line":410,"column":30}},"127":{"start":{"line":412,"column":8},"end":{"line":416,"column":12}},"128":{"start":{"line":418,"column":8},"end":{"line":426,"column":9}},"129":{"start":{"line":420,"column":12},"end":{"line":423,"column":15}},"130":{"start":{"line":421,"column":16},"end":{"line":421,"column":74}},"131":{"start":{"line":422,"column":16},"end":{"line":422,"column":55}},"132":{"start":{"line":425,"column":12},"end":{"line":425,"column":41}},"133":{"start":{"line":435,"column":0},"end":{"line":435,"column":60}},"134":{"start":{"line":475,"column":0},"end":{"line":504,"column":2}},"135":{"start":{"line":476,"column":4},"end":{"line":477,"column":56}},"136":{"start":{"line":479,"column":4},"end":{"line":487,"column":6}},"137":{"start":{"line":480,"column":8},"end":{"line":482,"column":83}},"138":{"start":{"line":484,"column":8},"end":{"line":484,"column":71}},"139":{"start":{"line":486,"column":8},"end":{"line":486,"column":33}},"140":{"start":{"line":489,"column":4},"end":{"line":503,"column":7}},"141":{"start":{"line":490,"column":8},"end":{"line":490,"column":28}},"142":{"start":{"line":492,"column":8},"end":{"line":502,"column":9}},"143":{"start":{"line":493,"column":12},"end":{"line":501,"column":15}},"144":{"start":{"line":495,"column":20},"end":{"line":498,"column":16}},"145":{"start":{"line":496,"column":24},"end":{"line":496,"column":64}},"146":{"start":{"line":500,"column":16},"end":{"line":500,"column":49}},"147":{"start":{"line":512,"column":0},"end":{"line":529,"column":2}},"148":{"start":{"line":513,"column":4},"end":{"line":516,"column":5}},"149":{"start":{"line":514,"column":8},"end":{"line":514,"column":27}},"150":{"start":{"line":515,"column":8},"end":{"line":515,"column":23}},"151":{"start":{"line":518,"column":4},"end":{"line":518,"column":56}},"152":{"start":{"line":520,"column":4},"end":{"line":528,"column":26}},"153":{"start":{"line":521,"column":8},"end":{"line":523,"column":83}},"154":{"start":{"line":525,"column":8},"end":{"line":525,"column":71}},"155":{"start":{"line":527,"column":8},"end":{"line":527,"column":33}},"156":{"start":{"line":537,"column":0},"end":{"line":557,"column":2}},"157":{"start":{"line":538,"column":4},"end":{"line":541,"column":5}},"158":{"start":{"line":539,"column":8},"end":{"line":539,"column":27}},"159":{"start":{"line":540,"column":8},"end":{"line":540,"column":23}},"160":{"start":{"line":543,"column":4},"end":{"line":543,"column":56}},"161":{"start":{"line":545,"column":4},"end":{"line":556,"column":26}},"162":{"start":{"line":546,"column":8},"end":{"line":548,"column":83}},"163":{"start":{"line":550,"column":8},"end":{"line":553,"column":10}},"164":{"start":{"line":555,"column":8},"end":{"line":555,"column":33}},"165":{"start":{"line":565,"column":0},"end":{"line":585,"column":2}},"166":{"start":{"line":566,"column":4},"end":{"line":569,"column":5}},"167":{"start":{"line":567,"column":8},"end":{"line":567,"column":27}},"168":{"start":{"line":568,"column":8},"end":{"line":568,"column":23}},"169":{"start":{"line":571,"column":4},"end":{"line":571,"column":56}},"170":{"start":{"line":573,"column":4},"end":{"line":584,"column":26}},"171":{"start":{"line":574,"column":8},"end":{"line":576,"column":83}},"172":{"start":{"line":578,"column":8},"end":{"line":581,"column":10}},"173":{"start":{"line":583,"column":8},"end":{"line":583,"column":33}},"174":{"start":{"line":592,"column":0},"end":{"line":594,"column":2}},"175":{"start":{"line":593,"column":4},"end":{"line":593,"column":47}},"176":{"start":{"line":614,"column":0},"end":{"line":785,"column":2}},"177":{"start":{"line":615,"column":4},"end":{"line":615,"column":32}},"178":{"start":{"line":616,"column":4},"end":{"line":616,"column":99}},"179":{"start":{"line":617,"column":4},"end":{"line":617,"column":38}},"180":{"start":{"line":619,"column":4},"end":{"line":622,"column":20}},"181":{"start":{"line":625,"column":4},"end":{"line":645,"column":60}},"182":{"start":{"line":628,"column":16},"end":{"line":628,"column":54}},"183":{"start":{"line":628,"column":37},"end":{"line":628,"column":52}},"184":{"start":{"line":630,"column":16},"end":{"line":630,"column":31}},"185":{"start":{"line":632,"column":16},"end":{"line":640,"column":17}},"186":{"start":{"line":633,"column":20},"end":{"line":633,"column":73}},"187":{"start":{"line":635,"column":20},"end":{"line":635,"column":91}},"188":{"start":{"line":639,"column":20},"end":{"line":639,"column":40}},"189":{"start":{"line":642,"column":16},"end":{"line":642,"column":30}},"190":{"start":{"line":647,"column":4},"end":{"line":661,"column":16}},"191":{"start":{"line":648,"column":8},"end":{"line":650,"column":11}},"192":{"start":{"line":652,"column":8},"end":{"line":657,"column":11}},"193":{"start":{"line":653,"column":12},"end":{"line":656,"column":13}},"194":{"start":{"line":655,"column":16},"end":{"line":655,"column":43}},"195":{"start":{"line":659,"column":8},"end":{"line":659,"column":36}},"196":{"start":{"line":660,"column":8},"end":{"line":660,"column":24}},"197":{"start":{"line":663,"column":4},"end":{"line":784,"column":7}},"198":{"start":{"line":664,"column":8},"end":{"line":665,"column":65}},"199":{"start":{"line":667,"column":8},"end":{"line":683,"column":9}},"200":{"start":{"line":671,"column":12},"end":{"line":676,"column":13}},"201":{"start":{"line":672,"column":16},"end":{"line":675,"column":17}},"202":{"start":{"line":674,"column":20},"end":{"line":674,"column":27}},"203":{"start":{"line":679,"column":12},"end":{"line":679,"column":37}},"204":{"start":{"line":681,"column":12},"end":{"line":681,"column":47}},"205":{"start":{"line":682,"column":12},"end":{"line":682,"column":28}},"206":{"start":{"line":685,"column":8},"end":{"line":698,"column":9}},"207":{"start":{"line":686,"column":12},"end":{"line":688,"column":13}},"208":{"start":{"line":687,"column":16},"end":{"line":687,"column":23}},"209":{"start":{"line":690,"column":12},"end":{"line":690,"column":33}},"210":{"start":{"line":693,"column":12},"end":{"line":693,"column":37}},"211":{"start":{"line":696,"column":12},"end":{"line":696,"column":46}},"212":{"start":{"line":697,"column":12},"end":{"line":697,"column":28}},"213":{"start":{"line":700,"column":8},"end":{"line":707,"column":9}},"214":{"start":{"line":703,"column":12},"end":{"line":703,"column":39}},"215":{"start":{"line":704,"column":12},"end":{"line":704,"column":31}},"216":{"start":{"line":706,"column":12},"end":{"line":706,"column":19}},"217":{"start":{"line":709,"column":8},"end":{"line":730,"column":9}},"218":{"start":{"line":713,"column":12},"end":{"line":727,"column":13}},"219":{"start":{"line":714,"column":16},"end":{"line":723,"column":19}},"220":{"start":{"line":716,"column":20},"end":{"line":719,"column":21}},"221":{"start":{"line":717,"column":24},"end":{"line":717,"column":35}},"222":{"start":{"line":718,"column":24},"end":{"line":718,"column":37}},"223":{"start":{"line":721,"column":20},"end":{"line":721,"column":38}},"224":{"start":{"line":722,"column":20},"end":{"line":722,"column":39}},"225":{"start":{"line":725,"column":16},"end":{"line":725,"column":33}},"226":{"start":{"line":726,"column":16},"end":{"line":726,"column":35}},"227":{"start":{"line":729,"column":12},"end":{"line":729,"column":19}},"228":{"start":{"line":733,"column":8},"end":{"line":741,"column":9}},"229":{"start":{"line":735,"column":12},"end":{"line":739,"column":16}},"230":{"start":{"line":740,"column":12},"end":{"line":740,"column":79}},"231":{"start":{"line":743,"column":8},"end":{"line":783,"column":9}},"232":{"start":{"line":745,"column":12},"end":{"line":758,"column":24}},"233":{"start":{"line":749,"column":24},"end":{"line":749,"column":58}},"234":{"start":{"line":751,"column":24},"end":{"line":757,"column":25}},"235":{"start":{"line":753,"column":28},"end":{"line":753,"column":47}},"236":{"start":{"line":755,"column":28},"end":{"line":755,"column":46}},"237":{"start":{"line":756,"column":28},"end":{"line":756,"column":47}},"238":{"start":{"line":760,"column":12},"end":{"line":763,"column":24}},"239":{"start":{"line":761,"column":16},"end":{"line":762,"column":88}},"240":{"start":{"line":765,"column":12},"end":{"line":765,"column":46}},"241":{"start":{"line":768,"column":12},"end":{"line":782,"column":15}},"242":{"start":{"line":772,"column":16},"end":{"line":775,"column":17}},"243":{"start":{"line":773,"column":20},"end":{"line":773,"column":39}},"244":{"start":{"line":774,"column":20},"end":{"line":774,"column":27}},"245":{"start":{"line":777,"column":16},"end":{"line":781,"column":17}},"246":{"start":{"line":779,"column":20},"end":{"line":779,"column":38}},"247":{"start":{"line":780,"column":20},"end":{"line":780,"column":39}},"248":{"start":{"line":802,"column":0},"end":{"line":861,"column":2}},"249":{"start":{"line":803,"column":4},"end":{"line":805,"column":17}},"250":{"start":{"line":807,"column":4},"end":{"line":807,"column":26}},"251":{"start":{"line":809,"column":4},"end":{"line":823,"column":5}},"252":{"start":{"line":811,"column":8},"end":{"line":816,"column":9}},"253":{"start":{"line":812,"column":12},"end":{"line":812,"column":33}},"254":{"start":{"line":814,"column":12},"end":{"line":816,"column":8}},"255":{"start":{"line":818,"column":8},"end":{"line":818,"column":25}},"256":{"start":{"line":820,"column":8},"end":{"line":822,"column":9}},"257":{"start":{"line":821,"column":12},"end":{"line":821,"column":78}},"258":{"start":{"line":825,"column":4},"end":{"line":860,"column":9}},"259":{"start":{"line":826,"column":8},"end":{"line":829,"column":41}},"260":{"start":{"line":831,"column":8},"end":{"line":831,"column":76}},"261":{"start":{"line":835,"column":8},"end":{"line":835,"column":117}},"262":{"start":{"line":838,"column":8},"end":{"line":859,"column":11}},"263":{"start":{"line":839,"column":12},"end":{"line":858,"column":13}},"264":{"start":{"line":840,"column":16},"end":{"line":840,"column":42}},"265":{"start":{"line":843,"column":16},"end":{"line":857,"column":17}},"266":{"start":{"line":844,"column":20},"end":{"line":844,"column":43}},"267":{"start":{"line":845,"column":20},"end":{"line":845,"column":45}},"268":{"start":{"line":847,"column":20},"end":{"line":850,"column":21}},"269":{"start":{"line":848,"column":24},"end":{"line":848,"column":46}},"270":{"start":{"line":849,"column":24},"end":{"line":849,"column":53}},"271":{"start":{"line":852,"column":20},"end":{"line":856,"column":23}},"272":{"start":{"line":853,"column":24},"end":{"line":853,"column":36}},"273":{"start":{"line":854,"column":24},"end":{"line":854,"column":41}},"274":{"start":{"line":855,"column":24},"end":{"line":855,"column":50}},"275":{"start":{"line":863,"column":0},"end":{"line":863,"column":27}}},"branchMap":{"1":{"line":54,"type":"if","locations":[{"start":{"line":54,"column":4},"end":{"line":54,"column":4}},{"start":{"line":54,"column":4},"end":{"line":54,"column":4}}]},"2":{"line":85,"type":"if","locations":[{"start":{"line":85,"column":4},"end":{"line":85,"column":4}},{"start":{"line":85,"column":4},"end":{"line":85,"column":4}}]},"3":{"line":85,"type":"binary-expr","locations":[{"start":{"line":85,"column":8},"end":{"line":85,"column":20}},{"start":{"line":85,"column":24},"end":{"line":85,"column":43}}]},"4":{"line":91,"type":"binary-expr","locations":[{"start":{"line":91,"column":4},"end":{"line":91,"column":22}},{"start":{"line":91,"column":26},"end":{"line":91,"column":54}}]},"5":{"line":95,"type":"if","locations":[{"start":{"line":95,"column":8},"end":{"line":95,"column":8}},{"start":{"line":95,"column":8},"end":{"line":95,"column":8}}]},"6":{"line":95,"type":"binary-expr","locations":[{"start":{"line":95,"column":12},"end":{"line":95,"column":40}},{"start":{"line":96,"column":12},"end":{"line":96,"column":46}},{"start":{"line":97,"column":12},"end":{"line":97,"column":48}}]},"7":{"line":128,"type":"binary-expr","locations":[{"start":{"line":128,"column":13},"end":{"line":128,"column":19}},{"start":{"line":128,"column":23},"end":{"line":128,"column":25}}]},"8":{"line":130,"type":"if","locations":[{"start":{"line":130,"column":4},"end":{"line":130,"column":4}},{"start":{"line":130,"column":4},"end":{"line":130,"column":4}}]},"9":{"line":132,"type":"if","locations":[{"start":{"line":132,"column":8},"end":{"line":132,"column":8}},{"start":{"line":132,"column":8},"end":{"line":132,"column":8}}]},"10":{"line":141,"type":"if","locations":[{"start":{"line":141,"column":8},"end":{"line":141,"column":8}},{"start":{"line":141,"column":8},"end":{"line":141,"column":8}}]},"11":{"line":151,"type":"binary-expr","locations":[{"start":{"line":151,"column":33},"end":{"line":151,"column":49}},{"start":{"line":151,"column":53},"end":{"line":151,"column":75}}]},"12":{"line":155,"type":"cond-expr","locations":[{"start":{"line":155,"column":60},"end":{"line":155,"column":97}},{"start":{"line":155,"column":100},"end":{"line":155,"column":116}}]},"13":{"line":159,"type":"if","locations":[{"start":{"line":159,"column":12},"end":{"line":159,"column":12}},{"start":{"line":159,"column":12},"end":{"line":159,"column":12}}]},"14":{"line":163,"type":"if","locations":[{"start":{"line":163,"column":16},"end":{"line":163,"column":16}},{"start":{"line":163,"column":16},"end":{"line":163,"column":16}}]},"15":{"line":166,"type":"if","locations":[{"start":{"line":166,"column":20},"end":{"line":166,"column":20}},{"start":{"line":166,"column":20},"end":{"line":166,"column":20}}]},"16":{"line":167,"type":"binary-expr","locations":[{"start":{"line":167,"column":33},"end":{"line":167,"column":39}},{"start":{"line":167,"column":43},"end":{"line":167,"column":45}}]},"17":{"line":188,"type":"binary-expr","locations":[{"start":{"line":188,"column":16},"end":{"line":188,"column":34}},{"start":{"line":188,"column":38},"end":{"line":188,"column":61}},{"start":{"line":188,"column":66},"end":{"line":188,"column":68}}]},"18":{"line":190,"type":"if","locations":[{"start":{"line":190,"column":4},"end":{"line":190,"column":4}},{"start":{"line":190,"column":4},"end":{"line":190,"column":4}}]},"19":{"line":194,"type":"if","locations":[{"start":{"line":194,"column":12},"end":{"line":194,"column":12}},{"start":{"line":194,"column":12},"end":{"line":194,"column":12}}]},"20":{"line":218,"type":"binary-expr","locations":[{"start":{"line":218,"column":13},"end":{"line":218,"column":19}},{"start":{"line":218,"column":23},"end":{"line":218,"column":25}}]},"21":{"line":221,"type":"cond-expr","locations":[{"start":{"line":221,"column":45},"end":{"line":221,"column":68}},{"start":{"line":221,"column":71},"end":{"line":221,"column":73}}]},"22":{"line":227,"type":"if","locations":[{"start":{"line":227,"column":8},"end":{"line":227,"column":8}},{"start":{"line":227,"column":8},"end":{"line":227,"column":8}}]},"23":{"line":230,"type":"if","locations":[{"start":{"line":230,"column":16},"end":{"line":230,"column":16}},{"start":{"line":230,"column":16},"end":{"line":230,"column":16}}]},"24":{"line":275,"type":"if","locations":[{"start":{"line":275,"column":4},"end":{"line":275,"column":4}},{"start":{"line":275,"column":4},"end":{"line":275,"column":4}}]},"25":{"line":275,"type":"binary-expr","locations":[{"start":{"line":275,"column":8},"end":{"line":275,"column":30}},{"start":{"line":275,"column":34},"end":{"line":275,"column":62}}]},"26":{"line":281,"type":"cond-expr","locations":[{"start":{"line":281,"column":64},"end":{"line":281,"column":78}},{"start":{"line":281,"column":81},"end":{"line":281,"column":88}}]},"27":{"line":281,"type":"binary-expr","locations":[{"start":{"line":281,"column":14},"end":{"line":281,"column":20}},{"start":{"line":281,"column":24},"end":{"line":281,"column":61}}]},"28":{"line":282,"type":"cond-expr","locations":[{"start":{"line":282,"column":41},"end":{"line":282,"column":55}},{"start":{"line":282,"column":58},"end":{"line":282,"column":65}}]},"29":{"line":282,"type":"binary-expr","locations":[{"start":{"line":282,"column":14},"end":{"line":282,"column":20}},{"start":{"line":282,"column":24},"end":{"line":282,"column":38}}]},"30":{"line":283,"type":"binary-expr","locations":[{"start":{"line":283,"column":17},"end":{"line":283,"column":23}},{"start":{"line":283,"column":27},"end":{"line":283,"column":43}},{"start":{"line":283,"column":48},"end":{"line":283,"column":52}}]},"31":{"line":284,"type":"binary-expr","locations":[{"start":{"line":284,"column":18},"end":{"line":284,"column":24}},{"start":{"line":284,"column":28},"end":{"line":284,"column":45}},{"start":{"line":284,"column":50},"end":{"line":284,"column":54}}]},"32":{"line":286,"type":"if","locations":[{"start":{"line":286,"column":4},"end":{"line":286,"column":4}},{"start":{"line":286,"column":4},"end":{"line":286,"column":4}}]},"33":{"line":291,"type":"if","locations":[{"start":{"line":291,"column":4},"end":{"line":291,"column":4}},{"start":{"line":291,"column":4},"end":{"line":291,"column":4}}]},"34":{"line":300,"type":"if","locations":[{"start":{"line":300,"column":8},"end":{"line":300,"column":8}},{"start":{"line":300,"column":8},"end":{"line":300,"column":8}}]},"35":{"line":301,"type":"binary-expr","locations":[{"start":{"line":301,"column":12},"end":{"line":301,"column":20}},{"start":{"line":301,"column":24},"end":{"line":301,"column":37}}]},"36":{"line":306,"type":"binary-expr","locations":[{"start":{"line":306,"column":7},"end":{"line":306,"column":13}},{"start":{"line":306,"column":17},"end":{"line":306,"column":36}}]},"37":{"line":324,"type":"if","locations":[{"start":{"line":324,"column":4},"end":{"line":324,"column":4}},{"start":{"line":324,"column":4},"end":{"line":324,"column":4}}]},"38":{"line":335,"type":"if","locations":[{"start":{"line":335,"column":8},"end":{"line":335,"column":8}},{"start":{"line":335,"column":8},"end":{"line":335,"column":8}}]},"39":{"line":381,"type":"if","locations":[{"start":{"line":381,"column":4},"end":{"line":381,"column":4}},{"start":{"line":381,"column":4},"end":{"line":381,"column":4}}]},"40":{"line":383,"type":"if","locations":[{"start":{"line":383,"column":8},"end":{"line":383,"column":8}},{"start":{"line":383,"column":8},"end":{"line":383,"column":8}}]},"41":{"line":394,"type":"binary-expr","locations":[{"start":{"line":394,"column":17},"end":{"line":394,"column":23}},{"start":{"line":394,"column":27},"end":{"line":394,"column":43}},{"start":{"line":394,"column":48},"end":{"line":394,"column":70}}]},"42":{"line":399,"type":"if","locations":[{"start":{"line":399,"column":4},"end":{"line":399,"column":4}},{"start":{"line":399,"column":4},"end":{"line":399,"column":4}}]},"43":{"line":400,"type":"if","locations":[{"start":{"line":400,"column":8},"end":{"line":400,"column":8}},{"start":{"line":400,"column":8},"end":{"line":400,"column":8}}]},"44":{"line":400,"type":"binary-expr","locations":[{"start":{"line":400,"column":12},"end":{"line":400,"column":22}},{"start":{"line":400,"column":26},"end":{"line":400,"column":50}}]},"45":{"line":407,"type":"binary-expr","locations":[{"start":{"line":407,"column":8},"end":{"line":407,"column":26}},{"start":{"line":407,"column":30},"end":{"line":407,"column":60}}]},"46":{"line":409,"type":"cond-expr","locations":[{"start":{"line":410,"column":12},"end":{"line":410,"column":22}},{"start":{"line":410,"column":25},"end":{"line":410,"column":29}}]},"47":{"line":409,"type":"binary-expr","locations":[{"start":{"line":409,"column":36},"end":{"line":409,"column":46}},{"start":{"line":409,"column":50},"end":{"line":409,"column":74}}]},"48":{"line":418,"type":"if","locations":[{"start":{"line":418,"column":8},"end":{"line":418,"column":8}},{"start":{"line":418,"column":8},"end":{"line":418,"column":8}}]},"49":{"line":420,"type":"binary-expr","locations":[{"start":{"line":420,"column":12},"end":{"line":420,"column":42}},{"start":{"line":420,"column":46},"end":{"line":423,"column":14}}]},"50":{"line":477,"type":"binary-expr","locations":[{"start":{"line":477,"column":15},"end":{"line":477,"column":22}},{"start":{"line":477,"column":26},"end":{"line":477,"column":37}},{"start":{"line":477,"column":42},"end":{"line":477,"column":55}}]},"51":{"line":479,"type":"binary-expr","locations":[{"start":{"line":479,"column":15},"end":{"line":479,"column":23}},{"start":{"line":479,"column":27},"end":{"line":487,"column":5}}]},"52":{"line":481,"type":"cond-expr","locations":[{"start":{"line":481,"column":48},"end":{"line":481,"column":72}},{"start":{"line":481,"column":75},"end":{"line":481,"column":77}}]},"53":{"line":481,"type":"binary-expr","locations":[{"start":{"line":481,"column":17},"end":{"line":481,"column":24}},{"start":{"line":481,"column":28},"end":{"line":481,"column":45}}]},"54":{"line":490,"type":"binary-expr","locations":[{"start":{"line":490,"column":16},"end":{"line":490,"column":21}},{"start":{"line":490,"column":25},"end":{"line":490,"column":27}}]},"55":{"line":492,"type":"if","locations":[{"start":{"line":492,"column":8},"end":{"line":492,"column":8}},{"start":{"line":492,"column":8},"end":{"line":492,"column":8}}]},"56":{"line":500,"type":"binary-expr","locations":[{"start":{"line":500,"column":16},"end":{"line":500,"column":24}},{"start":{"line":500,"column":28},"end":{"line":500,"column":48}}]},"57":{"line":513,"type":"if","locations":[{"start":{"line":513,"column":4},"end":{"line":513,"column":4}},{"start":{"line":513,"column":4},"end":{"line":513,"column":4}}]},"58":{"line":513,"type":"binary-expr","locations":[{"start":{"line":513,"column":8},"end":{"line":513,"column":30}},{"start":{"line":513,"column":34},"end":{"line":513,"column":63}}]},"59":{"line":518,"type":"binary-expr","locations":[{"start":{"line":518,"column":15},"end":{"line":518,"column":22}},{"start":{"line":518,"column":26},"end":{"line":518,"column":37}},{"start":{"line":518,"column":42},"end":{"line":518,"column":55}}]},"60":{"line":522,"type":"cond-expr","locations":[{"start":{"line":522,"column":48},"end":{"line":522,"column":72}},{"start":{"line":522,"column":75},"end":{"line":522,"column":77}}]},"61":{"line":522,"type":"binary-expr","locations":[{"start":{"line":522,"column":17},"end":{"line":522,"column":24}},{"start":{"line":522,"column":28},"end":{"line":522,"column":45}}]},"62":{"line":538,"type":"if","locations":[{"start":{"line":538,"column":4},"end":{"line":538,"column":4}},{"start":{"line":538,"column":4},"end":{"line":538,"column":4}}]},"63":{"line":538,"type":"binary-expr","locations":[{"start":{"line":538,"column":8},"end":{"line":538,"column":30}},{"start":{"line":538,"column":34},"end":{"line":538,"column":63}}]},"64":{"line":543,"type":"binary-expr","locations":[{"start":{"line":543,"column":15},"end":{"line":543,"column":22}},{"start":{"line":543,"column":26},"end":{"line":543,"column":37}},{"start":{"line":543,"column":42},"end":{"line":543,"column":55}}]},"65":{"line":547,"type":"cond-expr","locations":[{"start":{"line":547,"column":48},"end":{"line":547,"column":72}},{"start":{"line":547,"column":75},"end":{"line":547,"column":77}}]},"66":{"line":547,"type":"binary-expr","locations":[{"start":{"line":547,"column":17},"end":{"line":547,"column":24}},{"start":{"line":547,"column":28},"end":{"line":547,"column":45}}]},"67":{"line":566,"type":"if","locations":[{"start":{"line":566,"column":4},"end":{"line":566,"column":4}},{"start":{"line":566,"column":4},"end":{"line":566,"column":4}}]},"68":{"line":566,"type":"binary-expr","locations":[{"start":{"line":566,"column":8},"end":{"line":566,"column":30}},{"start":{"line":566,"column":34},"end":{"line":566,"column":63}}]},"69":{"line":571,"type":"binary-expr","locations":[{"start":{"line":571,"column":15},"end":{"line":571,"column":22}},{"start":{"line":571,"column":26},"end":{"line":571,"column":37}},{"start":{"line":571,"column":42},"end":{"line":571,"column":55}}]},"70":{"line":575,"type":"cond-expr","locations":[{"start":{"line":575,"column":48},"end":{"line":575,"column":72}},{"start":{"line":575,"column":75},"end":{"line":575,"column":77}}]},"71":{"line":575,"type":"binary-expr","locations":[{"start":{"line":575,"column":17},"end":{"line":575,"column":24}},{"start":{"line":575,"column":28},"end":{"line":575,"column":45}}]},"72":{"line":615,"type":"binary-expr","locations":[{"start":{"line":615,"column":16},"end":{"line":615,"column":25}},{"start":{"line":615,"column":29},"end":{"line":615,"column":31}}]},"73":{"line":616,"type":"cond-expr","locations":[{"start":{"line":616,"column":69},"end":{"line":616,"column":76}},{"start":{"line":616,"column":79},"end":{"line":616,"column":98}}]},"74":{"line":616,"type":"binary-expr","locations":[{"start":{"line":616,"column":15},"end":{"line":616,"column":45}},{"start":{"line":616,"column":50},"end":{"line":616,"column":66}}]},"75":{"line":617,"type":"binary-expr","locations":[{"start":{"line":617,"column":19},"end":{"line":617,"column":31}},{"start":{"line":617,"column":35},"end":{"line":617,"column":37}}]},"76":{"line":628,"type":"if","locations":[{"start":{"line":628,"column":16},"end":{"line":628,"column":16}},{"start":{"line":628,"column":16},"end":{"line":628,"column":16}}]},"77":{"line":635,"type":"cond-expr","locations":[{"start":{"line":635,"column":75},"end":{"line":635,"column":78}},{"start":{"line":635,"column":81},"end":{"line":635,"column":83}}]},"78":{"line":635,"type":"binary-expr","locations":[{"start":{"line":635,"column":32},"end":{"line":635,"column":43}},{"start":{"line":635,"column":47},"end":{"line":635,"column":71}}]},"79":{"line":653,"type":"if","locations":[{"start":{"line":653,"column":12},"end":{"line":653,"column":12}},{"start":{"line":653,"column":12},"end":{"line":653,"column":12}}]},"80":{"line":659,"type":"binary-expr","locations":[{"start":{"line":659,"column":8},"end":{"line":659,"column":16}},{"start":{"line":659,"column":20},"end":{"line":659,"column":35}}]},"81":{"line":672,"type":"if","locations":[{"start":{"line":672,"column":16},"end":{"line":672,"column":16}},{"start":{"line":672,"column":16},"end":{"line":672,"column":16}}]},"82":{"line":681,"type":"binary-expr","locations":[{"start":{"line":681,"column":12},"end":{"line":681,"column":20}},{"start":{"line":681,"column":24},"end":{"line":681,"column":46}}]},"83":{"line":686,"type":"if","locations":[{"start":{"line":686,"column":12},"end":{"line":686,"column":12}},{"start":{"line":686,"column":12},"end":{"line":686,"column":12}}]},"84":{"line":696,"type":"binary-expr","locations":[{"start":{"line":696,"column":12},"end":{"line":696,"column":20}},{"start":{"line":696,"column":24},"end":{"line":696,"column":45}}]},"85":{"line":700,"type":"if","locations":[{"start":{"line":700,"column":8},"end":{"line":700,"column":8}},{"start":{"line":700,"column":8},"end":{"line":700,"column":8}}]},"86":{"line":709,"type":"if","locations":[{"start":{"line":709,"column":8},"end":{"line":709,"column":8}},{"start":{"line":709,"column":8},"end":{"line":709,"column":8}}]},"87":{"line":713,"type":"if","locations":[{"start":{"line":713,"column":12},"end":{"line":713,"column":12}},{"start":{"line":713,"column":12},"end":{"line":713,"column":12}}]},"88":{"line":716,"type":"if","locations":[{"start":{"line":716,"column":20},"end":{"line":716,"column":20}},{"start":{"line":716,"column":20},"end":{"line":716,"column":20}}]},"89":{"line":733,"type":"if","locations":[{"start":{"line":733,"column":8},"end":{"line":733,"column":8}},{"start":{"line":733,"column":8},"end":{"line":733,"column":8}}]},"90":{"line":743,"type":"if","locations":[{"start":{"line":743,"column":8},"end":{"line":743,"column":8}},{"start":{"line":743,"column":8},"end":{"line":743,"column":8}}]},"91":{"line":751,"type":"if","locations":[{"start":{"line":751,"column":24},"end":{"line":751,"column":24}},{"start":{"line":751,"column":24},"end":{"line":751,"column":24}}]},"92":{"line":761,"type":"binary-expr","locations":[{"start":{"line":761,"column":16},"end":{"line":761,"column":35}},{"start":{"line":762,"column":20},"end":{"line":762,"column":87}}]},"93":{"line":772,"type":"if","locations":[{"start":{"line":772,"column":16},"end":{"line":772,"column":16}},{"start":{"line":772,"column":16},"end":{"line":772,"column":16}}]},"94":{"line":777,"type":"if","locations":[{"start":{"line":777,"column":16},"end":{"line":777,"column":16}},{"start":{"line":777,"column":16},"end":{"line":777,"column":16}}]},"95":{"line":777,"type":"binary-expr","locations":[{"start":{"line":777,"column":20},"end":{"line":777,"column":39}},{"start":{"line":777,"column":43},"end":{"line":777,"column":68}}]},"96":{"line":807,"type":"binary-expr","locations":[{"start":{"line":807,"column":13},"end":{"line":807,"column":19}},{"start":{"line":807,"column":23},"end":{"line":807,"column":25}}]},"97":{"line":809,"type":"if","locations":[{"start":{"line":809,"column":4},"end":{"line":809,"column":4}},{"start":{"line":809,"column":4},"end":{"line":809,"column":4}}]},"98":{"line":811,"type":"if","locations":[{"start":{"line":811,"column":8},"end":{"line":811,"column":8}},{"start":{"line":811,"column":8},"end":{"line":811,"column":8}}]},"99":{"line":820,"type":"if","locations":[{"start":{"line":820,"column":8},"end":{"line":820,"column":8}},{"start":{"line":820,"column":8},"end":{"line":820,"column":8}}]},"100":{"line":831,"type":"binary-expr","locations":[{"start":{"line":831,"column":33},"end":{"line":831,"column":49}},{"start":{"line":831,"column":53},"end":{"line":831,"column":75}}]},"101":{"line":835,"type":"cond-expr","locations":[{"start":{"line":835,"column":60},"end":{"line":835,"column":97}},{"start":{"line":835,"column":100},"end":{"line":835,"column":116}}]},"102":{"line":839,"type":"if","locations":[{"start":{"line":839,"column":12},"end":{"line":839,"column":12}},{"start":{"line":839,"column":12},"end":{"line":839,"column":12}}]},"103":{"line":839,"type":"binary-expr","locations":[{"start":{"line":839,"column":16},"end":{"line":839,"column":21}},{"start":{"line":839,"column":25},"end":{"line":839,"column":33}}]},"104":{"line":843,"type":"if","locations":[{"start":{"line":843,"column":16},"end":{"line":843,"column":16}},{"start":{"line":843,"column":16},"end":{"line":843,"column":16}}]},"105":{"line":847,"type":"if","locations":[{"start":{"line":847,"column":20},"end":{"line":847,"column":20}},{"start":{"line":847,"column":20},"end":{"line":847,"column":20}}]},"106":{"line":848,"type":"binary-expr","locations":[{"start":{"line":848,"column":33},"end":{"line":848,"column":39}},{"start":{"line":848,"column":43},"end":{"line":848,"column":45}}]}},"l":{"5":1,"22":1,"27":88,"33":88,"40":88,"44":88,"51":1,"52":120,"54":120,"55":114,"57":120,"65":1,"66":114,"68":10,"69":10,"72":114,"74":114,"80":1,"81":87,"85":87,"86":8,"87":11,"91":87,"92":87,"94":87,"95":1827,"99":1566,"100":1,"105":87,"123":1,"124":27,"128":27,"130":27,"132":3,"133":3,"135":0,"139":3,"141":3,"142":0,"146":27,"147":27,"151":27,"155":27,"158":27,"159":31,"160":0,"163":31,"164":2,"166":29,"167":3,"168":3,"172":29,"173":29,"174":29,"187":1,"188":16,"190":16,"191":1,"192":4,"194":4,"195":2,"198":4,"202":15,"217":1,"218":3,"220":3,"223":1,"224":9,"225":9,"227":9,"229":5,"230":5,"231":5,"234":5,"238":4,"239":4,"243":3,"267":1,"268":103,"275":103,"277":16,"278":16,"281":103,"282":103,"283":103,"284":103,"286":103,"288":0,"291":103,"293":33,"295":33,"299":70,"300":69,"301":12,"302":12,"305":57,"323":1,"324":90,"325":21,"327":21,"330":0,"333":69,"335":69,"337":48,"346":1,"347":1,"356":1,"357":20,"374":1,"375":217,"381":217,"383":3,"384":3,"386":0,"390":3,"393":217,"394":217,"395":217,"397":217,"399":217,"400":1,"402":1,"403":1,"407":1,"409":216,"412":216,"418":216,"420":8,"421":9,"422":9,"425":8,"435":1,"475":1,"476":14,"479":14,"480":4,"484":4,"486":4,"489":14,"490":14,"492":14,"493":14,"495":31,"496":31,"500":14,"512":1,"513":3,"514":2,"515":2,"518":3,"520":3,"521":6,"525":6,"527":6,"537":1,"538":3,"539":1,"540":1,"543":3,"545":3,"546":6,"550":6,"555":6,"565":1,"566":3,"567":1,"568":1,"571":3,"573":3,"574":6,"578":6,"583":6,"592":1,"593":4,"614":1,"615":97,"616":97,"617":97,"619":97,"625":97,"628":136,"630":136,"632":136,"633":136,"635":135,"639":1,"642":136,"647":97,"648":10,"652":10,"653":13,"655":10,"659":10,"660":10,"663":97,"664":136,"667":1,"671":121,"672":199,"674":39,"679":82,"681":82,"682":82,"685":1,"686":7,"687":0,"690":7,"693":7,"696":7,"697":7,"700":135,"703":7,"704":7,"706":7,"709":128,"713":11,"714":8,"716":8,"717":0,"718":0,"721":8,"722":8,"725":3,"726":3,"729":11,"733":117,"735":16,"740":16,"743":117,"745":17,"749":10,"751":10,"753":1,"755":9,"756":9,"760":17,"761":0,"765":17,"768":100,"772":100,"773":6,"774":6,"777":94,"779":94,"780":94,"802":1,"803":25,"807":25,"809":25,"811":4,"812":4,"814":0,"818":4,"820":4,"821":0,"825":25,"826":25,"831":25,"835":25,"838":25,"839":31,"840":6,"843":25,"844":2,"845":2,"847":23,"848":3,"849":3,"852":23,"853":23,"854":23,"855":23,"863":1}},
"/Users/allen/Projects/github/essencejs/src/parser.js":{"path":"/Users/allen/Projects/github/essencejs/src/parser.js","s":{"1":1,"2":1,"3":114,"4":5,"5":1,"6":4,"7":109,"8":109,"9":109,"10":137,"11":103,"12":137,"13":0,"14":1},"b":{"1":[5,109],"2":[114,114],"3":[1,4],"4":[5,5],"5":[109,0],"6":[103,34]},"f":{"1":114,"2":137},"fnMap":{"1":{"name":"getArgs","line":17,"loc":{"start":{"line":17,"column":0},"end":{"line":17,"column":34}}},"2":{"name":"(anonymous_2)","line":31,"loc":{"start":{"line":31,"column":19},"end":{"line":31,"column":40}}}},"statementMap":{"1":{"start":{"line":8,"column":0},"end":{"line":9,"column":55}},"2":{"start":{"line":17,"column":0},"end":{"line":40,"column":1}},"3":{"start":{"line":18,"column":4},"end":{"line":39,"column":5}},"4":{"start":{"line":19,"column":8},"end":{"line":21,"column":9}},"5":{"start":{"line":20,"column":12},"end":{"line":20,"column":62}},"6":{"start":{"line":23,"column":8},"end":{"line":23,"column":68}},"7":{"start":{"line":24,"column":11},"end":{"line":39,"column":5}},"8":{"start":{"line":25,"column":8},"end":{"line":25,"column":46}},"9":{"start":{"line":27,"column":8},"end":{"line":36,"column":19}},"10":{"start":{"line":32,"column":16},"end":{"line":34,"column":17}},"11":{"start":{"line":33,"column":20},"end":{"line":33,"column":42}},"12":{"start":{"line":35,"column":16},"end":{"line":35,"column":28}},"13":{"start":{"line":38,"column":8},"end":{"line":38,"column":18}},"14":{"start":{"line":46,"column":0},"end":{"line":48,"column":2}}},"branchMap":{"1":{"line":18,"type":"if","locations":[{"start":{"line":18,"column":4},"end":{"line":18,"column":4}},{"start":{"line":18,"column":4},"end":{"line":18,"column":4}}]},"2":{"line":18,"type":"binary-expr","locations":[{"start":{"line":18,"column":8},"end":{"line":18,"column":23}},{"start":{"line":18,"column":27},"end":{"line":18,"column":64}}]},"3":{"line":19,"type":"if","locations":[{"start":{"line":19,"column":8},"end":{"line":19,"column":8}},{"start":{"line":19,"column":8},"end":{"line":19,"column":8}}]},"4":{"line":19,"type":"binary-expr","locations":[{"start":{"line":19,"column":12},"end":{"line":19,"column":35}},{"start":{"line":19,"column":39},"end":{"line":19,"column":104}}]},"5":{"line":24,"type":"if","locations":[{"start":{"line":24,"column":11},"end":{"line":24,"column":11}},{"start":{"line":24,"column":11},"end":{"line":24,"column":11}}]},"6":{"line":32,"type":"if","locations":[{"start":{"line":32,"column":16},"end":{"line":32,"column":16}},{"start":{"line":32,"column":16},"end":{"line":32,"column":16}}]}},"l":{"8":1,"17":1,"18":114,"19":5,"20":1,"23":4,"24":109,"25":109,"27":109,"32":137,"33":103,"35":137,"38":0,"46":1}}}
