TN:
SF:/Users/allen/Projects/github/essencejs/src/Config.js
FN:18,Config
FNF:1
FNH:1
FNDA:101,Config
DA:18,1
DA:23,101
DA:26,1
LF:3
LH:3
BRDA:23,1,0,101
BRDA:23,1,1,1
BRDA:23,1,2,100
BRF:3
BRH:3
end_of_record
TN:
SF:/Users/allen/Projects/github/essencejs/src/Resolvable.js
FN:21,Resolvable
FN:72,get
FN:86,dispose
FNF:3
FNH:3
FNDA:670,Resolvable
FNDA:123,get
FNDA:640,dispose
DA:21,1
DA:26,670
DA:32,670
DA:39,670
DA:45,670
DA:51,670
DA:72,1
DA:73,123
DA:76,56
DA:79,67
DA:86,1
DA:87,640
DA:88,640
DA:89,640
DA:90,640
DA:93,1
LF:16
LH:16
BRDA:26,1,0,670
BRDA:26,1,1,668
BRDA:32,2,0,670
BRDA:32,2,1,668
BRDA:39,3,0,670
BRDA:39,3,1,668
BRDA:39,3,2,646
BRDA:45,4,0,670
BRDA:45,4,1,668
BRDA:45,4,2,668
BRDA:51,5,0,670
BRDA:51,5,1,668
BRDA:73,6,0,56
BRDA:73,6,1,67
BRDA:73,7,0,123
BRDA:73,7,1,77
BRF:16
BRH:16
end_of_record
TN:
SF:/Users/allen/Projects/github/essencejs/src/Registration.js
FN:12,Registration
FN:27,(anonymous_2)
FN:40,(anonymous_3)
FN:41,(anonymous_4)
FN:59,add
FN:93,get
FN:103,(anonymous_7)
FN:131,remove
FN:135,(anonymous_9)
FN:150,(anonymous_10)
FN:159,dispose
FN:163,(anonymous_12)
FNF:12
FNH:12
FNDA:111,Registration
FNDA:122,(anonymous_2)
FNDA:113,(anonymous_3)
FNDA:788,(anonymous_4)
FNDA:667,add
FNDA:987,get
FNDA:751,(anonymous_7)
FNDA:640,remove
FNDA:2,(anonymous_9)
FNDA:640,(anonymous_10)
FNDA:98,dispose
FNDA:635,(anonymous_12)
DA:5,1
DA:12,1
DA:17,111
DA:26,111
DA:28,122
DA:39,111
DA:41,113
DA:42,788
DA:44,788
DA:45,60
DA:48,788
DA:59,1
DA:60,667
DA:61,666
DA:63,665
DA:66,665
DA:70,0
DA:73,665
DA:80,2
DA:83,665
DA:93,1
DA:94,987
DA:96,987
DA:98,987
DA:100,110
DA:103,987
DA:104,751
DA:107,751
DA:108,72
DA:110,751
DA:113,987
DA:115,3
DA:118,984
DA:120,66
DA:124,918
DA:131,1
DA:132,640
DA:134,640
DA:136,2
DA:139,2
DA:140,2
DA:142,2
DA:145,640
DA:147,638
DA:150,640
DA:151,640
DA:152,640
DA:159,1
DA:160,98
DA:162,98
DA:164,635
DA:167,98
DA:170,1
LF:53
LH:52
BRDA:44,1,0,60
BRDA:44,1,1,728
BRDA:44,2,0,788
BRDA:44,2,1,153
BRDA:60,3,0,1
BRDA:60,3,1,666
BRDA:61,4,0,1
BRDA:61,4,1,665
BRDA:61,5,0,666
BRDA:61,5,1,665
BRDA:63,6,0,58
BRDA:63,6,1,607
BRDA:66,7,0,0
BRDA:66,7,1,665
BRDA:66,8,0,665
BRDA:66,8,1,9
BRDA:73,9,0,2
BRDA:73,9,1,663
BRDA:73,10,0,665
BRDA:73,10,1,58
BRDA:73,10,2,58
BRDA:73,10,3,2
BRDA:96,11,0,987
BRDA:96,11,1,693
BRDA:96,11,2,294
BRDA:96,12,0,682
BRDA:96,12,1,11
BRDA:98,13,0,110
BRDA:98,13,1,877
BRDA:98,14,0,987
BRDA:98,14,1,295
BRDA:107,15,0,72
BRDA:107,15,1,679
BRDA:113,16,0,3
BRDA:113,16,1,984
BRDA:118,17,0,66
BRDA:118,17,1,918
BRDA:132,18,0,640
BRDA:132,18,1,2
BRDA:132,18,2,638
BRDA:132,19,0,1
BRDA:132,19,1,1
BRDA:139,20,0,2
BRDA:139,20,1,0
BRDA:145,21,0,638
BRDA:145,21,1,2
BRDA:151,22,0,640
BRDA:151,22,1,639
BRDA:151,22,2,639
BRF:49
BRH:47
end_of_record
TN:
SF:/Users/allen/Projects/github/essencejs/src/util.js
FN:15,instantiateObject
FN:16,F
FN:39,isObjectConstructor
FN:56,lowerCaseFirst
FN:57,(anonymous_5)
FN:68,splitNamespaceKey
FN:73,NamespaceKey
FN:78,toString
FN:96,variableNameFromFilePath
FNF:9
FNH:9
FNDA:18,instantiateObject
FNDA:18,F
FNDA:139,isObjectConstructor
FNDA:20,lowerCaseFirst
FNDA:20,(anonymous_5)
FNDA:1629,splitNamespaceKey
FNDA:1629,NamespaceKey
FNDA:52,toString
FNDA:24,variableNameFromFilePath
DA:6,1
DA:15,1
DA:16,1
DA:17,18
DA:20,18
DA:22,18
DA:23,0
DA:24,18
DA:25,0
DA:27,18
DA:28,18
DA:39,1
DA:40,139
DA:44,135
DA:47,4
DA:56,1
DA:57,20
DA:68,1
DA:70,1629
DA:71,1629
DA:73,1
DA:74,1629
DA:75,1629
DA:78,1629
DA:79,52
DA:82,1629
DA:84,1629
DA:96,1
DA:97,24
DA:105,1
LF:30
LH:28
BRDA:20,1,0,18
BRDA:20,1,1,2
BRDA:22,2,0,0
BRDA:22,2,1,18
BRDA:24,3,0,0
BRDA:24,3,1,18
BRDA:24,4,0,18
BRDA:24,4,1,18
BRDA:40,5,0,135
BRDA:40,5,1,4
BRDA:40,6,0,139
BRDA:40,6,1,139
BRDA:44,7,0,135
BRDA:44,7,1,101
BRDA:57,8,0,20
BRDA:57,8,1,20
BRDA:71,9,0,1629
BRDA:71,9,1,1627
BRDA:71,9,2,1418
BRDA:74,10,0,1629
BRDA:74,10,1,1629
BRDA:75,11,0,1629
BRDA:75,11,1,1629
BRDA:79,12,0,6
BRDA:79,12,1,46
BRDA:82,13,0,213
BRDA:82,13,1,1416
BRF:27
BRH:25
end_of_record
TN:
SF:/Users/allen/Projects/github/essencejs/src/WaitFor.js
FN:18,WaitFor
FN:29,noop
FNF:2
FNH:2
FNDA:24,WaitFor
FNDA:2,noop
DA:18,1
DA:23,24
DA:29,24
DA:32,1
LF:4
LH:4
BRDA:23,1,0,24
BRDA:23,1,1,23
BRDA:29,2,0,24
BRDA:29,2,1,23
BRDA:29,2,2,2
BRF:5
BRH:5
end_of_record
TN:
SF:/Users/allen/Projects/github/essencejs/src/BaseError.js
FN:18,BaseError
FNF:1
FNH:1
FNDA:25,BaseError
DA:18,1
DA:23,25
DA:26,1
LF:3
LH:3
BRDA:23,1,0,25
BRDA:23,1,1,20
BRDA:23,1,2,19
BRF:3
BRH:3
end_of_record
TN:
SF:/Users/allen/Projects/github/essencejs/src/CancelError.js
FN:21,CancelError
FNF:1
FNH:1
FNDA:4,CancelError
DA:7,1
DA:21,1
DA:22,4
DA:28,4
DA:31,1
DA:32,1
DA:34,1
LF:7
LH:7
BRDA:28,1,0,4
BRDA:28,1,1,3
BRDA:28,1,2,1
BRF:3
BRH:3
end_of_record
TN:
SF:/Users/allen/Projects/github/essencejs/src/ResolveError.js
FN:20,ResolveError
FN:48,toString
FNF:2
FNH:2
FNDA:17,ResolveError
FNDA:1,toString
DA:7,1
DA:20,1
DA:21,17
DA:27,17
DA:33,17
DA:39,17
DA:42,1
DA:43,1
DA:48,1
DA:49,1
DA:56,1
LF:11
LH:11
BRDA:27,1,0,17
BRDA:27,1,1,16
BRDA:27,1,2,15
BRDA:33,2,0,17
BRDA:33,2,1,16
BRDA:33,2,2,16
BRDA:39,3,0,17
BRDA:39,3,1,16
BRDA:39,3,2,2
BRF:9
BRH:9
end_of_record
TN:
SF:/Users/allen/Projects/github/essencejs/src/EssenceJs.js
FN:23,EssenceJs
FN:53,(anonymous_2)
FN:54,(anonymous_3)
FN:55,(anonymous_4)
FN:56,(anonymous_5)
FN:63,(anonymous_6)
FN:77,(anonymous_7)
FN:79,(anonymous_8)
FN:94,dispose
FN:107,(anonymous_10)
FN:122,(anonymous_11)
FN:129,(anonymous_12)
FN:147,factory
FN:170,(anonymous_14)
FN:182,__essencejs_container
FN:196,(anonymous_16)
FN:211,getKeys
FN:215,(anonymous_18)
FN:242,imports
FN:250,normaliseFilePath
FN:258,importsStrategy
FN:264,(anonymous_22)
FN:304,inject
FN:336,(anonymous_24)
FN:360,invoke
FN:383,isDisposed
FN:393,isRegistered
FN:403,(anonymous_28)
FN:413,(anonymous_29)
FN:434,register
FN:462,(anonymous_31)
FN:500,(anonymous_32)
FN:521,listeners
FN:563,registerByStrategy
FN:568,defaultStrategy
FN:582,(anonymous_36)
FN:587,(anonymous_37)
FN:588,(anonymous_38)
FN:592,done
FN:604,remove
FN:614,(anonymous_41)
FN:639,resolveArgs
FN:652,(anonymous_43)
FN:672,(anonymous_44)
FN:677,(anonymous_45)
FN:695,(anonymous_46)
FN:699,notifyIfComplete
FN:725,notifyIfError
FN:754,(anonymous_49)
FN:788,deferredResolveCallback
FN:800,(anonymous_51)
FN:818,(anonymous_52)
FN:849,singleton
FN:872,(anonymous_54)
FN:885,__essencejs_container
FN:899,(anonymous_56)
FNF:56
FNH:55
FNDA:99,EssenceJs
FNDA:2,(anonymous_2)
FNDA:1,(anonymous_3)
FNDA:1,(anonymous_4)
FNDA:1,(anonymous_5)
FNDA:139,(anonymous_6)
FNDA:129,(anonymous_7)
FNDA:14,(anonymous_8)
FNDA:98,dispose
FNDA:15,(anonymous_10)
FNDA:1,(anonymous_11)
FNDA:2,(anonymous_12)
FNDA:27,factory
FNDA:27,(anonymous_14)
FNDA:29,__essencejs_container
FNDA:27,(anonymous_16)
FNDA:7,getKeys
FNDA:8,(anonymous_18)
FNDA:6,imports
FNDA:21,normaliseFilePath
FNDA:21,importsStrategy
FNDA:13,(anonymous_22)
FNDA:106,inject
FNDA:77,(anonymous_24)
FNDA:87,invoke
FNDA:1,isDisposed
FNDA:27,isRegistered
FNDA:10,(anonymous_28)
FNDA:3,(anonymous_29)
FNDA:633,register
FNDA:2,(anonymous_31)
FNDA:11,(anonymous_32)
FNDA:3,listeners
FNDA:8,registerByStrategy
FNDA:4,defaultStrategy
FNDA:8,(anonymous_36)
FNDA:25,(anonymous_37)
FNDA:25,(anonymous_38)
FNDA:8,done
FNDA:4,remove
FNDA:1,(anonymous_41)
FNDA:107,resolveArgs
FNDA:144,(anonymous_43)
FNDA:14,(anonymous_44)
FNDA:17,(anonymous_45)
FNDA:144,(anonymous_46)
FNDA:122,notifyIfComplete
FNDA:12,notifyIfError
FNDA:8,(anonymous_49)
FNDA:13,deferredResolveCallback
FNDA:0,(anonymous_51)
FNDA:103,(anonymous_52)
FNDA:22,singleton
FNDA:22,(anonymous_54)
FNDA:27,__essencejs_container
FNDA:19,(anonymous_56)
DA:5,1
DA:23,1
DA:24,99
DA:30,99
DA:36,99
DA:43,99
DA:49,99
DA:52,99
DA:53,99
DA:54,99
DA:55,99
DA:56,99
DA:63,1
DA:64,139
DA:66,139
DA:67,129
DA:69,139
DA:77,1
DA:78,129
DA:80,14
DA:81,14
DA:84,129
DA:86,129
DA:94,1
DA:95,98
DA:104,98
DA:106,98
DA:107,10
DA:108,15
DA:112,98
DA:113,98
DA:115,98
DA:117,98
DA:118,2254
DA:122,1862
DA:123,1
DA:128,98
DA:129,98
DA:147,1
DA:148,27
DA:152,27
DA:154,27
DA:156,5
DA:157,5
DA:159,0
DA:163,5
DA:165,5
DA:166,0
DA:170,27
DA:171,27
DA:175,27
DA:179,27
DA:182,27
DA:183,29
DA:184,0
DA:187,29
DA:188,2
DA:190,27
DA:191,3
DA:192,3
DA:196,27
DA:197,27
DA:198,27
DA:211,1
DA:212,7
DA:214,7
DA:215,1
DA:216,8
DA:218,8
DA:219,2
DA:222,8
DA:226,6
DA:242,1
DA:243,6
DA:245,6
DA:248,6
DA:250,1
DA:251,21
DA:252,12
DA:255,21
DA:258,1
DA:259,21
DA:260,21
DA:262,21
DA:264,13
DA:265,13
DA:266,13
DA:269,13
DA:273,8
DA:274,8
DA:278,6
DA:304,1
DA:305,106
DA:312,106
DA:314,18
DA:315,18
DA:318,106
DA:319,106
DA:320,106
DA:321,106
DA:323,106
DA:325,0
DA:328,106
DA:330,28
DA:332,28
DA:336,78
DA:337,77
DA:338,18
DA:339,18
DA:342,59
DA:360,1
DA:361,87
DA:362,16
DA:364,16
DA:367,0
DA:370,71
DA:372,71
DA:374,42
DA:383,1
DA:384,1
DA:393,1
DA:394,27
DA:403,1
DA:404,10
DA:413,1
DA:414,3
DA:434,1
DA:435,633
DA:441,633
DA:443,3
DA:444,3
DA:446,0
DA:450,3
DA:453,633
DA:454,633
DA:455,633
DA:457,633
DA:459,633
DA:460,2
DA:462,2
DA:463,2
DA:467,2
DA:474,2
DA:478,2
DA:480,631
DA:483,631
DA:489,631
DA:496,631
DA:498,631
DA:500,10
DA:501,11
DA:502,11
DA:505,10
DA:515,1
DA:521,1
DA:522,3
DA:563,1
DA:564,8
DA:566,8
DA:568,8
DA:569,4
DA:574,4
DA:576,4
DA:580,8
DA:582,8
DA:583,8
DA:585,8
DA:586,8
DA:588,25
DA:589,25
DA:593,8
DA:604,1
DA:605,4
DA:614,1
DA:615,1
DA:639,1
DA:640,107
DA:641,107
DA:642,107
DA:644,107
DA:650,107
DA:653,144
DA:655,144
DA:657,144
DA:658,144
DA:660,143
DA:664,1
DA:667,144
DA:672,107
DA:673,14
DA:677,14
DA:678,17
DA:680,14
DA:684,14
DA:685,14
DA:692,14
DA:695,107
DA:696,144
DA:699,1
DA:703,122
DA:704,196
DA:712,37
DA:714,37
DA:719,85
DA:721,85
DA:722,85
DA:725,1
DA:726,12
DA:727,0
DA:730,12
DA:733,12
DA:736,12
DA:737,12
DA:740,143
DA:743,7
DA:744,7
DA:746,7
DA:749,136
DA:753,11
DA:754,8
DA:756,8
DA:757,0
DA:758,0
DA:761,8
DA:762,8
DA:765,3
DA:766,3
DA:769,11
DA:773,125
DA:775,21
DA:780,21
DA:783,125
DA:785,22
DA:789,13
DA:791,13
DA:793,2
DA:795,11
DA:796,11
DA:800,22
DA:801,0
DA:810,22
DA:812,22
DA:815,103
DA:819,103
DA:820,10
DA:821,10
DA:824,93
DA:826,93
DA:827,93
DA:849,1
DA:850,22
DA:854,22
DA:856,22
DA:858,5
DA:859,5
DA:861,0
DA:865,5
DA:867,5
DA:868,0
DA:872,22
DA:873,22
DA:878,22
DA:882,22
DA:885,22
DA:886,27
DA:887,6
DA:890,21
DA:891,2
DA:892,2
DA:894,19
DA:895,3
DA:896,3
DA:899,19
DA:900,19
DA:901,19
DA:902,19
DA:910,1
LF:277
LH:265
BRDA:66,1,0,129
BRDA:66,1,1,10
BRDA:106,2,0,10
BRDA:106,2,1,88
BRDA:106,3,0,98
BRDA:106,3,1,98
BRDA:112,4,0,98
BRDA:112,4,1,98
BRDA:118,5,0,1862
BRDA:118,5,1,392
BRDA:118,6,0,2254
BRDA:118,6,1,1960
BRDA:118,6,2,1960
BRDA:152,7,0,27
BRDA:152,7,1,23
BRDA:154,8,0,5
BRDA:154,8,1,22
BRDA:156,9,0,5
BRDA:156,9,1,0
BRDA:165,10,0,0
BRDA:165,10,1,5
BRDA:175,11,0,27
BRDA:175,11,1,26
BRDA:179,12,0,8
BRDA:179,12,1,19
BRDA:183,13,0,0
BRDA:183,13,1,29
BRDA:187,14,0,2
BRDA:187,14,1,27
BRDA:190,15,0,3
BRDA:190,15,1,24
BRDA:191,16,0,3
BRDA:191,16,1,0
BRDA:212,17,0,7
BRDA:212,17,1,7
BRDA:212,17,2,0
BRDA:214,18,0,1
BRDA:214,18,1,6
BRDA:218,19,0,2
BRDA:218,19,1,6
BRDA:243,20,0,6
BRDA:243,20,1,0
BRDA:246,21,0,6
BRDA:246,21,1,0
BRDA:248,22,0,6
BRDA:248,22,1,4
BRDA:251,23,0,12
BRDA:251,23,1,9
BRDA:262,24,0,13
BRDA:262,24,1,8
BRDA:265,25,0,13
BRDA:265,25,1,0
BRDA:312,26,0,18
BRDA:312,26,1,88
BRDA:312,27,0,106
BRDA:312,27,1,22
BRDA:318,28,0,59
BRDA:318,28,1,47
BRDA:318,29,0,106
BRDA:318,29,1,60
BRDA:319,30,0,0
BRDA:319,30,1,106
BRDA:319,31,0,106
BRDA:319,31,1,60
BRDA:320,32,0,106
BRDA:320,32,1,60
BRDA:320,32,2,100
BRDA:321,33,0,106
BRDA:321,33,1,60
BRDA:321,33,2,102
BRDA:323,34,0,0
BRDA:323,34,1,106
BRDA:328,35,0,28
BRDA:328,35,1,78
BRDA:337,36,0,18
BRDA:337,36,1,59
BRDA:338,37,0,18
BRDA:338,37,1,18
BRDA:343,38,0,78
BRDA:343,38,1,45
BRDA:361,39,0,16
BRDA:361,39,1,71
BRDA:372,40,0,42
BRDA:372,40,1,29
BRDA:441,41,0,3
BRDA:441,41,1,630
BRDA:443,42,0,3
BRDA:443,42,1,0
BRDA:454,43,0,633
BRDA:454,43,1,5
BRDA:454,43,2,628
BRDA:459,44,0,2
BRDA:459,44,1,631
BRDA:460,45,0,2
BRDA:460,45,1,0
BRDA:460,46,0,2
BRDA:460,46,1,2
BRDA:474,47,0,2
BRDA:474,47,1,1
BRDA:478,48,0,2
BRDA:478,48,1,0
BRDA:480,49,0,10
BRDA:480,49,1,621
BRDA:480,50,0,631
BRDA:480,50,1,10
BRDA:498,51,0,10
BRDA:498,51,1,621
BRDA:500,52,0,10
BRDA:500,52,1,10
BRDA:566,53,0,8
BRDA:566,53,1,1
BRDA:568,54,0,8
BRDA:568,54,1,2
BRDA:570,55,0,2
BRDA:570,55,1,2
BRDA:570,56,0,4
BRDA:570,56,1,4
BRDA:572,57,0,4
BRDA:572,57,1,4
BRDA:572,57,2,0
BRDA:580,58,0,8
BRDA:580,58,1,2
BRDA:583,59,0,8
BRDA:583,59,1,0
BRDA:585,60,0,8
BRDA:585,60,1,0
BRDA:593,61,0,8
BRDA:593,61,1,8
BRDA:640,62,0,107
BRDA:640,62,1,100
BRDA:641,63,0,89
BRDA:641,63,1,18
BRDA:641,64,0,107
BRDA:641,64,1,107
BRDA:642,65,0,107
BRDA:642,65,1,82
BRDA:653,66,0,37
BRDA:653,66,1,107
BRDA:660,67,0,31
BRDA:660,67,1,112
BRDA:660,68,0,143
BRDA:660,68,1,113
BRDA:678,69,0,14
BRDA:678,69,1,3
BRDA:684,70,0,14
BRDA:684,70,1,14
BRDA:692,71,0,14
BRDA:692,71,1,2
BRDA:704,72,0,37
BRDA:704,72,1,159
BRDA:721,73,0,85
BRDA:721,73,1,85
BRDA:726,74,0,0
BRDA:726,74,1,12
BRDA:736,75,0,12
BRDA:736,75,1,7
BRDA:740,76,0,7
BRDA:740,76,1,136
BRDA:749,77,0,11
BRDA:749,77,1,125
BRDA:753,78,0,8
BRDA:753,78,1,3
BRDA:756,79,0,0
BRDA:756,79,1,8
BRDA:773,80,0,21
BRDA:773,80,1,104
BRDA:783,81,0,22
BRDA:783,81,1,103
BRDA:791,82,0,2
BRDA:791,82,1,11
BRDA:801,83,0,0
BRDA:801,83,1,0
BRDA:819,84,0,10
BRDA:819,84,1,93
BRDA:824,85,0,93
BRDA:824,85,1,0
BRDA:824,86,0,93
BRDA:824,86,1,93
BRDA:854,87,0,22
BRDA:854,87,1,18
BRDA:856,88,0,5
BRDA:856,88,1,17
BRDA:858,89,0,5
BRDA:858,89,1,0
BRDA:867,90,0,0
BRDA:867,90,1,5
BRDA:878,91,0,22
BRDA:878,91,1,21
BRDA:882,92,0,9
BRDA:882,92,1,13
BRDA:886,93,0,6
BRDA:886,93,1,21
BRDA:886,94,0,27
BRDA:886,94,1,27
BRDA:890,95,0,2
BRDA:890,95,1,19
BRDA:894,96,0,3
BRDA:894,96,1,16
BRDA:895,97,0,3
BRDA:895,97,1,0
BRF:200
BRH:176
end_of_record
TN:
SF:/Users/allen/Projects/github/essencejs/src/parser.js
FN:17,getArgs
FN:31,(anonymous_2)
FNF:2
FNH:2
FNDA:117,getArgs
FNDA:136,(anonymous_2)
DA:8,1
DA:17,1
DA:18,117
DA:19,5
DA:20,1
DA:23,4
DA:24,112
DA:25,112
DA:27,112
DA:32,136
DA:33,107
DA:35,136
DA:38,0
DA:46,1
LF:14
LH:13
BRDA:18,1,0,5
BRDA:18,1,1,112
BRDA:18,2,0,117
BRDA:18,2,1,117
BRDA:19,3,0,1
BRDA:19,3,1,4
BRDA:19,4,0,5
BRDA:19,4,1,5
BRDA:24,5,0,112
BRDA:24,5,1,0
BRDA:32,6,0,107
BRDA:32,6,1,29
BRF:12
BRH:11
end_of_record
