TN:
SF:/Users/allen/Projects/github/essencejs/src/Config.js
FN:18,Config
FNF:1
FNH:1
FNDA:90,Config
DA:18,1
DA:23,90
DA:26,1
LF:3
LH:3
BRDA:23,1,0,90
BRDA:23,1,1,1
BRDA:23,1,2,89
BRF:3
BRH:3
end_of_record
TN:
SF:/Users/allen/Projects/github/essencejs/src/Resolvable.js
FN:21,Resolvable
FN:72,get
FN:86,dispose
FNF:3
FNH:3
FNDA:248,Resolvable
FNDA:118,get
FNDA:225,dispose
DA:21,1
DA:26,248
DA:32,248
DA:39,248
DA:45,248
DA:51,248
DA:72,1
DA:73,118
DA:76,62
DA:79,56
DA:86,1
DA:87,225
DA:88,225
DA:89,225
DA:90,225
DA:93,1
LF:16
LH:16
BRDA:26,1,0,248
BRDA:26,1,1,246
BRDA:32,2,0,248
BRDA:32,2,1,246
BRDA:39,3,0,248
BRDA:39,3,1,246
BRDA:39,3,2,230
BRDA:45,4,0,248
BRDA:45,4,1,246
BRDA:45,4,2,246
BRDA:51,5,0,248
BRDA:51,5,1,246
BRDA:73,6,0,62
BRDA:73,6,1,56
BRDA:73,7,0,118
BRDA:73,7,1,78
BRF:16
BRH:16
end_of_record
TN:
SF:/Users/allen/Projects/github/essencejs/src/Registration.js
FN:12,Registration
FN:27,(anonymous_2)
FN:40,(anonymous_3)
FN:41,(anonymous_4)
FN:59,add
FN:83,get
FN:93,(anonymous_7)
FN:121,remove
FN:125,(anonymous_9)
FN:140,(anonymous_10)
FN:149,dispose
FN:153,(anonymous_12)
FNF:12
FNH:12
FNDA:99,Registration
FNDA:100,(anonymous_2)
FNDA:82,(anonymous_3)
FNDA:222,(anonymous_4)
FNDA:245,add
FNDA:540,get
FNDA:318,(anonymous_7)
FNDA:225,remove
FNDA:2,(anonymous_9)
FNDA:225,(anonymous_10)
FNDA:87,dispose
FNDA:220,(anonymous_12)
DA:5,1
DA:12,1
DA:17,99
DA:26,99
DA:28,100
DA:39,99
DA:41,82
DA:42,222
DA:44,222
DA:45,39
DA:48,222
DA:59,1
DA:60,245
DA:61,244
DA:63,243
DA:66,243
DA:70,0
DA:73,243
DA:83,1
DA:84,540
DA:86,540
DA:88,540
DA:90,79
DA:93,540
DA:94,318
DA:97,318
DA:98,62
DA:100,318
DA:103,540
DA:105,3
DA:108,537
DA:110,56
DA:114,481
DA:121,1
DA:122,225
DA:124,225
DA:126,2
DA:129,2
DA:130,2
DA:132,2
DA:135,225
DA:137,223
DA:140,225
DA:141,225
DA:142,225
DA:149,1
DA:150,87
DA:152,87
DA:154,220
DA:157,87
DA:160,1
LF:51
LH:50
BRDA:44,1,0,39
BRDA:44,1,1,183
BRDA:44,2,0,222
BRDA:44,2,1,69
BRDA:60,3,0,1
BRDA:60,3,1,244
BRDA:61,4,0,1
BRDA:61,4,1,243
BRDA:61,5,0,244
BRDA:61,5,1,243
BRDA:63,6,0,51
BRDA:63,6,1,192
BRDA:66,7,0,0
BRDA:66,7,1,243
BRDA:66,8,0,243
BRDA:66,8,1,8
BRDA:86,9,0,540
BRDA:86,9,1,281
BRDA:86,9,2,259
BRDA:86,10,0,270
BRDA:86,10,1,11
BRDA:88,11,0,79
BRDA:88,11,1,461
BRDA:88,12,0,540
BRDA:88,12,1,260
BRDA:97,13,0,62
BRDA:97,13,1,256
BRDA:103,14,0,3
BRDA:103,14,1,537
BRDA:108,15,0,56
BRDA:108,15,1,481
BRDA:122,16,0,225
BRDA:122,16,1,2
BRDA:122,16,2,223
BRDA:122,17,0,1
BRDA:122,17,1,1
BRDA:129,18,0,2
BRDA:129,18,1,0
BRDA:135,19,0,223
BRDA:135,19,1,2
BRDA:141,20,0,225
BRDA:141,20,1,224
BRDA:141,20,2,224
BRF:43
BRH:41
end_of_record
TN:
SF:/Users/allen/Projects/github/essencejs/src/util.js
FN:15,instantiateObject
FN:16,F
FN:39,isObjectConstructor
FN:56,lowerCaseFirst
FN:57,(anonymous_5)
FN:68,splitNamespaceKey
FN:73,NamespaceKey
FN:78,toString
FN:96,variableNameFromFilePath
FNF:9
FNH:9
FNDA:23,instantiateObject
FNDA:23,F
FNDA:145,isObjectConstructor
FNDA:23,lowerCaseFirst
FNDA:23,(anonymous_5)
FNDA:638,splitNamespaceKey
FNDA:638,NamespaceKey
FNDA:55,toString
FNDA:12,variableNameFromFilePath
DA:6,1
DA:15,1
DA:16,1
DA:17,23
DA:20,23
DA:22,23
DA:23,0
DA:24,23
DA:25,0
DA:27,23
DA:28,23
DA:39,1
DA:40,145
DA:44,141
DA:47,4
DA:56,1
DA:57,23
DA:68,1
DA:70,638
DA:71,638
DA:73,1
DA:74,638
DA:75,638
DA:78,638
DA:79,55
DA:82,638
DA:84,638
DA:96,1
DA:97,12
DA:105,1
LF:30
LH:28
BRDA:20,1,0,23
BRDA:20,1,1,2
BRDA:22,2,0,0
BRDA:22,2,1,23
BRDA:24,3,0,0
BRDA:24,3,1,23
BRDA:24,4,0,23
BRDA:24,4,1,23
BRDA:40,5,0,141
BRDA:40,5,1,4
BRDA:40,6,0,145
BRDA:40,6,1,145
BRDA:44,7,0,141
BRDA:44,7,1,99
BRDA:57,8,0,23
BRDA:57,8,1,23
BRDA:71,9,0,638
BRDA:71,9,1,636
BRDA:71,9,2,513
BRDA:74,10,0,638
BRDA:74,10,1,638
BRDA:75,11,0,638
BRDA:75,11,1,638
BRDA:79,12,0,10
BRDA:79,12,1,45
BRDA:82,13,0,127
BRDA:82,13,1,511
BRF:27
BRH:25
end_of_record
TN:
SF:/Users/allen/Projects/github/essencejs/src/WaitFor.js
FN:18,WaitFor
FN:29,noop
FNF:2
FNH:1
FNDA:17,WaitFor
FNDA:0,noop
DA:18,1
DA:23,17
DA:29,17
DA:32,1
LF:4
LH:4
BRDA:23,1,0,17
BRDA:23,1,1,17
BRDA:29,2,0,17
BRDA:29,2,1,17
BRDA:29,2,2,0
BRF:5
BRH:4
end_of_record
TN:
SF:/Users/allen/Projects/github/essencejs/src/BaseError.js
FN:18,BaseError
FNF:1
FNH:1
FNDA:20,BaseError
DA:18,1
DA:23,20
DA:26,1
LF:3
LH:3
BRDA:23,1,0,20
BRDA:23,1,1,14
BRDA:23,1,2,16
BRF:3
BRH:3
end_of_record
TN:
SF:/Users/allen/Projects/github/essencejs/src/CancelError.js
FN:21,CancelError
FNF:1
FNH:1
FNDA:3,CancelError
DA:7,1
DA:21,1
DA:22,3
DA:28,3
DA:31,1
DA:32,1
DA:34,1
LF:7
LH:7
BRDA:28,1,0,3
BRDA:28,1,1,1
BRDA:28,1,2,2
BRF:3
BRH:3
end_of_record
TN:
SF:/Users/allen/Projects/github/essencejs/src/ResolveError.js
FN:20,ResolveError
FN:48,toString
FNF:2
FNH:2
FNDA:13,ResolveError
FNDA:1,toString
DA:7,1
DA:20,1
DA:21,13
DA:27,13
DA:33,13
DA:39,13
DA:42,1
DA:43,1
DA:48,1
DA:49,1
DA:56,1
LF:11
LH:11
BRDA:27,1,0,13
BRDA:27,1,1,12
BRDA:27,1,2,11
BRDA:33,2,0,13
BRDA:33,2,1,12
BRDA:33,2,2,12
BRDA:39,3,0,13
BRDA:39,3,1,12
BRDA:39,3,2,2
BRF:9
BRH:9
end_of_record
TN:
SF:/Users/allen/Projects/github/essencejs/src/EssenceJs.js
FN:22,EssenceJs
FN:51,(anonymous_2)
FN:65,(anonymous_3)
FN:67,(anonymous_4)
FN:80,dispose
FN:86,(anonymous_6)
FN:99,(anonymous_7)
FN:105,(anonymous_8)
FN:123,factory
FN:146,(anonymous_10)
FN:158,__essencejs_container
FN:172,(anonymous_12)
FN:187,getKeys
FN:191,(anonymous_14)
FN:217,imports
FN:223,importsStrategy
FN:229,(anonymous_17)
FN:267,inject
FN:299,(anonymous_19)
FN:323,invoke
FN:346,isDisposed
FN:356,isRegistered
FN:374,register
FN:402,(anonymous_24)
FN:420,(anonymous_25)
FN:475,registerByStrategy
FN:479,defaultStrategy
FN:489,(anonymous_28)
FN:494,(anonymous_29)
FN:495,(anonymous_30)
FN:499,done
FN:512,registerPath
FN:520,exactStrategy
FN:537,registerSingletons
FN:545,singletonStrategy
FN:565,registerFactories
FN:573,factoryStrategy
FN:592,remove
FN:614,resolveArgs
FN:627,(anonymous_40)
FN:647,(anonymous_41)
FN:652,(anonymous_42)
FN:663,(anonymous_43)
FN:667,notifyIfComplete
FN:685,notifyIfError
FN:714,(anonymous_46)
FN:748,deferredResolveCallback
FN:760,(anonymous_48)
FN:771,(anonymous_49)
FN:802,singleton
FN:825,(anonymous_51)
FN:838,__essencejs_container
FN:852,(anonymous_53)
FNF:53
FNH:52
FNDA:88,EssenceJs
FNDA:120,(anonymous_2)
FNDA:114,(anonymous_3)
FNDA:10,(anonymous_4)
FNDA:87,dispose
FNDA:11,(anonymous_6)
FNDA:1,(anonymous_7)
FNDA:2,(anonymous_8)
FNDA:27,factory
FNDA:27,(anonymous_10)
FNDA:31,__essencejs_container
FNDA:29,(anonymous_12)
FNDA:16,getKeys
FNDA:4,(anonymous_14)
FNDA:3,imports
FNDA:9,importsStrategy
FNDA:5,(anonymous_17)
FNDA:103,inject
FNDA:69,(anonymous_19)
FNDA:90,invoke
FNDA:1,isDisposed
FNDA:20,isRegistered
FNDA:217,register
FNDA:1,(anonymous_24)
FNDA:9,(anonymous_25)
FNDA:14,registerByStrategy
FNDA:4,defaultStrategy
FNDA:14,(anonymous_28)
FNDA:31,(anonymous_29)
FNDA:31,(anonymous_30)
FNDA:14,done
FNDA:3,registerPath
FNDA:6,exactStrategy
FNDA:3,registerSingletons
FNDA:6,singletonStrategy
FNDA:3,registerFactories
FNDA:6,factoryStrategy
FNDA:4,remove
FNDA:97,resolveArgs
FNDA:136,(anonymous_40)
FNDA:10,(anonymous_41)
FNDA:13,(anonymous_42)
FNDA:136,(anonymous_43)
FNDA:121,notifyIfComplete
FNDA:7,notifyIfError
FNDA:8,(anonymous_46)
FNDA:10,deferredResolveCallback
FNDA:0,(anonymous_48)
FNDA:100,(anonymous_49)
FNDA:25,singleton
FNDA:25,(anonymous_51)
FNDA:31,__essencejs_container
FNDA:23,(anonymous_53)
DA:5,1
DA:22,1
DA:27,88
DA:33,88
DA:40,88
DA:44,88
DA:51,1
DA:52,120
DA:54,120
DA:55,114
DA:57,120
DA:65,1
DA:66,114
DA:68,10
DA:69,10
DA:72,114
DA:74,114
DA:80,1
DA:81,87
DA:85,87
DA:86,8
DA:87,11
DA:91,87
DA:92,87
DA:94,87
DA:95,1827
DA:99,1566
DA:100,1
DA:105,87
DA:123,1
DA:124,27
DA:128,27
DA:130,27
DA:132,3
DA:133,3
DA:135,0
DA:139,3
DA:141,3
DA:142,0
DA:146,27
DA:147,27
DA:151,27
DA:155,27
DA:158,27
DA:159,31
DA:160,0
DA:163,31
DA:164,2
DA:166,29
DA:167,3
DA:168,3
DA:172,29
DA:173,29
DA:174,29
DA:187,1
DA:188,16
DA:190,16
DA:191,1
DA:192,4
DA:194,4
DA:195,2
DA:198,4
DA:202,15
DA:217,1
DA:218,3
DA:220,3
DA:223,1
DA:224,9
DA:225,9
DA:227,9
DA:229,5
DA:230,5
DA:231,5
DA:234,5
DA:238,4
DA:239,4
DA:243,3
DA:267,1
DA:268,103
DA:275,103
DA:277,16
DA:278,16
DA:281,103
DA:282,103
DA:283,103
DA:284,103
DA:286,103
DA:288,0
DA:291,103
DA:293,33
DA:295,33
DA:299,70
DA:300,69
DA:301,12
DA:302,12
DA:305,57
DA:323,1
DA:324,90
DA:325,21
DA:327,21
DA:330,0
DA:333,69
DA:335,69
DA:337,48
DA:346,1
DA:347,1
DA:356,1
DA:357,20
DA:374,1
DA:375,217
DA:381,217
DA:383,3
DA:384,3
DA:386,0
DA:390,3
DA:393,217
DA:394,217
DA:395,217
DA:397,217
DA:399,217
DA:400,1
DA:402,1
DA:403,1
DA:407,1
DA:409,216
DA:412,216
DA:418,216
DA:420,8
DA:421,9
DA:422,9
DA:425,8
DA:435,1
DA:475,1
DA:476,14
DA:479,14
DA:480,4
DA:484,4
DA:486,4
DA:489,14
DA:490,14
DA:492,14
DA:493,14
DA:495,31
DA:496,31
DA:500,14
DA:512,1
DA:513,3
DA:514,2
DA:515,2
DA:518,3
DA:520,3
DA:521,6
DA:525,6
DA:527,6
DA:537,1
DA:538,3
DA:539,1
DA:540,1
DA:543,3
DA:545,3
DA:546,6
DA:550,6
DA:555,6
DA:565,1
DA:566,3
DA:567,1
DA:568,1
DA:571,3
DA:573,3
DA:574,6
DA:578,6
DA:583,6
DA:592,1
DA:593,4
DA:614,1
DA:615,97
DA:616,97
DA:617,97
DA:619,97
DA:625,97
DA:628,136
DA:630,136
DA:632,136
DA:633,136
DA:635,135
DA:639,1
DA:642,136
DA:647,97
DA:648,10
DA:652,10
DA:653,13
DA:655,10
DA:659,10
DA:660,10
DA:663,97
DA:664,136
DA:667,1
DA:671,121
DA:672,199
DA:674,39
DA:679,82
DA:681,82
DA:682,82
DA:685,1
DA:686,7
DA:687,0
DA:690,7
DA:693,7
DA:696,7
DA:697,7
DA:700,135
DA:703,7
DA:704,7
DA:706,7
DA:709,128
DA:713,11
DA:714,8
DA:716,8
DA:717,0
DA:718,0
DA:721,8
DA:722,8
DA:725,3
DA:726,3
DA:729,11
DA:733,117
DA:735,16
DA:740,16
DA:743,117
DA:745,17
DA:749,10
DA:751,10
DA:753,1
DA:755,9
DA:756,9
DA:760,17
DA:761,0
DA:765,17
DA:768,100
DA:772,100
DA:773,6
DA:774,6
DA:777,94
DA:779,94
DA:780,94
DA:802,1
DA:803,25
DA:807,25
DA:809,25
DA:811,4
DA:812,4
DA:814,0
DA:818,4
DA:820,4
DA:821,0
DA:825,25
DA:826,25
DA:831,25
DA:835,25
DA:838,25
DA:839,31
DA:840,6
DA:843,25
DA:844,2
DA:845,2
DA:847,23
DA:848,3
DA:849,3
DA:852,23
DA:853,23
DA:854,23
DA:855,23
DA:863,1
LF:273
LH:261
BRDA:54,1,0,114
BRDA:54,1,1,6
BRDA:85,2,0,8
BRDA:85,2,1,79
BRDA:85,3,0,87
BRDA:85,3,1,87
BRDA:91,4,0,87
BRDA:91,4,1,87
BRDA:95,5,0,1566
BRDA:95,5,1,261
BRDA:95,6,0,1827
BRDA:95,6,1,1653
BRDA:95,6,2,1653
BRDA:128,7,0,27
BRDA:128,7,1,23
BRDA:130,8,0,3
BRDA:130,8,1,24
BRDA:132,9,0,3
BRDA:132,9,1,0
BRDA:141,10,0,0
BRDA:141,10,1,3
BRDA:151,11,0,27
BRDA:151,11,1,26
BRDA:155,12,0,9
BRDA:155,12,1,18
BRDA:159,13,0,0
BRDA:159,13,1,31
BRDA:163,14,0,2
BRDA:163,14,1,29
BRDA:166,15,0,3
BRDA:166,15,1,26
BRDA:167,16,0,3
BRDA:167,16,1,0
BRDA:188,17,0,16
BRDA:188,17,1,16
BRDA:188,17,2,0
BRDA:190,18,0,1
BRDA:190,18,1,15
BRDA:194,19,0,2
BRDA:194,19,1,2
BRDA:218,20,0,3
BRDA:218,20,1,0
BRDA:221,21,0,3
BRDA:221,21,1,0
BRDA:227,22,0,5
BRDA:227,22,1,4
BRDA:230,23,0,5
BRDA:230,23,1,0
BRDA:275,24,0,16
BRDA:275,24,1,87
BRDA:275,25,0,103
BRDA:275,25,1,20
BRDA:281,26,0,64
BRDA:281,26,1,39
BRDA:281,27,0,103
BRDA:281,27,1,68
BRDA:282,28,0,0
BRDA:282,28,1,103
BRDA:282,29,0,103
BRDA:282,29,1,68
BRDA:283,30,0,103
BRDA:283,30,1,68
BRDA:283,30,2,97
BRDA:284,31,0,103
BRDA:284,31,1,68
BRDA:284,31,2,96
BRDA:286,32,0,0
BRDA:286,32,1,103
BRDA:291,33,0,33
BRDA:291,33,1,70
BRDA:300,34,0,12
BRDA:300,34,1,57
BRDA:301,35,0,12
BRDA:301,35,1,12
BRDA:306,36,0,70
BRDA:306,36,1,42
BRDA:324,37,0,21
BRDA:324,37,1,69
BRDA:335,38,0,48
BRDA:335,38,1,21
BRDA:381,39,0,3
BRDA:381,39,1,214
BRDA:383,40,0,3
BRDA:383,40,1,0
BRDA:394,41,0,217
BRDA:394,41,1,5
BRDA:394,41,2,212
BRDA:399,42,0,1
BRDA:399,42,1,216
BRDA:400,43,0,1
BRDA:400,43,1,0
BRDA:400,44,0,1
BRDA:400,44,1,1
BRDA:407,45,0,1
BRDA:407,45,1,0
BRDA:409,46,0,8
BRDA:409,46,1,208
BRDA:409,47,0,216
BRDA:409,47,1,8
BRDA:418,48,0,8
BRDA:418,48,1,208
BRDA:420,49,0,8
BRDA:420,49,1,8
BRDA:477,50,0,14
BRDA:477,50,1,7
BRDA:477,50,2,14
BRDA:479,51,0,14
BRDA:479,51,1,2
BRDA:481,52,0,2
BRDA:481,52,1,2
BRDA:481,53,0,4
BRDA:481,53,1,2
BRDA:490,54,0,14
BRDA:490,54,1,0
BRDA:492,55,0,14
BRDA:492,55,1,0
BRDA:500,56,0,14
BRDA:500,56,1,14
BRDA:513,57,0,2
BRDA:513,57,1,1
BRDA:513,58,0,3
BRDA:513,58,1,2
BRDA:518,59,0,3
BRDA:518,59,1,1
BRDA:518,59,2,3
BRDA:522,60,0,2
BRDA:522,60,1,4
BRDA:522,61,0,6
BRDA:522,61,1,2
BRDA:538,62,0,1
BRDA:538,62,1,2
BRDA:538,63,0,3
BRDA:538,63,1,1
BRDA:543,64,0,3
BRDA:543,64,1,1
BRDA:543,64,2,3
BRDA:547,65,0,2
BRDA:547,65,1,4
BRDA:547,66,0,6
BRDA:547,66,1,2
BRDA:566,67,0,1
BRDA:566,67,1,2
BRDA:566,68,0,3
BRDA:566,68,1,1
BRDA:571,69,0,3
BRDA:571,69,1,1
BRDA:571,69,2,3
BRDA:575,70,0,2
BRDA:575,70,1,4
BRDA:575,71,0,6
BRDA:575,71,1,2
BRDA:615,72,0,97
BRDA:615,72,1,90
BRDA:616,73,0,79
BRDA:616,73,1,18
BRDA:616,74,0,97
BRDA:616,74,1,97
BRDA:617,75,0,97
BRDA:617,75,1,76
BRDA:628,76,0,39
BRDA:628,76,1,97
BRDA:635,77,0,26
BRDA:635,77,1,109
BRDA:635,78,0,135
BRDA:635,78,1,110
BRDA:653,79,0,10
BRDA:653,79,1,3
BRDA:659,80,0,10
BRDA:659,80,1,10
BRDA:672,81,0,39
BRDA:672,81,1,160
BRDA:681,82,0,82
BRDA:681,82,1,82
BRDA:686,83,0,0
BRDA:686,83,1,7
BRDA:696,84,0,7
BRDA:696,84,1,4
BRDA:700,85,0,7
BRDA:700,85,1,128
BRDA:709,86,0,11
BRDA:709,86,1,117
BRDA:713,87,0,8
BRDA:713,87,1,3
BRDA:716,88,0,0
BRDA:716,88,1,8
BRDA:733,89,0,16
BRDA:733,89,1,101
BRDA:743,90,0,17
BRDA:743,90,1,100
BRDA:751,91,0,1
BRDA:751,91,1,9
BRDA:761,92,0,0
BRDA:761,92,1,0
BRDA:772,93,0,6
BRDA:772,93,1,94
BRDA:777,94,0,94
BRDA:777,94,1,0
BRDA:777,95,0,94
BRDA:777,95,1,94
BRDA:807,96,0,25
BRDA:807,96,1,21
BRDA:809,97,0,4
BRDA:809,97,1,21
BRDA:811,98,0,4
BRDA:811,98,1,0
BRDA:820,99,0,0
BRDA:820,99,1,4
BRDA:831,100,0,25
BRDA:831,100,1,24
BRDA:835,101,0,11
BRDA:835,101,1,14
BRDA:839,102,0,6
BRDA:839,102,1,25
BRDA:839,103,0,31
BRDA:839,103,1,31
BRDA:843,104,0,2
BRDA:843,104,1,23
BRDA:847,105,0,3
BRDA:847,105,1,20
BRDA:848,106,0,3
BRDA:848,106,1,0
BRF:221
BRH:198
end_of_record
TN:
SF:/Users/allen/Projects/github/essencejs/src/parser.js
FN:17,getArgs
FN:31,(anonymous_2)
FNF:2
FNH:2
FNDA:114,getArgs
FNDA:137,(anonymous_2)
DA:8,1
DA:17,1
DA:18,114
DA:19,5
DA:20,1
DA:23,4
DA:24,109
DA:25,109
DA:27,109
DA:32,137
DA:33,103
DA:35,137
DA:38,0
DA:46,1
LF:14
LH:13
BRDA:18,1,0,5
BRDA:18,1,1,109
BRDA:18,2,0,114
BRDA:18,2,1,114
BRDA:19,3,0,1
BRDA:19,3,1,4
BRDA:19,4,0,5
BRDA:19,4,1,5
BRDA:24,5,0,109
BRDA:24,5,1,0
BRDA:32,6,0,103
BRDA:32,6,1,34
BRF:12
BRH:11
end_of_record
